INFO 2025-07-20 00:25:26,466 autoreload 10132 18872 Watching for file changes with StatReloader
INFO 2025-07-20 00:25:47,106 autoreload 30800 35636 Watching for file changes with StatReloader
INFO 2025-07-20 00:26:12,773 autoreload 30800 35636 C:\Users\andre\Documents\Github_Projects\Metrilabs-metribooks\backend\authentication\admin.py changed, reloading.
INFO 2025-07-20 00:26:13,315 autoreload 16096 34464 Watching for file changes with StatReloader
INFO 2025-07-20 00:45:15,164 autoreload 16096 34464 C:\Users\andre\Documents\Github_Projects\Metrilabs-metribooks\backend\authentication\views.py changed, reloading.
INFO 2025-07-20 00:45:15,702 autoreload 35372 5556 Watching for file changes with StatReloader
INFO 2025-07-20 00:45:41,771 autoreload 35372 5556 C:\Users\andre\Documents\Github_Projects\Metrilabs-metribooks\backend\authentication\views.py changed, reloading.
INFO 2025-07-20 00:45:42,588 autoreload 19484 31528 Watching for file changes with StatReloader
INFO 2025-07-20 00:50:38,484 autoreload 5040 18464 Watching for file changes with StatReloader
INFO 2025-07-20 00:51:30,037 autoreload 5040 18464 C:\Users\andre\Documents\Github_Projects\Metrilabs-metribooks\backend\authentication\apps.py changed, reloading.
INFO 2025-07-20 00:51:30,549 autoreload 23468 33340 Watching for file changes with StatReloader
INFO 2025-07-20 00:52:53,583 autoreload 23468 33340 C:\Users\andre\Documents\Github_Projects\Metrilabs-metribooks\backend\authentication\admin.py changed, reloading.
INFO 2025-07-20 00:52:54,162 autoreload 20276 35328 Watching for file changes with StatReloader
INFO 2025-07-20 00:53:10,737 basehttp 20276 28636 "GET /admin/authentication/customuser/ HTTP/1.1" 200 18837
INFO 2025-07-20 00:53:10,784 basehttp 20276 28636 "GET /admin/jsi18n/ HTTP/1.1" 200 3342
INFO 2025-07-20 00:53:13,213 basehttp 20276 28636 "GET /admin/django_db_logger/statuslog/ HTTP/1.1" 200 22621
INFO 2025-07-20 00:53:13,247 basehttp 20276 28636 "GET /admin/jsi18n/ HTTP/1.1" 200 3342
INFO 2025-07-20 00:53:26,774 autoreload 25832 23228 Watching for file changes with StatReloader
WARNING 2025-07-20 00:53:38,685 views 25832 24652 Failed registration attempt from IP: 127.0.0.1, errors: {'phone': [ErrorDetail(string='custom user with this phone already exists.', code='unique')]}
WARNING 2025-07-20 00:53:38,691 log 25832 24652 Bad Request: /api/auth/register/
WARNING 2025-07-20 00:53:38,695 basehttp 25832 24652 "POST /api/auth/register/ HTTP/1.1" 400 57
WARNING 2025-07-20 00:53:38,700 views 25832 22460 Failed login attempt for: test@example.com from IP: 127.0.0.1, errors: {'non_field_errors': [ErrorDetail(string='Invalid credentials.', code='invalid')]}
WARNING 2025-07-20 00:53:38,703 log 25832 22460 Bad Request: /api/auth/login/
WARNING 2025-07-20 00:53:38,707 basehttp 25832 22460 "POST /api/auth/login/ HTTP/1.1" 400 45
INFO 2025-07-20 00:54:06,072 basehttp 25832 35836 "GET /admin/django_db_logger/statuslog/ HTTP/1.1" 200 28215
INFO 2025-07-20 00:54:06,104 basehttp 25832 35836 "GET /admin/jsi18n/ HTTP/1.1" 200 3342
INFO 2025-07-20 00:54:32,004 views 25832 28972 New user registered: user1823@example.com from IP: 127.0.0.1
INFO 2025-07-20 00:54:32,008 basehttp 25832 28972 "POST /api/auth/register/ HTTP/1.1" 201 737
WARNING 2025-07-20 00:54:32,014 views 25832 30772 Failed login attempt for: nonexistent@example.com from IP: 127.0.0.1, errors: {'non_field_errors': [ErrorDetail(string='Invalid credentials.', code='invalid')]}
WARNING 2025-07-20 00:54:32,017 log 25832 30772 Bad Request: /api/auth/login/
WARNING 2025-07-20 00:54:32,020 basehttp 25832 30772 "POST /api/auth/login/ HTTP/1.1" 400 45
INFO 2025-07-20 00:54:32,026 basehttp 25832 22328 "POST /api/auth/reset-password/ HTTP/1.1" 200 119
INFO 2025-07-20 00:54:32,132 basehttp 25832 35360 "POST /api/auth/reset-password/ HTTP/1.1" 200 119
INFO 2025-07-20 00:54:32,242 basehttp 25832 23136 "POST /api/auth/reset-password/ HTTP/1.1" 200 120
WARNING 2025-07-20 00:54:32,345 views 25832 35732 Password reset rate limit exceeded from IP: 127.0.0.1
WARNING 2025-07-20 00:54:32,350 log 25832 35732 Too Many Requests: /api/auth/reset-password/
WARNING 2025-07-20 00:54:32,354 basehttp 25832 35732 "POST /api/auth/reset-password/ HTTP/1.1" 429 148
INFO 2025-07-20 00:54:39,474 basehttp 25832 35836 "GET /admin/django_db_logger/statuslog/ HTTP/1.1" 200 35706
INFO 2025-07-20 00:54:39,508 basehttp 25832 35836 "GET /admin/jsi18n/ HTTP/1.1" 200 3342
INFO 2025-07-20 01:07:02,659 basehttp 25832 11536 "GET /admin/?id=d2e150dd-8a26-401b-8806-8daed5cad6c0&vscodeBrowserReqId=1752966422651 HTTP/1.1" 302 0
INFO 2025-07-20 01:07:02,676 basehttp 25832 11536 "GET /admin/login/?next=/admin/%3Fid%3Dd2e150dd-8a26-401b-8806-8daed5cad6c0%26vscodeBrowserReqId%3D1752966422651 HTTP/1.1" 200 4328
INFO 2025-07-21 19:47:12,104 autoreload 11460 16984 Watching for file changes with StatReloader
INFO 2025-07-21 19:47:17,801 basehttp 11460 24504 "GET /admin/ HTTP/1.1" 302 0
INFO 2025-07-21 19:47:17,861 basehttp 11460 24504 "GET /admin/login/?next=/admin/ HTTP/1.1" 200 4170
INFO 2025-07-21 19:47:17,910 basehttp 11460 24504 "GET /static/admin/css/base.css HTTP/1.1" 304 0
INFO 2025-07-21 19:47:17,910 basehttp 11460 18272 "GET /static/admin/css/dark_mode.css HTTP/1.1" 304 0
INFO 2025-07-21 19:47:17,912 basehttp 11460 16924 "GET /static/admin/js/theme.js HTTP/1.1" 304 0
INFO 2025-07-21 19:47:17,963 basehttp 11460 16924 "GET /static/admin/css/nav_sidebar.css HTTP/1.1" 304 0
INFO 2025-07-21 19:47:17,965 basehttp 11460 18272 "GET /static/admin/css/responsive.css HTTP/1.1" 304 0
INFO 2025-07-21 19:47:17,975 basehttp 11460 16924 "GET /static/admin/css/login.css HTTP/1.1" 304 0
INFO 2025-07-21 19:47:17,984 basehttp 11460 18272 "GET /static/admin/js/nav_sidebar.js HTTP/1.1" 304 0
WARNING 2025-07-21 19:47:19,077 log 11460 18272 Not Found: /favicon.ico
WARNING 2025-07-21 19:47:19,085 basehttp 11460 18272 "GET /favicon.ico HTTP/1.1" 404 2361
INFO 2025-07-21 19:47:23,391 basehttp 11460 18272 "POST /admin/login/?next=/admin/ HTTP/1.1" 200 4345
INFO 2025-07-21 19:47:30,329 basehttp 11460 18272 "POST /admin/login/?next=/admin/ HTTP/1.1" 200 4345
INFO 2025-07-21 19:48:10,683 basehttp 11460 18272 "POST /admin/login/?next=/admin/ HTTP/1.1" 302 0
INFO 2025-07-21 19:48:10,711 basehttp 11460 18272 "GET /admin/ HTTP/1.1" 200 9558
INFO 2025-07-21 19:48:10,752 basehttp 11460 18272 "GET /static/admin/css/dashboard.css HTTP/1.1" 304 0
INFO 2025-07-21 19:48:10,770 basehttp 11460 16924 "GET /static/admin/img/icon-changelink.svg HTTP/1.1" 304 0
INFO 2025-07-21 19:48:10,771 basehttp 11460 18272 "GET /static/admin/img/icon-addlink.svg HTTP/1.1" 304 0
INFO 2025-07-21 19:48:10,771 basehttp 11460 24504 "GET /static/admin/img/icon-viewlink.svg HTTP/1.1" 304 0
INFO 2025-07-21 19:48:12,800 basehttp 11460 24504 "GET /admin/authentication/customuser/ HTTP/1.1" 200 20117
INFO 2025-07-21 19:48:12,848 basehttp 11460 24504 "GET /static/admin/css/changelists.css HTTP/1.1" 304 0
INFO 2025-07-21 19:48:12,853 basehttp 11460 16924 "GET /static/admin/js/vendor/jquery/jquery.js HTTP/1.1" 304 0
INFO 2025-07-21 19:48:12,853 basehttp 11460 15812 "GET /static/admin/js/jquery.init.js HTTP/1.1" 304 0
INFO 2025-07-21 19:48:12,854 basehttp 11460 20904 "GET /static/admin/js/core.js HTTP/1.1" 304 0
INFO 2025-07-21 19:48:12,857 basehttp 11460 32180 "GET /static/admin/js/admin/RelatedObjectLookups.js HTTP/1.1" 304 0
INFO 2025-07-21 19:48:12,864 basehttp 11460 18272 "GET /admin/jsi18n/ HTTP/1.1" 200 3342
INFO 2025-07-21 19:48:12,865 basehttp 11460 24504 "GET /static/admin/js/actions.js HTTP/1.1" 304 0
INFO 2025-07-21 19:48:12,871 basehttp 11460 16924 "GET /static/admin/js/vendor/xregexp/xregexp.js HTTP/1.1" 304 0
INFO 2025-07-21 19:48:12,878 basehttp 11460 15812 "GET /static/admin/js/urlify.js HTTP/1.1" 304 0
INFO 2025-07-21 19:48:12,883 basehttp 11460 20904 "GET /static/admin/js/prepopulate.js HTTP/1.1" 304 0
INFO 2025-07-21 19:48:12,892 basehttp 11460 32180 "GET /static/admin/img/search.svg HTTP/1.1" 304 0
INFO 2025-07-21 19:48:12,897 basehttp 11460 18272 "GET /static/admin/img/icon-yes.svg HTTP/1.1" 304 0
INFO 2025-07-21 19:48:12,917 basehttp 11460 15812 "GET /static/admin/img/sorting-icons.svg HTTP/1.1" 304 0
INFO 2025-07-21 19:48:12,924 basehttp 11460 20904 "GET /static/admin/img/tooltag-add.svg HTTP/1.1" 304 0
INFO 2025-07-21 19:48:12,931 basehttp 11460 32180 "GET /static/admin/img/icon-no.svg HTTP/1.1" 304 0
INFO 2025-07-21 19:48:12,940 basehttp 11460 18272 "GET /static/admin/js/filters.js HTTP/1.1" 304 0
INFO 2025-07-21 19:48:23,975 basehttp 11460 18272 "POST /admin/authentication/customuser/ HTTP/1.1" 200 11366
INFO 2025-07-21 19:48:24,001 basehttp 11460 18272 "GET /static/admin/js/cancel.js HTTP/1.1" 304 0
INFO 2025-07-21 19:48:25,083 basehttp 11460 18272 "POST /admin/authentication/customuser/ HTTP/1.1" 302 0
INFO 2025-07-21 19:48:25,106 basehttp 11460 18272 "GET /admin/authentication/customuser/ HTTP/1.1" 200 15731
INFO 2025-07-21 19:48:25,135 basehttp 11460 18272 "GET /admin/jsi18n/ HTTP/1.1" 200 3342
INFO 2025-07-21 19:49:45,035 autoreload 11460 16984 C:\Users\andre\Documents\Github_Projects\Metrilabs-metribooks\backend\authentication\models.py changed, reloading.
INFO 2025-07-21 19:49:45,816 autoreload 18968 30376 Watching for file changes with StatReloader
INFO 2025-07-21 19:50:22,721 autoreload 18968 30376 C:\Users\andre\Documents\Github_Projects\Metrilabs-metribooks\backend\authentication\models.py changed, reloading.
INFO 2025-07-21 19:50:23,523 autoreload 32752 20344 Watching for file changes with StatReloader
INFO 2025-07-21 19:50:29,357 basehttp 32752 31732 "GET /admin/authentication/customuser/ HTTP/1.1" 200 15540
INFO 2025-07-21 19:50:29,412 basehttp 32752 31732 "GET /admin/jsi18n/ HTTP/1.1" 200 3342
ERROR 2025-07-21 19:50:50,693 log 32752 31732 Internal Server Error: /admin/authentication/customuser/15/change/
Traceback (most recent call last):
  File "C:\Users\andre\Documents\Github_Projects\Metrilabs-metribooks\venv\Lib\site-packages\django\contrib\admin\options.py", line 840, in get_form
    return modelform_factory(self.model, **defaults)
  File "C:\Users\andre\Documents\Github_Projects\Metrilabs-metribooks\venv\Lib\site-packages\django\forms\models.py", line 654, in modelform_factory
    return type(form)(class_name, (form,), form_class_attrs)
           ~~~~~~~~~~^^^^^^^^^^^^^^^^^^^^^^^^^^^^^^^^^^^^^^^
  File "C:\Users\andre\Documents\Github_Projects\Metrilabs-metribooks\venv\Lib\site-packages\django\forms\models.py", line 312, in __new__
    fields = fields_for_model(
        opts.model,
    ...<11 lines>...
        form_declared_fields=new_class.declared_fields,
    )
  File "C:\Users\andre\Documents\Github_Projects\Metrilabs-metribooks\venv\Lib\site-packages\django\forms\models.py", line 207, in fields_for_model
    raise FieldError(
    ...<2 lines>...
    )
django.core.exceptions.FieldError: 'date_joined' cannot be specified for CustomUser model form as it is a non-editable field

During handling of the above exception, another exception occurred:

Traceback (most recent call last):
  File "C:\Users\andre\Documents\Github_Projects\Metrilabs-metribooks\venv\Lib\site-packages\django\core\handlers\exception.py", line 55, in inner
    response = get_response(request)
  File "C:\Users\andre\Documents\Github_Projects\Metrilabs-metribooks\venv\Lib\site-packages\django\core\handlers\base.py", line 197, in _get_response
    response = wrapped_callback(request, *callback_args, **callback_kwargs)
  File "C:\Users\andre\Documents\Github_Projects\Metrilabs-metribooks\venv\Lib\site-packages\django\contrib\admin\options.py", line 719, in wrapper
    return self.admin_site.admin_view(view)(*args, **kwargs)
           ~~~~~~~~~~~~~~~~~~~~~~~~~~~~~~~~^^^^^^^^^^^^^^^^^
  File "C:\Users\andre\Documents\Github_Projects\Metrilabs-metribooks\venv\Lib\site-packages\django\utils\decorators.py", line 192, in _view_wrapper
    result = _process_exception(request, e)
  File "C:\Users\andre\Documents\Github_Projects\Metrilabs-metribooks\venv\Lib\site-packages\django\utils\decorators.py", line 190, in _view_wrapper
    response = view_func(request, *args, **kwargs)
  File "C:\Users\andre\Documents\Github_Projects\Metrilabs-metribooks\venv\Lib\site-packages\django\views\decorators\cache.py", line 80, in _view_wrapper
    response = view_func(request, *args, **kwargs)
  File "C:\Users\andre\Documents\Github_Projects\Metrilabs-metribooks\venv\Lib\site-packages\django\contrib\admin\sites.py", line 246, in inner
    return view(request, *args, **kwargs)
  File "C:\Users\andre\Documents\Github_Projects\Metrilabs-metribooks\venv\Lib\site-packages\django\contrib\admin\options.py", line 1987, in change_view
    return self.changeform_view(request, object_id, form_url, extra_context)
           ~~~~~~~~~~~~~~~~~~~~^^^^^^^^^^^^^^^^^^^^^^^^^^^^^^^^^^^^^^^^^^^^^
  File "C:\Users\andre\Documents\Github_Projects\Metrilabs-metribooks\venv\Lib\site-packages\django\utils\decorators.py", line 48, in _wrapper
    return bound_method(*args, **kwargs)
  File "C:\Users\andre\Documents\Github_Projects\Metrilabs-metribooks\venv\Lib\site-packages\django\utils\decorators.py", line 192, in _view_wrapper
    result = _process_exception(request, e)
  File "C:\Users\andre\Documents\Github_Projects\Metrilabs-metribooks\venv\Lib\site-packages\django\utils\decorators.py", line 190, in _view_wrapper
    response = view_func(request, *args, **kwargs)
  File "C:\Users\andre\Documents\Github_Projects\Metrilabs-metribooks\venv\Lib\site-packages\django\contrib\admin\options.py", line 1840, in changeform_view
    return self._changeform_view(request, object_id, form_url, extra_context)
           ~~~~~~~~~~~~~~~~~~~~~^^^^^^^^^^^^^^^^^^^^^^^^^^^^^^^^^^^^^^^^^^^^^
  File "C:\Users\andre\Documents\Github_Projects\Metrilabs-metribooks\venv\Lib\site-packages\django\contrib\admin\options.py", line 1878, in _changeform_view
    ModelForm = self.get_form(
        request, obj, change=not add, fields=flatten_fieldsets(fieldsets)
    )
  File "C:\Users\andre\Documents\Github_Projects\Metrilabs-metribooks\venv\Lib\site-packages\django\contrib\auth\admin.py", line 98, in get_form
    return super().get_form(request, obj, **defaults)
           ~~~~~~~~~~~~~~~~^^^^^^^^^^^^^^^^^^^^^^^^^^
  File "C:\Users\andre\Documents\Github_Projects\Metrilabs-metribooks\venv\Lib\site-packages\django\contrib\admin\options.py", line 842, in get_form
    raise FieldError(
    ...<2 lines>...
    )
django.core.exceptions.FieldError: 'date_joined' cannot be specified for CustomUser model form as it is a non-editable field. Check fields/fieldsets/exclude attributes of class CustomUserAdmin.
ERROR 2025-07-21 19:50:50,710 basehttp 32752 31732 "GET /admin/authentication/customuser/15/change/ HTTP/1.1" 500 171055
INFO 2025-07-21 19:50:52,431 basehttp 32752 31732 "GET /admin/authentication/customuser/ HTTP/1.1" 200 15540
ERROR 2025-07-21 19:50:53,415 log 32752 31732 Internal Server Error: /admin/authentication/customuser/1/change/
Traceback (most recent call last):
  File "C:\Users\andre\Documents\Github_Projects\Metrilabs-metribooks\venv\Lib\site-packages\django\contrib\admin\options.py", line 840, in get_form
    return modelform_factory(self.model, **defaults)
  File "C:\Users\andre\Documents\Github_Projects\Metrilabs-metribooks\venv\Lib\site-packages\django\forms\models.py", line 654, in modelform_factory
    return type(form)(class_name, (form,), form_class_attrs)
           ~~~~~~~~~~^^^^^^^^^^^^^^^^^^^^^^^^^^^^^^^^^^^^^^^
  File "C:\Users\andre\Documents\Github_Projects\Metrilabs-metribooks\venv\Lib\site-packages\django\forms\models.py", line 312, in __new__
    fields = fields_for_model(
        opts.model,
    ...<11 lines>...
        form_declared_fields=new_class.declared_fields,
    )
  File "C:\Users\andre\Documents\Github_Projects\Metrilabs-metribooks\venv\Lib\site-packages\django\forms\models.py", line 207, in fields_for_model
    raise FieldError(
    ...<2 lines>...
    )
django.core.exceptions.FieldError: 'date_joined' cannot be specified for CustomUser model form as it is a non-editable field

During handling of the above exception, another exception occurred:

Traceback (most recent call last):
  File "C:\Users\andre\Documents\Github_Projects\Metrilabs-metribooks\venv\Lib\site-packages\django\core\handlers\exception.py", line 55, in inner
    response = get_response(request)
  File "C:\Users\andre\Documents\Github_Projects\Metrilabs-metribooks\venv\Lib\site-packages\django\core\handlers\base.py", line 197, in _get_response
    response = wrapped_callback(request, *callback_args, **callback_kwargs)
  File "C:\Users\andre\Documents\Github_Projects\Metrilabs-metribooks\venv\Lib\site-packages\django\contrib\admin\options.py", line 719, in wrapper
    return self.admin_site.admin_view(view)(*args, **kwargs)
           ~~~~~~~~~~~~~~~~~~~~~~~~~~~~~~~~^^^^^^^^^^^^^^^^^
  File "C:\Users\andre\Documents\Github_Projects\Metrilabs-metribooks\venv\Lib\site-packages\django\utils\decorators.py", line 192, in _view_wrapper
    result = _process_exception(request, e)
  File "C:\Users\andre\Documents\Github_Projects\Metrilabs-metribooks\venv\Lib\site-packages\django\utils\decorators.py", line 190, in _view_wrapper
    response = view_func(request, *args, **kwargs)
  File "C:\Users\andre\Documents\Github_Projects\Metrilabs-metribooks\venv\Lib\site-packages\django\views\decorators\cache.py", line 80, in _view_wrapper
    response = view_func(request, *args, **kwargs)
  File "C:\Users\andre\Documents\Github_Projects\Metrilabs-metribooks\venv\Lib\site-packages\django\contrib\admin\sites.py", line 246, in inner
    return view(request, *args, **kwargs)
  File "C:\Users\andre\Documents\Github_Projects\Metrilabs-metribooks\venv\Lib\site-packages\django\contrib\admin\options.py", line 1987, in change_view
    return self.changeform_view(request, object_id, form_url, extra_context)
           ~~~~~~~~~~~~~~~~~~~~^^^^^^^^^^^^^^^^^^^^^^^^^^^^^^^^^^^^^^^^^^^^^
  File "C:\Users\andre\Documents\Github_Projects\Metrilabs-metribooks\venv\Lib\site-packages\django\utils\decorators.py", line 48, in _wrapper
    return bound_method(*args, **kwargs)
  File "C:\Users\andre\Documents\Github_Projects\Metrilabs-metribooks\venv\Lib\site-packages\django\utils\decorators.py", line 192, in _view_wrapper
    result = _process_exception(request, e)
  File "C:\Users\andre\Documents\Github_Projects\Metrilabs-metribooks\venv\Lib\site-packages\django\utils\decorators.py", line 190, in _view_wrapper
    response = view_func(request, *args, **kwargs)
  File "C:\Users\andre\Documents\Github_Projects\Metrilabs-metribooks\venv\Lib\site-packages\django\contrib\admin\options.py", line 1840, in changeform_view
    return self._changeform_view(request, object_id, form_url, extra_context)
           ~~~~~~~~~~~~~~~~~~~~~^^^^^^^^^^^^^^^^^^^^^^^^^^^^^^^^^^^^^^^^^^^^^
  File "C:\Users\andre\Documents\Github_Projects\Metrilabs-metribooks\venv\Lib\site-packages\django\contrib\admin\options.py", line 1878, in _changeform_view
    ModelForm = self.get_form(
        request, obj, change=not add, fields=flatten_fieldsets(fieldsets)
    )
  File "C:\Users\andre\Documents\Github_Projects\Metrilabs-metribooks\venv\Lib\site-packages\django\contrib\auth\admin.py", line 98, in get_form
    return super().get_form(request, obj, **defaults)
           ~~~~~~~~~~~~~~~~^^^^^^^^^^^^^^^^^^^^^^^^^^
  File "C:\Users\andre\Documents\Github_Projects\Metrilabs-metribooks\venv\Lib\site-packages\django\contrib\admin\options.py", line 842, in get_form
    raise FieldError(
    ...<2 lines>...
    )
django.core.exceptions.FieldError: 'date_joined' cannot be specified for CustomUser model form as it is a non-editable field. Check fields/fieldsets/exclude attributes of class CustomUserAdmin.
ERROR 2025-07-21 19:50:53,445 basehttp 32752 31732 "GET /admin/authentication/customuser/1/change/ HTTP/1.1" 500 171017
INFO 2025-07-21 19:50:58,082 basehttp 32752 31732 "GET /admin/authentication/customuser/ HTTP/1.1" 200 15540
INFO 2025-07-21 19:51:23,096 autoreload 12248 4468 Watching for file changes with StatReloader
INFO 2025-07-21 19:51:47,452 basehttp 12248 22816 "POST /admin/logout/ HTTP/1.1" 200 3568
INFO 2025-07-21 19:51:48,699 basehttp 12248 22816 "GET /admin/ HTTP/1.1" 302 0
INFO 2025-07-21 19:51:48,725 basehttp 12248 22816 "GET /admin/login/?next=/admin/ HTTP/1.1" 200 4170
INFO 2025-07-21 19:51:57,583 basehttp 12248 22816 "POST /admin/login/?next=/admin/ HTTP/1.1" 302 0
INFO 2025-07-21 19:51:57,605 basehttp 12248 22816 "GET /admin/ HTTP/1.1" 200 9551
INFO 2025-07-21 19:51:59,558 basehttp 12248 22816 "GET /admin/authentication/customuser/ HTTP/1.1" 200 16167
INFO 2025-07-21 19:51:59,600 basehttp 12248 22816 "GET /admin/jsi18n/ HTTP/1.1" 200 3342
ERROR 2025-07-21 19:52:00,821 log 12248 22816 Internal Server Error: /admin/authentication/customuser/16/change/
Traceback (most recent call last):
  File "C:\Users\andre\Documents\Github_Projects\Metrilabs-metribooks\venv\Lib\site-packages\django\contrib\admin\options.py", line 840, in get_form
    return modelform_factory(self.model, **defaults)
  File "C:\Users\andre\Documents\Github_Projects\Metrilabs-metribooks\venv\Lib\site-packages\django\forms\models.py", line 654, in modelform_factory
    return type(form)(class_name, (form,), form_class_attrs)
           ~~~~~~~~~~^^^^^^^^^^^^^^^^^^^^^^^^^^^^^^^^^^^^^^^
  File "C:\Users\andre\Documents\Github_Projects\Metrilabs-metribooks\venv\Lib\site-packages\django\forms\models.py", line 312, in __new__
    fields = fields_for_model(
        opts.model,
    ...<11 lines>...
        form_declared_fields=new_class.declared_fields,
    )
  File "C:\Users\andre\Documents\Github_Projects\Metrilabs-metribooks\venv\Lib\site-packages\django\forms\models.py", line 207, in fields_for_model
    raise FieldError(
    ...<2 lines>...
    )
django.core.exceptions.FieldError: 'date_joined' cannot be specified for CustomUser model form as it is a non-editable field

During handling of the above exception, another exception occurred:

Traceback (most recent call last):
  File "C:\Users\andre\Documents\Github_Projects\Metrilabs-metribooks\venv\Lib\site-packages\django\core\handlers\exception.py", line 55, in inner
    response = get_response(request)
  File "C:\Users\andre\Documents\Github_Projects\Metrilabs-metribooks\venv\Lib\site-packages\django\core\handlers\base.py", line 197, in _get_response
    response = wrapped_callback(request, *callback_args, **callback_kwargs)
  File "C:\Users\andre\Documents\Github_Projects\Metrilabs-metribooks\venv\Lib\site-packages\django\contrib\admin\options.py", line 719, in wrapper
    return self.admin_site.admin_view(view)(*args, **kwargs)
           ~~~~~~~~~~~~~~~~~~~~~~~~~~~~~~~~^^^^^^^^^^^^^^^^^
  File "C:\Users\andre\Documents\Github_Projects\Metrilabs-metribooks\venv\Lib\site-packages\django\utils\decorators.py", line 192, in _view_wrapper
    result = _process_exception(request, e)
  File "C:\Users\andre\Documents\Github_Projects\Metrilabs-metribooks\venv\Lib\site-packages\django\utils\decorators.py", line 190, in _view_wrapper
    response = view_func(request, *args, **kwargs)
  File "C:\Users\andre\Documents\Github_Projects\Metrilabs-metribooks\venv\Lib\site-packages\django\views\decorators\cache.py", line 80, in _view_wrapper
    response = view_func(request, *args, **kwargs)
  File "C:\Users\andre\Documents\Github_Projects\Metrilabs-metribooks\venv\Lib\site-packages\django\contrib\admin\sites.py", line 246, in inner
    return view(request, *args, **kwargs)
  File "C:\Users\andre\Documents\Github_Projects\Metrilabs-metribooks\venv\Lib\site-packages\django\contrib\admin\options.py", line 1987, in change_view
    return self.changeform_view(request, object_id, form_url, extra_context)
           ~~~~~~~~~~~~~~~~~~~~^^^^^^^^^^^^^^^^^^^^^^^^^^^^^^^^^^^^^^^^^^^^^
  File "C:\Users\andre\Documents\Github_Projects\Metrilabs-metribooks\venv\Lib\site-packages\django\utils\decorators.py", line 48, in _wrapper
    return bound_method(*args, **kwargs)
  File "C:\Users\andre\Documents\Github_Projects\Metrilabs-metribooks\venv\Lib\site-packages\django\utils\decorators.py", line 192, in _view_wrapper
    result = _process_exception(request, e)
  File "C:\Users\andre\Documents\Github_Projects\Metrilabs-metribooks\venv\Lib\site-packages\django\utils\decorators.py", line 190, in _view_wrapper
    response = view_func(request, *args, **kwargs)
  File "C:\Users\andre\Documents\Github_Projects\Metrilabs-metribooks\venv\Lib\site-packages\django\contrib\admin\options.py", line 1840, in changeform_view
    return self._changeform_view(request, object_id, form_url, extra_context)
           ~~~~~~~~~~~~~~~~~~~~~^^^^^^^^^^^^^^^^^^^^^^^^^^^^^^^^^^^^^^^^^^^^^
  File "C:\Users\andre\Documents\Github_Projects\Metrilabs-metribooks\venv\Lib\site-packages\django\contrib\admin\options.py", line 1878, in _changeform_view
    ModelForm = self.get_form(
        request, obj, change=not add, fields=flatten_fieldsets(fieldsets)
    )
  File "C:\Users\andre\Documents\Github_Projects\Metrilabs-metribooks\venv\Lib\site-packages\django\contrib\auth\admin.py", line 98, in get_form
    return super().get_form(request, obj, **defaults)
           ~~~~~~~~~~~~~~~~^^^^^^^^^^^^^^^^^^^^^^^^^^
  File "C:\Users\andre\Documents\Github_Projects\Metrilabs-metribooks\venv\Lib\site-packages\django\contrib\admin\options.py", line 842, in get_form
    raise FieldError(
    ...<2 lines>...
    )
django.core.exceptions.FieldError: 'date_joined' cannot be specified for CustomUser model form as it is a non-editable field. Check fields/fieldsets/exclude attributes of class CustomUserAdmin.
ERROR 2025-07-21 19:52:00,843 basehttp 12248 22816 "GET /admin/authentication/customuser/16/change/ HTTP/1.1" 500 171055
INFO 2025-07-21 19:52:02,547 basehttp 12248 22816 "GET /admin/authentication/customuser/ HTTP/1.1" 200 16167
INFO 2025-07-21 19:52:07,800 basehttp 12248 22816 "POST /admin/authentication/customuser/ HTTP/1.1" 200 11329
INFO 2025-07-21 19:52:09,432 basehttp 12248 22816 "POST /admin/authentication/customuser/ HTTP/1.1" 302 0
INFO 2025-07-21 19:52:09,454 basehttp 12248 22816 "GET /admin/authentication/customuser/ HTTP/1.1" 200 15047
INFO 2025-07-21 19:52:09,491 basehttp 12248 22816 "GET /admin/jsi18n/ HTTP/1.1" 200 3342
ERROR 2025-07-21 19:52:10,441 log 12248 22816 Internal Server Error: /admin/authentication/customuser/16/change/
Traceback (most recent call last):
  File "C:\Users\andre\Documents\Github_Projects\Metrilabs-metribooks\venv\Lib\site-packages\django\contrib\admin\options.py", line 840, in get_form
    return modelform_factory(self.model, **defaults)
  File "C:\Users\andre\Documents\Github_Projects\Metrilabs-metribooks\venv\Lib\site-packages\django\forms\models.py", line 654, in modelform_factory
    return type(form)(class_name, (form,), form_class_attrs)
           ~~~~~~~~~~^^^^^^^^^^^^^^^^^^^^^^^^^^^^^^^^^^^^^^^
  File "C:\Users\andre\Documents\Github_Projects\Metrilabs-metribooks\venv\Lib\site-packages\django\forms\models.py", line 312, in __new__
    fields = fields_for_model(
        opts.model,
    ...<11 lines>...
        form_declared_fields=new_class.declared_fields,
    )
  File "C:\Users\andre\Documents\Github_Projects\Metrilabs-metribooks\venv\Lib\site-packages\django\forms\models.py", line 207, in fields_for_model
    raise FieldError(
    ...<2 lines>...
    )
django.core.exceptions.FieldError: 'date_joined' cannot be specified for CustomUser model form as it is a non-editable field

During handling of the above exception, another exception occurred:

Traceback (most recent call last):
  File "C:\Users\andre\Documents\Github_Projects\Metrilabs-metribooks\venv\Lib\site-packages\django\core\handlers\exception.py", line 55, in inner
    response = get_response(request)
  File "C:\Users\andre\Documents\Github_Projects\Metrilabs-metribooks\venv\Lib\site-packages\django\core\handlers\base.py", line 197, in _get_response
    response = wrapped_callback(request, *callback_args, **callback_kwargs)
  File "C:\Users\andre\Documents\Github_Projects\Metrilabs-metribooks\venv\Lib\site-packages\django\contrib\admin\options.py", line 719, in wrapper
    return self.admin_site.admin_view(view)(*args, **kwargs)
           ~~~~~~~~~~~~~~~~~~~~~~~~~~~~~~~~^^^^^^^^^^^^^^^^^
  File "C:\Users\andre\Documents\Github_Projects\Metrilabs-metribooks\venv\Lib\site-packages\django\utils\decorators.py", line 192, in _view_wrapper
    result = _process_exception(request, e)
  File "C:\Users\andre\Documents\Github_Projects\Metrilabs-metribooks\venv\Lib\site-packages\django\utils\decorators.py", line 190, in _view_wrapper
    response = view_func(request, *args, **kwargs)
  File "C:\Users\andre\Documents\Github_Projects\Metrilabs-metribooks\venv\Lib\site-packages\django\views\decorators\cache.py", line 80, in _view_wrapper
    response = view_func(request, *args, **kwargs)
  File "C:\Users\andre\Documents\Github_Projects\Metrilabs-metribooks\venv\Lib\site-packages\django\contrib\admin\sites.py", line 246, in inner
    return view(request, *args, **kwargs)
  File "C:\Users\andre\Documents\Github_Projects\Metrilabs-metribooks\venv\Lib\site-packages\django\contrib\admin\options.py", line 1987, in change_view
    return self.changeform_view(request, object_id, form_url, extra_context)
           ~~~~~~~~~~~~~~~~~~~~^^^^^^^^^^^^^^^^^^^^^^^^^^^^^^^^^^^^^^^^^^^^^
  File "C:\Users\andre\Documents\Github_Projects\Metrilabs-metribooks\venv\Lib\site-packages\django\utils\decorators.py", line 48, in _wrapper
    return bound_method(*args, **kwargs)
  File "C:\Users\andre\Documents\Github_Projects\Metrilabs-metribooks\venv\Lib\site-packages\django\utils\decorators.py", line 192, in _view_wrapper
    result = _process_exception(request, e)
  File "C:\Users\andre\Documents\Github_Projects\Metrilabs-metribooks\venv\Lib\site-packages\django\utils\decorators.py", line 190, in _view_wrapper
    response = view_func(request, *args, **kwargs)
  File "C:\Users\andre\Documents\Github_Projects\Metrilabs-metribooks\venv\Lib\site-packages\django\contrib\admin\options.py", line 1840, in changeform_view
    return self._changeform_view(request, object_id, form_url, extra_context)
           ~~~~~~~~~~~~~~~~~~~~~^^^^^^^^^^^^^^^^^^^^^^^^^^^^^^^^^^^^^^^^^^^^^
  File "C:\Users\andre\Documents\Github_Projects\Metrilabs-metribooks\venv\Lib\site-packages\django\contrib\admin\options.py", line 1878, in _changeform_view
    ModelForm = self.get_form(
        request, obj, change=not add, fields=flatten_fieldsets(fieldsets)
    )
  File "C:\Users\andre\Documents\Github_Projects\Metrilabs-metribooks\venv\Lib\site-packages\django\contrib\auth\admin.py", line 98, in get_form
    return super().get_form(request, obj, **defaults)
           ~~~~~~~~~~~~~~~~^^^^^^^^^^^^^^^^^^^^^^^^^^
  File "C:\Users\andre\Documents\Github_Projects\Metrilabs-metribooks\venv\Lib\site-packages\django\contrib\admin\options.py", line 842, in get_form
    raise FieldError(
    ...<2 lines>...
    )
django.core.exceptions.FieldError: 'date_joined' cannot be specified for CustomUser model form as it is a non-editable field. Check fields/fieldsets/exclude attributes of class CustomUserAdmin.
ERROR 2025-07-21 19:52:10,458 basehttp 12248 22816 "GET /admin/authentication/customuser/16/change/ HTTP/1.1" 500 171055
INFO 2025-07-21 19:52:50,790 autoreload 12248 4468 C:\Users\andre\Documents\Github_Projects\Metrilabs-metribooks\backend\authentication\admin.py changed, reloading.
INFO 2025-07-21 19:52:51,647 autoreload 27384 32344 Watching for file changes with StatReloader
INFO 2025-07-21 19:53:36,634 autoreload 27384 32344 C:\Users\andre\Documents\Github_Projects\Metrilabs-metribooks\backend\authentication\admin.py changed, reloading.
INFO 2025-07-21 19:53:37,465 autoreload 31588 6776 Watching for file changes with StatReloader
INFO 2025-07-21 19:53:39,031 basehttp 31588 3012 "GET /admin/authentication/customuser/16/change/ HTTP/1.1" 200 24955
INFO 2025-07-21 19:53:39,077 basehttp 31588 6992 "GET /admin/jsi18n/ HTTP/1.1" 200 3342
INFO 2025-07-21 19:53:39,162 basehttp 31588 3012 "GET /static/admin/css/forms.css HTTP/1.1" 200 8525
INFO 2025-07-21 19:53:39,170 basehttp 31588 3012 "GET /static/admin/css/widgets.css HTTP/1.1" 200 11991
INFO 2025-07-21 19:53:39,177 basehttp 31588 4372 "GET /static/admin/js/SelectBox.js HTTP/1.1" 200 4530
INFO 2025-07-21 19:53:39,180 basehttp 31588 8144 "GET /static/admin/js/SelectFilter2.js HTTP/1.1" 200 15845
INFO 2025-07-21 19:53:39,182 basehttp 31588 23096 "GET /static/admin/js/prepopulate_init.js HTTP/1.1" 200 586
INFO 2025-07-21 19:53:39,200 basehttp 31588 23096 "GET /static/admin/js/change_form.js HTTP/1.1" 200 606
INFO 2025-07-21 19:53:39,260 basehttp 31588 23096 "GET /static/admin/img/selector-icons.svg HTTP/1.1" 200 3291
INFO 2025-07-21 20:10:31,190 autoreload 31588 6776 C:\Users\andre\Documents\Github_Projects\Metrilabs-metribooks\backend\backend\settings.py changed, reloading.
INFO 2025-07-21 20:10:31,742 autoreload 22560 6492 Watching for file changes with StatReloader
INFO 2025-07-21 20:10:40,708 autoreload 22560 6492 C:\Users\andre\Documents\Github_Projects\Metrilabs-metribooks\backend\backend\urls.py changed, reloading.
INFO 2025-07-21 20:10:41,242 autoreload 20300 4400 Watching for file changes with StatReloader
INFO 2025-07-21 20:10:56,373 autoreload 20300 4400 C:\Users\andre\Documents\Github_Projects\Metrilabs-metribooks\backend\profiles\serializers.py changed, reloading.
INFO 2025-07-21 20:10:56,914 autoreload 14980 32660 Watching for file changes with StatReloader
INFO 2025-07-21 20:11:40,952 autoreload 14980 32660 C:\Users\andre\Documents\Github_Projects\Metrilabs-metribooks\backend\profiles\models.py changed, reloading.
INFO 2025-07-21 20:11:41,479 autoreload 19932 30608 Watching for file changes with StatReloader
INFO 2025-07-21 20:13:29,701 autoreload 19932 30608 C:\Users\andre\Documents\Github_Projects\Metrilabs-metribooks\backend\profiles\models.py changed, reloading.
INFO 2025-07-21 20:13:30,271 autoreload 30964 34512 Watching for file changes with StatReloader
INFO 2025-07-21 20:14:56,096 autoreload 30964 34512 C:\Users\andre\Documents\Github_Projects\Metrilabs-metribooks\backend\profiles\apps.py changed, reloading.
INFO 2025-07-21 20:14:56,671 autoreload 12920 30408 Watching for file changes with StatReloader
INFO 2025-07-21 20:16:09,066 autoreload 12920 30408 C:\Users\andre\Documents\Github_Projects\Metrilabs-metribooks\backend\profiles\apps.py changed, reloading.
INFO 2025-07-21 20:16:09,593 autoreload 17132 30020 Watching for file changes with StatReloader
INFO 2025-07-21 20:16:32,677 basehttp 17132 11728 "GET /admin/authentication/customuser/16/change/ HTTP/1.1" 200 26093
INFO 2025-07-21 20:16:32,712 basehttp 17132 11728 "GET /admin/jsi18n/ HTTP/1.1" 200 3342
INFO 2025-07-21 20:16:34,017 basehttp 17132 11728 "GET /admin/profiles/userprofile/ HTTP/1.1" 200 15849
INFO 2025-07-21 20:16:35,590 basehttp 17132 11728 "GET /admin/authentication/customuser/ HTTP/1.1" 200 15731
INFO 2025-07-21 20:16:35,618 basehttp 17132 11728 "GET /admin/jsi18n/ HTTP/1.1" 200 3342
WARNING 2025-07-21 20:19:53,448 log 17132 22228 Not Found: /
WARNING 2025-07-21 20:19:53,455 basehttp 17132 22228 "GET / HTTP/1.1" 404 2457
WARNING 2025-07-21 20:19:53,494 log 17132 22228 Not Found: /favicon.ico
WARNING 2025-07-21 20:19:53,501 basehttp 17132 22228 "GET /favicon.ico HTTP/1.1" 404 2508
WARNING 2025-07-21 20:20:01,354 log 17132 22228 Not Found: /api/
WARNING 2025-07-21 20:20:01,359 basehttp 17132 22228 "GET /api/ HTTP/1.1" 404 3443
INFO 2025-07-21 20:22:18,002 basehttp 17132 28216 "GET /admin/authentication/customuser/ HTTP/1.1" 200 15731
INFO 2025-07-21 20:22:18,038 basehttp 17132 28216 "GET /admin/jsi18n/ HTTP/1.1" 200 3342
INFO 2025-07-21 20:22:19,046 basehttp 17132 28216 "GET /admin/authentication/customuser/add/ HTTP/1.1" 200 15868
INFO 2025-07-21 20:22:19,081 basehttp 17132 28216 "GET /admin/jsi18n/ HTTP/1.1" 200 3342
INFO 2025-07-21 20:22:19,125 basehttp 17132 20672 "GET /static/admin/css/unusable_password_field.css HTTP/1.1" 200 663
INFO 2025-07-21 20:22:19,142 basehttp 17132 28216 "GET /static/admin/js/unusable_password_field.js HTTP/1.1" 200 1480
INFO 2025-07-21 20:22:52,349 basehttp 17132 28216 "POST /admin/authentication/customuser/add/ HTTP/1.1" 302 0
INFO 2025-07-21 20:22:52,378 basehttp 17132 28216 "GET /admin/authentication/customuser/17/change/ HTTP/1.1" 200 26419
INFO 2025-07-21 20:22:52,414 basehttp 17132 28216 "GET /admin/jsi18n/ HTTP/1.1" 200 3342
INFO 2025-07-21 20:22:53,982 basehttp 17132 28216 "GET /admin/profiles/userprofile/ HTTP/1.1" 200 17886
INFO 2025-07-21 20:22:58,158 basehttp 17132 28216 "GET /admin/authentication/customuser/ HTTP/1.1" 200 16405
INFO 2025-07-21 20:22:58,190 basehttp 17132 28216 "GET /admin/jsi18n/ HTTP/1.1" 200 3342
INFO 2025-07-21 20:23:04,841 basehttp 17132 28216 "GET /admin/profiles/userprofile/ HTTP/1.1" 200 17886
INFO 2025-07-21 20:23:06,856 basehttp 17132 28216 "GET /admin/profiles/userprofile/1/change/ HTTP/1.1" 200 24430
INFO 2025-07-21 20:23:06,884 basehttp 17132 28216 "GET /admin/jsi18n/ HTTP/1.1" 200 3342
INFO 2025-07-21 20:25:47,464 autoreload 17132 30020 C:\Users\andre\Documents\Github_Projects\Metrilabs-metribooks\backend\authentication\models.py changed, reloading.
INFO 2025-07-21 20:25:48,077 autoreload 34656 2956 Watching for file changes with StatReloader
INFO 2025-07-21 20:25:56,020 autoreload 34656 2956 C:\Users\andre\Documents\Github_Projects\Metrilabs-metribooks\backend\profiles\models.py changed, reloading.
INFO 2025-07-21 20:25:56,635 autoreload 34532 19012 Watching for file changes with StatReloader
INFO 2025-07-21 20:26:04,583 autoreload 34532 19012 C:\Users\andre\Documents\Github_Projects\Metrilabs-metribooks\backend\profiles\models.py changed, reloading.
INFO 2025-07-21 20:26:05,120 autoreload 12860 21980 Watching for file changes with StatReloader
INFO 2025-07-21 20:26:15,101 autoreload 12860 21980 C:\Users\andre\Documents\Github_Projects\Metrilabs-metribooks\backend\profiles\models.py changed, reloading.
INFO 2025-07-21 20:26:15,629 autoreload 12024 26816 Watching for file changes with StatReloader
INFO 2025-07-21 20:26:29,768 autoreload 12024 26816 C:\Users\andre\Documents\Github_Projects\Metrilabs-metribooks\backend\authentication\admin.py changed, reloading.
INFO 2025-07-21 20:26:30,323 autoreload 18836 26024 Watching for file changes with StatReloader
INFO 2025-07-21 20:26:43,509 autoreload 18836 26024 C:\Users\andre\Documents\Github_Projects\Metrilabs-metribooks\backend\profiles\admin.py changed, reloading.
INFO 2025-07-21 20:26:44,117 autoreload 12316 27888 Watching for file changes with StatReloader
INFO 2025-07-21 20:26:53,125 autoreload 12316 27888 C:\Users\andre\Documents\Github_Projects\Metrilabs-metribooks\backend\profiles\serializers.py changed, reloading.
INFO 2025-07-21 20:26:53,665 autoreload 10180 20568 Watching for file changes with StatReloader
INFO 2025-07-21 20:27:03,706 autoreload 10180 20568 C:\Users\andre\Documents\Github_Projects\Metrilabs-metribooks\backend\profiles\serializers.py changed, reloading.
INFO 2025-07-21 20:27:04,226 autoreload 24036 21928 Watching for file changes with StatReloader
INFO 2025-07-21 20:27:11,183 autoreload 24036 21928 C:\Users\andre\Documents\Github_Projects\Metrilabs-metribooks\backend\profiles\serializers.py changed, reloading.
INFO 2025-07-21 20:27:11,722 autoreload 32980 31636 Watching for file changes with StatReloader
INFO 2025-07-21 20:27:19,782 autoreload 32980 31636 C:\Users\andre\Documents\Github_Projects\Metrilabs-metribooks\backend\profiles\serializers.py changed, reloading.
INFO 2025-07-21 20:27:20,322 autoreload 25668 22420 Watching for file changes with StatReloader
INFO 2025-07-21 20:27:27,232 autoreload 25668 22420 C:\Users\andre\Documents\Github_Projects\Metrilabs-metribooks\backend\profiles\serializers.py changed, reloading.
INFO 2025-07-21 20:27:27,745 autoreload 14668 15248 Watching for file changes with StatReloader
INFO 2025-07-21 20:27:36,769 autoreload 14668 15248 C:\Users\andre\Documents\Github_Projects\Metrilabs-metribooks\backend\profiles\views.py changed, reloading.
INFO 2025-07-21 20:27:37,355 autoreload 25648 23732 Watching for file changes with StatReloader
INFO 2025-07-21 20:28:45,616 autoreload 25648 23732 C:\Users\andre\Documents\Github_Projects\Metrilabs-metribooks\backend\profiles\models.py changed, reloading.
INFO 2025-07-21 20:28:46,214 autoreload 22872 26492 Watching for file changes with StatReloader
INFO 2025-07-21 20:29:15,188 autoreload 22872 26492 C:\Users\andre\Documents\Github_Projects\Metrilabs-metribooks\backend\profiles\models.py changed, reloading.
INFO 2025-07-21 20:29:15,788 autoreload 8776 30680 Watching for file changes with StatReloader
INFO 2025-07-21 20:29:25,874 autoreload 8776 30680 C:\Users\andre\Documents\Github_Projects\Metrilabs-metribooks\backend\profiles\models.py changed, reloading.
INFO 2025-07-21 20:29:26,473 autoreload 21724 17052 Watching for file changes with StatReloader
INFO 2025-07-21 20:30:08,362 basehttp 21724 21172 "GET /admin/profiles/userprofile/1/change/ HTTP/1.1" 200 26240
INFO 2025-07-21 20:30:08,396 basehttp 21724 21172 "GET /admin/jsi18n/ HTTP/1.1" 200 3342
INFO 2025-07-21 20:30:08,949 basehttp 21724 21172 "GET /admin/profiles/userprofile/1/change/ HTTP/1.1" 200 26240
INFO 2025-07-21 20:30:08,981 basehttp 21724 21172 "GET /admin/jsi18n/ HTTP/1.1" 200 3342
INFO 2025-07-21 20:30:10,405 basehttp 21724 21172 "GET /admin/authentication/customuser/ HTTP/1.1" 200 16374
INFO 2025-07-21 20:30:10,440 basehttp 21724 21172 "GET /admin/jsi18n/ HTTP/1.1" 200 3342
INFO 2025-07-21 20:30:17,119 basehttp 21724 21172 "GET /admin/profiles/userprofile/ HTTP/1.1" 200 17886
INFO 2025-07-21 20:33:35,593 autoreload 21724 17052 C:\Users\andre\Documents\Github_Projects\Metrilabs-metribooks\backend\authentication\admin.py changed, reloading.
INFO 2025-07-21 20:33:36,270 autoreload 29908 12200 Watching for file changes with StatReloader
INFO 2025-07-21 20:33:38,078 basehttp 29908 7400 "GET /admin/profiles/userprofile/ HTTP/1.1" 200 17886
INFO 2025-07-21 20:33:41,338 basehttp 29908 7400 "GET /admin/authentication/customuser/ HTTP/1.1" 200 16175
INFO 2025-07-21 20:33:41,375 basehttp 29908 7400 "GET /admin/jsi18n/ HTTP/1.1" 200 3342
INFO 2025-07-21 20:33:47,115 basehttp 29908 7400 "GET /admin/authentication/customuser/17/change/ HTTP/1.1" 200 24677
INFO 2025-07-21 20:33:47,148 basehttp 29908 7400 "GET /admin/jsi18n/ HTTP/1.1" 200 3342
INFO 2025-07-21 20:33:57,379 basehttp 29908 7400 "GET /admin/authentication/customuser/ HTTP/1.1" 200 16175
INFO 2025-07-21 20:34:00,267 basehttp 29908 7400 "GET /admin/profiles/userprofile/ HTTP/1.1" 200 17886
INFO 2025-07-21 20:36:44,699 autoreload 29908 12200 C:\Users\andre\Documents\Github_Projects\Metrilabs-metribooks\backend\authentication\admin.py changed, reloading.
INFO 2025-07-21 20:36:45,358 autoreload 14520 23108 Watching for file changes with StatReloader
INFO 2025-07-21 20:37:05,922 autoreload 14520 23108 C:\Users\andre\Documents\Github_Projects\Metrilabs-metribooks\backend\authentication\admin.py changed, reloading.
INFO 2025-07-21 20:37:06,554 autoreload 9004 33920 Watching for file changes with StatReloader
INFO 2025-07-21 20:37:08,373 basehttp 9004 31476 "GET /admin/profiles/userprofile/ HTTP/1.1" 200 17886
INFO 2025-07-21 20:37:10,008 basehttp 9004 31476 "GET /admin/authentication/customuser/ HTTP/1.1" 200 16175
INFO 2025-07-21 20:37:10,046 basehttp 9004 31476 "GET /admin/jsi18n/ HTTP/1.1" 200 3342
INFO 2025-07-21 20:37:11,102 basehttp 9004 31476 "GET /admin/authentication/customuser/17/change/ HTTP/1.1" 200 24677
INFO 2025-07-21 20:37:11,134 basehttp 9004 31476 "GET /admin/jsi18n/ HTTP/1.1" 200 3342
INFO 2025-07-21 20:37:40,459 basehttp 9004 31476 "GET /admin/authentication/customuser/ HTTP/1.1" 200 16175
INFO 2025-07-21 20:37:43,139 basehttp 9004 31476 "GET /admin/profiles/userprofile/ HTTP/1.1" 200 17886
INFO 2025-07-21 20:37:44,978 basehttp 9004 31476 "GET /admin/profiles/userprofile/1/change/ HTTP/1.1" 200 26240
INFO 2025-07-21 20:37:45,010 basehttp 9004 31476 "GET /admin/jsi18n/ HTTP/1.1" 200 3342
INFO 2025-07-21 20:37:58,410 basehttp 9004 31476 "POST /admin/profiles/userprofile/1/change/ HTTP/1.1" 200 27054
INFO 2025-07-21 20:37:58,431 basehttp 9004 31476 "GET /admin/jsi18n/ HTTP/1.1" 200 3342
INFO 2025-07-21 20:38:22,990 basehttp 9004 31476 "POST /admin/profiles/userprofile/1/change/ HTTP/1.1" 302 0
INFO 2025-07-21 20:38:23,007 basehttp 9004 31476 "GET /admin/profiles/userprofile/ HTTP/1.1" 200 18171
INFO 2025-07-21 20:38:30,983 basehttp 9004 31476 "GET /admin/authentication/customuser/ HTTP/1.1" 200 16184
INFO 2025-07-21 20:38:31,011 basehttp 9004 31476 "GET /admin/jsi18n/ HTTP/1.1" 200 3342
INFO 2025-07-21 20:38:32,323 basehttp 9004 31476 "GET /admin/authentication/customuser/17/change/ HTTP/1.1" 200 24677
INFO 2025-07-21 20:38:32,355 basehttp 9004 31476 "GET /admin/jsi18n/ HTTP/1.1" 200 3342
INFO 2025-07-21 20:38:40,369 basehttp 9004 31476 "GET /admin/authentication/customuser/ HTTP/1.1" 200 16184
INFO 2025-07-21 20:39:14,100 basehttp 9004 31476 "GET /admin/authentication/customuser/17/change/ HTTP/1.1" 200 24677
INFO 2025-07-21 20:39:14,132 basehttp 9004 31476 "GET /admin/jsi18n/ HTTP/1.1" 200 3342
INFO 2025-07-21 20:39:36,196 autoreload 9004 33920 C:\Users\andre\Documents\Github_Projects\Metrilabs-metribooks\backend\authentication\admin.py changed, reloading.
INFO 2025-07-21 20:39:36,769 autoreload 14120 29252 Watching for file changes with StatReloader
INFO 2025-07-21 20:39:51,040 autoreload 14120 29252 C:\Users\andre\Documents\Github_Projects\Metrilabs-metribooks\backend\authentication\admin.py changed, reloading.
INFO 2025-07-21 20:39:51,554 autoreload 17768 17852 Watching for file changes with StatReloader
INFO 2025-07-21 20:40:07,905 basehttp 17768 13516 "GET /admin/authentication/customuser/17/change/ HTTP/1.1" 200 26002
INFO 2025-07-21 20:40:07,938 basehttp 17768 13516 "GET /admin/jsi18n/ HTTP/1.1" 200 3342
INFO 2025-07-21 20:40:16,246 basehttp 17768 13516 "GET /admin/profiles/userprofile/ HTTP/1.1" 200 17939
INFO 2025-07-21 20:40:24,472 basehttp 17768 13516 "GET /admin/profiles/userprofile/1/change/ HTTP/1.1" 200 26409
INFO 2025-07-21 20:40:24,506 basehttp 17768 13516 "GET /admin/jsi18n/ HTTP/1.1" 200 3342
INFO 2025-07-21 20:40:34,850 basehttp 17768 13516 "POST /admin/profiles/userprofile/1/change/ HTTP/1.1" 302 0
INFO 2025-07-21 20:40:34,870 basehttp 17768 13516 "GET /admin/profiles/userprofile/ HTTP/1.1" 200 18171
INFO 2025-07-21 20:40:40,537 basehttp 17768 13516 "GET /admin/profiles/userprofile/1/change/ HTTP/1.1" 200 26409
INFO 2025-07-21 20:40:40,568 basehttp 17768 13516 "GET /admin/jsi18n/ HTTP/1.1" 200 3342
INFO 2025-07-21 20:40:43,063 basehttp 17768 13516 "GET /admin/profiles/userprofile/ HTTP/1.1" 200 17939
INFO 2025-07-21 20:40:45,551 basehttp 17768 13516 "GET /admin/profiles/userprofile/?monthly_revenue_range__exact=1001-5000 HTTP/1.1" 200 17506
INFO 2025-07-21 20:40:48,201 basehttp 17768 13516 "GET /admin/profiles/userprofile/?monthly_revenue_range__exact=1001-5000 HTTP/1.1" 200 17506
INFO 2025-07-21 20:40:50,001 basehttp 17768 13516 "GET /admin/profiles/userprofile/?monthly_revenue_range__exact=5001-10000 HTTP/1.1" 200 19857
INFO 2025-07-21 20:40:57,575 basehttp 17768 13516 "GET /admin/django_db_logger/statuslog/ HTTP/1.1" 200 74498
INFO 2025-07-21 20:40:57,603 basehttp 17768 13516 "GET /admin/jsi18n/ HTTP/1.1" 200 3342
INFO 2025-07-21 20:41:35,706 basehttp 17768 13516 "GET /admin/profiles/userprofile/ HTTP/1.1" 200 17939
INFO 2025-07-21 20:41:43,070 basehttp 17768 13516 "GET /admin/profiles/userprofile/?business_type__exact=technology HTTP/1.1" 200 19421
INFO 2025-07-21 20:42:29,972 autoreload 17768 17852 C:\Users\andre\Documents\Github_Projects\Metrilabs-metribooks\backend\authentication\admin.py changed, reloading.
INFO 2025-07-21 20:42:30,747 autoreload 13592 8108 Watching for file changes with StatReloader
INFO 2025-07-21 21:24:34,884 autoreload 30920 27628 Watching for file changes with StatReloader
INFO 2025-07-21 21:24:38,324 basehttp 30920 2632 "GET /admin/profiles/userprofile/?business_type__exact=technology HTTP/1.1" 200 21534
INFO 2025-07-21 21:24:40,020 basehttp 30920 2632 "GET /admin/products/productcategory/ HTTP/1.1" 200 15001
INFO 2025-07-21 21:24:40,056 basehttp 30920 2632 "GET /admin/jsi18n/ HTTP/1.1" 200 3342
INFO 2025-07-21 21:24:42,336 basehttp 30920 2632 "GET /admin/products/productinventory/ HTTP/1.1" 200 16139
INFO 2025-07-21 21:24:42,367 basehttp 30920 2632 "GET /admin/jsi18n/ HTTP/1.1" 200 3342
INFO 2025-07-21 21:24:44,896 basehttp 30920 2632 "GET /admin/products/product/ HTTP/1.1" 200 16171
INFO 2025-07-21 21:24:44,925 basehttp 30920 2632 "GET /admin/jsi18n/ HTTP/1.1" 200 3342
INFO 2025-07-21 21:24:47,234 basehttp 30920 2632 "GET /admin/products/stockmovement/ HTTP/1.1" 200 15534
INFO 2025-07-21 21:24:47,265 basehttp 30920 2632 "GET /admin/jsi18n/ HTTP/1.1" 200 3342
INFO 2025-07-21 21:30:26,253 basehttp 30920 31220 "GET /admin/products/productcategory/ HTTP/1.1" 200 15001
INFO 2025-07-21 21:30:26,298 basehttp 30920 31220 "GET /admin/jsi18n/ HTTP/1.1" 200 3342
INFO 2025-07-21 21:30:27,755 basehttp 30920 31220 "GET /admin/products/productcategory/add/ HTTP/1.1" 200 18456
INFO 2025-07-21 21:30:27,790 basehttp 30920 31220 "GET /admin/jsi18n/ HTTP/1.1" 200 3342
INFO 2025-07-21 21:30:34,980 basehttp 30920 31220 "POST /admin/products/productcategory/add/ HTTP/1.1" 302 0
INFO 2025-07-21 21:30:35,006 basehttp 30920 31220 "GET /admin/products/productcategory/ HTTP/1.1" 200 17393
INFO 2025-07-21 21:30:35,043 basehttp 30920 31220 "GET /admin/jsi18n/ HTTP/1.1" 200 3342
INFO 2025-07-21 21:30:39,904 basehttp 30920 31220 "GET /admin/products/productinventory/ HTTP/1.1" 200 16139
INFO 2025-07-21 21:30:39,933 basehttp 30920 31220 "GET /admin/jsi18n/ HTTP/1.1" 200 3342
INFO 2025-07-21 21:30:41,957 basehttp 30920 31220 "GET /admin/products/productcategory/ HTTP/1.1" 200 17173
INFO 2025-07-21 21:30:41,987 basehttp 30920 31220 "GET /admin/jsi18n/ HTTP/1.1" 200 3342
INFO 2025-07-21 21:30:43,068 basehttp 30920 31220 "GET /admin/products/productcategory/1/change/ HTTP/1.1" 200 18801
INFO 2025-07-21 21:30:43,097 basehttp 30920 31220 "GET /admin/jsi18n/ HTTP/1.1" 200 3342
INFO 2025-07-21 21:30:51,196 basehttp 30920 31220 "GET /admin/products/productinventory/ HTTP/1.1" 200 16139
INFO 2025-07-21 21:30:51,222 basehttp 30920 31220 "GET /admin/jsi18n/ HTTP/1.1" 200 3342
INFO 2025-07-21 21:30:54,894 basehttp 30920 31220 "GET /admin/products/product/add/ HTTP/1.1" 200 35386
INFO 2025-07-21 21:30:54,926 basehttp 30920 31220 "GET /admin/jsi18n/ HTTP/1.1" 200 3342
INFO 2025-07-21 21:30:54,972 basehttp 30920 25312 "GET /static/admin/js/calendar.js HTTP/1.1" 200 9141
INFO 2025-07-21 21:30:54,973 basehttp 30920 15100 "GET /static/admin/js/admin/DateTimeShortcuts.js HTTP/1.1" 200 19319
INFO 2025-07-21 21:30:54,980 basehttp 30920 25312 "GET /static/admin/img/icon-deletelink.svg HTTP/1.1" 200 392
INFO 2025-07-21 21:31:24,598 basehttp 30920 25312 "POST /admin/products/product/add/ HTTP/1.1" 302 0
INFO 2025-07-21 21:31:24,622 basehttp 30920 25312 "GET /admin/products/product/ HTTP/1.1" 200 19151
INFO 2025-07-21 21:31:24,658 basehttp 30920 25312 "GET /admin/jsi18n/ HTTP/1.1" 200 3342
INFO 2025-07-21 21:31:29,297 basehttp 30920 25312 "GET /admin/products/stockmovement/ HTTP/1.1" 200 15534
INFO 2025-07-21 21:31:29,330 basehttp 30920 25312 "GET /admin/jsi18n/ HTTP/1.1" 200 3342
INFO 2025-07-21 21:31:31,526 basehttp 30920 25312 "GET /admin/products/productinventory/ HTTP/1.1" 200 18680
INFO 2025-07-21 21:31:31,559 basehttp 30920 25312 "GET /admin/jsi18n/ HTTP/1.1" 200 3342
INFO 2025-07-21 21:31:33,380 basehttp 30920 25312 "GET /admin/products/productcategory/ HTTP/1.1" 200 17173
INFO 2025-07-21 21:31:33,411 basehttp 30920 25312 "GET /admin/jsi18n/ HTTP/1.1" 200 3342
INFO 2025-07-21 21:31:34,237 basehttp 30920 25312 "GET /admin/products/productinventory/ HTTP/1.1" 200 18680
INFO 2025-07-21 21:31:34,270 basehttp 30920 25312 "GET /admin/jsi18n/ HTTP/1.1" 200 3342
INFO 2025-07-21 21:31:35,436 basehttp 30920 25312 "GET /admin/products/productinventory/1/change/ HTTP/1.1" 200 20845
INFO 2025-07-21 21:31:35,468 basehttp 30920 25312 "GET /admin/jsi18n/ HTTP/1.1" 200 3342
INFO 2025-07-21 21:31:35,505 basehttp 30920 15100 "GET /static/admin/img/icon-clock.svg HTTP/1.1" 200 677
INFO 2025-07-21 21:31:35,505 basehttp 30920 25312 "GET /static/admin/img/icon-calendar.svg HTTP/1.1" 200 1086
INFO 2025-07-21 21:31:41,737 basehttp 30920 25312 "POST /admin/products/productinventory/1/change/ HTTP/1.1" 302 0
INFO 2025-07-21 21:31:41,757 basehttp 30920 25312 "GET /admin/products/productinventory/ HTTP/1.1" 200 18934
INFO 2025-07-21 21:31:41,794 basehttp 30920 25312 "GET /admin/jsi18n/ HTTP/1.1" 200 3342
INFO 2025-07-21 21:31:47,891 basehttp 30920 25312 "GET /admin/products/productcategory/ HTTP/1.1" 200 17173
INFO 2025-07-21 21:31:47,922 basehttp 30920 25312 "GET /admin/jsi18n/ HTTP/1.1" 200 3342
INFO 2025-07-21 21:31:50,253 basehttp 30920 25312 "GET /admin/products/product/ HTTP/1.1" 200 18938
INFO 2025-07-21 21:31:50,286 basehttp 30920 25312 "GET /admin/jsi18n/ HTTP/1.1" 200 3342
INFO 2025-07-21 21:31:51,892 basehttp 30920 25312 "GET /admin/products/stockmovement/ HTTP/1.1" 200 15534
INFO 2025-07-21 21:31:51,923 basehttp 30920 25312 "GET /admin/jsi18n/ HTTP/1.1" 200 3342
INFO 2025-07-21 21:31:52,942 basehttp 30920 25312 "GET /admin/products/product/ HTTP/1.1" 200 18938
INFO 2025-07-21 21:31:52,971 basehttp 30920 25312 "GET /admin/jsi18n/ HTTP/1.1" 200 3342
INFO 2025-07-21 21:31:53,931 basehttp 30920 25312 "GET /admin/products/product/1/change/ HTTP/1.1" 200 42812
INFO 2025-07-21 21:31:53,959 basehttp 30920 25312 "GET /admin/jsi18n/ HTTP/1.1" 200 3342
INFO 2025-07-21 21:32:13,856 basehttp 30920 25312 "GET /admin/products/product/ HTTP/1.1" 200 18938
INFO 2025-07-21 21:32:17,455 basehttp 30920 25312 "GET /admin/products/stockmovement/ HTTP/1.1" 200 15534
INFO 2025-07-21 21:32:17,483 basehttp 30920 25312 "GET /admin/jsi18n/ HTTP/1.1" 200 3342
INFO 2025-07-21 21:32:21,385 basehttp 30920 25312 "GET /admin/products/product/ HTTP/1.1" 200 18938
INFO 2025-07-21 21:32:21,415 basehttp 30920 25312 "GET /admin/jsi18n/ HTTP/1.1" 200 3342
