INFO 2025-07-20 00:25:26,466 autoreload 10132 18872 Watching for file changes with StatReloader
INFO 2025-07-20 00:25:47,106 autoreload 30800 35636 Watching for file changes with StatReloader
INFO 2025-07-20 00:26:12,773 autoreload 30800 35636 C:\Users\andre\Documents\Github_Projects\Metrilabs-metribooks\backend\authentication\admin.py changed, reloading.
INFO 2025-07-20 00:26:13,315 autoreload 16096 34464 Watching for file changes with StatReloader
INFO 2025-07-20 00:45:15,164 autoreload 16096 34464 C:\Users\andre\Documents\Github_Projects\Metrilabs-metribooks\backend\authentication\views.py changed, reloading.
INFO 2025-07-20 00:45:15,702 autoreload 35372 5556 Watching for file changes with StatReloader
INFO 2025-07-20 00:45:41,771 autoreload 35372 5556 C:\Users\andre\Documents\Github_Projects\Metrilabs-metribooks\backend\authentication\views.py changed, reloading.
INFO 2025-07-20 00:45:42,588 autoreload 19484 31528 Watching for file changes with StatReloader
INFO 2025-07-20 00:50:38,484 autoreload 5040 18464 Watching for file changes with StatReloader
INFO 2025-07-20 00:51:30,037 autoreload 5040 18464 C:\Users\andre\Documents\Github_Projects\Metrilabs-metribooks\backend\authentication\apps.py changed, reloading.
INFO 2025-07-20 00:51:30,549 autoreload 23468 33340 Watching for file changes with StatReloader
INFO 2025-07-20 00:52:53,583 autoreload 23468 33340 C:\Users\andre\Documents\Github_Projects\Metrilabs-metribooks\backend\authentication\admin.py changed, reloading.
INFO 2025-07-20 00:52:54,162 autoreload 20276 35328 Watching for file changes with StatReloader
INFO 2025-07-20 00:53:10,737 basehttp 20276 28636 "GET /admin/authentication/customuser/ HTTP/1.1" 200 18837
INFO 2025-07-20 00:53:10,784 basehttp 20276 28636 "GET /admin/jsi18n/ HTTP/1.1" 200 3342
INFO 2025-07-20 00:53:13,213 basehttp 20276 28636 "GET /admin/django_db_logger/statuslog/ HTTP/1.1" 200 22621
INFO 2025-07-20 00:53:13,247 basehttp 20276 28636 "GET /admin/jsi18n/ HTTP/1.1" 200 3342
INFO 2025-07-20 00:53:26,774 autoreload 25832 23228 Watching for file changes with StatReloader
WARNING 2025-07-20 00:53:38,685 views 25832 24652 Failed registration attempt from IP: 127.0.0.1, errors: {'phone': [ErrorDetail(string='custom user with this phone already exists.', code='unique')]}
WARNING 2025-07-20 00:53:38,691 log 25832 24652 Bad Request: /api/auth/register/
WARNING 2025-07-20 00:53:38,695 basehttp 25832 24652 "POST /api/auth/register/ HTTP/1.1" 400 57
WARNING 2025-07-20 00:53:38,700 views 25832 22460 Failed login attempt for: test@example.com from IP: 127.0.0.1, errors: {'non_field_errors': [ErrorDetail(string='Invalid credentials.', code='invalid')]}
WARNING 2025-07-20 00:53:38,703 log 25832 22460 Bad Request: /api/auth/login/
WARNING 2025-07-20 00:53:38,707 basehttp 25832 22460 "POST /api/auth/login/ HTTP/1.1" 400 45
INFO 2025-07-20 00:54:06,072 basehttp 25832 35836 "GET /admin/django_db_logger/statuslog/ HTTP/1.1" 200 28215
INFO 2025-07-20 00:54:06,104 basehttp 25832 35836 "GET /admin/jsi18n/ HTTP/1.1" 200 3342
INFO 2025-07-20 00:54:32,004 views 25832 28972 New user registered: user1823@example.com from IP: 127.0.0.1
INFO 2025-07-20 00:54:32,008 basehttp 25832 28972 "POST /api/auth/register/ HTTP/1.1" 201 737
WARNING 2025-07-20 00:54:32,014 views 25832 30772 Failed login attempt for: nonexistent@example.com from IP: 127.0.0.1, errors: {'non_field_errors': [ErrorDetail(string='Invalid credentials.', code='invalid')]}
WARNING 2025-07-20 00:54:32,017 log 25832 30772 Bad Request: /api/auth/login/
WARNING 2025-07-20 00:54:32,020 basehttp 25832 30772 "POST /api/auth/login/ HTTP/1.1" 400 45
INFO 2025-07-20 00:54:32,026 basehttp 25832 22328 "POST /api/auth/reset-password/ HTTP/1.1" 200 119
INFO 2025-07-20 00:54:32,132 basehttp 25832 35360 "POST /api/auth/reset-password/ HTTP/1.1" 200 119
INFO 2025-07-20 00:54:32,242 basehttp 25832 23136 "POST /api/auth/reset-password/ HTTP/1.1" 200 120
WARNING 2025-07-20 00:54:32,345 views 25832 35732 Password reset rate limit exceeded from IP: 127.0.0.1
WARNING 2025-07-20 00:54:32,350 log 25832 35732 Too Many Requests: /api/auth/reset-password/
WARNING 2025-07-20 00:54:32,354 basehttp 25832 35732 "POST /api/auth/reset-password/ HTTP/1.1" 429 148
INFO 2025-07-20 00:54:39,474 basehttp 25832 35836 "GET /admin/django_db_logger/statuslog/ HTTP/1.1" 200 35706
INFO 2025-07-20 00:54:39,508 basehttp 25832 35836 "GET /admin/jsi18n/ HTTP/1.1" 200 3342
INFO 2025-07-20 01:07:02,659 basehttp 25832 11536 "GET /admin/?id=d2e150dd-8a26-401b-8806-8daed5cad6c0&vscodeBrowserReqId=1752966422651 HTTP/1.1" 302 0
INFO 2025-07-20 01:07:02,676 basehttp 25832 11536 "GET /admin/login/?next=/admin/%3Fid%3Dd2e150dd-8a26-401b-8806-8daed5cad6c0%26vscodeBrowserReqId%3D1752966422651 HTTP/1.1" 200 4328
INFO 2025-07-21 19:47:12,104 autoreload 11460 16984 Watching for file changes with StatReloader
INFO 2025-07-21 19:47:17,801 basehttp 11460 24504 "GET /admin/ HTTP/1.1" 302 0
INFO 2025-07-21 19:47:17,861 basehttp 11460 24504 "GET /admin/login/?next=/admin/ HTTP/1.1" 200 4170
INFO 2025-07-21 19:47:17,910 basehttp 11460 24504 "GET /static/admin/css/base.css HTTP/1.1" 304 0
INFO 2025-07-21 19:47:17,910 basehttp 11460 18272 "GET /static/admin/css/dark_mode.css HTTP/1.1" 304 0
INFO 2025-07-21 19:47:17,912 basehttp 11460 16924 "GET /static/admin/js/theme.js HTTP/1.1" 304 0
INFO 2025-07-21 19:47:17,963 basehttp 11460 16924 "GET /static/admin/css/nav_sidebar.css HTTP/1.1" 304 0
INFO 2025-07-21 19:47:17,965 basehttp 11460 18272 "GET /static/admin/css/responsive.css HTTP/1.1" 304 0
INFO 2025-07-21 19:47:17,975 basehttp 11460 16924 "GET /static/admin/css/login.css HTTP/1.1" 304 0
INFO 2025-07-21 19:47:17,984 basehttp 11460 18272 "GET /static/admin/js/nav_sidebar.js HTTP/1.1" 304 0
WARNING 2025-07-21 19:47:19,077 log 11460 18272 Not Found: /favicon.ico
WARNING 2025-07-21 19:47:19,085 basehttp 11460 18272 "GET /favicon.ico HTTP/1.1" 404 2361
INFO 2025-07-21 19:47:23,391 basehttp 11460 18272 "POST /admin/login/?next=/admin/ HTTP/1.1" 200 4345
INFO 2025-07-21 19:47:30,329 basehttp 11460 18272 "POST /admin/login/?next=/admin/ HTTP/1.1" 200 4345
INFO 2025-07-21 19:48:10,683 basehttp 11460 18272 "POST /admin/login/?next=/admin/ HTTP/1.1" 302 0
INFO 2025-07-21 19:48:10,711 basehttp 11460 18272 "GET /admin/ HTTP/1.1" 200 9558
INFO 2025-07-21 19:48:10,752 basehttp 11460 18272 "GET /static/admin/css/dashboard.css HTTP/1.1" 304 0
INFO 2025-07-21 19:48:10,770 basehttp 11460 16924 "GET /static/admin/img/icon-changelink.svg HTTP/1.1" 304 0
INFO 2025-07-21 19:48:10,771 basehttp 11460 18272 "GET /static/admin/img/icon-addlink.svg HTTP/1.1" 304 0
INFO 2025-07-21 19:48:10,771 basehttp 11460 24504 "GET /static/admin/img/icon-viewlink.svg HTTP/1.1" 304 0
INFO 2025-07-21 19:48:12,800 basehttp 11460 24504 "GET /admin/authentication/customuser/ HTTP/1.1" 200 20117
INFO 2025-07-21 19:48:12,848 basehttp 11460 24504 "GET /static/admin/css/changelists.css HTTP/1.1" 304 0
INFO 2025-07-21 19:48:12,853 basehttp 11460 16924 "GET /static/admin/js/vendor/jquery/jquery.js HTTP/1.1" 304 0
INFO 2025-07-21 19:48:12,853 basehttp 11460 15812 "GET /static/admin/js/jquery.init.js HTTP/1.1" 304 0
INFO 2025-07-21 19:48:12,854 basehttp 11460 20904 "GET /static/admin/js/core.js HTTP/1.1" 304 0
INFO 2025-07-21 19:48:12,857 basehttp 11460 32180 "GET /static/admin/js/admin/RelatedObjectLookups.js HTTP/1.1" 304 0
INFO 2025-07-21 19:48:12,864 basehttp 11460 18272 "GET /admin/jsi18n/ HTTP/1.1" 200 3342
INFO 2025-07-21 19:48:12,865 basehttp 11460 24504 "GET /static/admin/js/actions.js HTTP/1.1" 304 0
INFO 2025-07-21 19:48:12,871 basehttp 11460 16924 "GET /static/admin/js/vendor/xregexp/xregexp.js HTTP/1.1" 304 0
INFO 2025-07-21 19:48:12,878 basehttp 11460 15812 "GET /static/admin/js/urlify.js HTTP/1.1" 304 0
INFO 2025-07-21 19:48:12,883 basehttp 11460 20904 "GET /static/admin/js/prepopulate.js HTTP/1.1" 304 0
INFO 2025-07-21 19:48:12,892 basehttp 11460 32180 "GET /static/admin/img/search.svg HTTP/1.1" 304 0
INFO 2025-07-21 19:48:12,897 basehttp 11460 18272 "GET /static/admin/img/icon-yes.svg HTTP/1.1" 304 0
INFO 2025-07-21 19:48:12,917 basehttp 11460 15812 "GET /static/admin/img/sorting-icons.svg HTTP/1.1" 304 0
INFO 2025-07-21 19:48:12,924 basehttp 11460 20904 "GET /static/admin/img/tooltag-add.svg HTTP/1.1" 304 0
INFO 2025-07-21 19:48:12,931 basehttp 11460 32180 "GET /static/admin/img/icon-no.svg HTTP/1.1" 304 0
INFO 2025-07-21 19:48:12,940 basehttp 11460 18272 "GET /static/admin/js/filters.js HTTP/1.1" 304 0
INFO 2025-07-21 19:48:23,975 basehttp 11460 18272 "POST /admin/authentication/customuser/ HTTP/1.1" 200 11366
INFO 2025-07-21 19:48:24,001 basehttp 11460 18272 "GET /static/admin/js/cancel.js HTTP/1.1" 304 0
INFO 2025-07-21 19:48:25,083 basehttp 11460 18272 "POST /admin/authentication/customuser/ HTTP/1.1" 302 0
INFO 2025-07-21 19:48:25,106 basehttp 11460 18272 "GET /admin/authentication/customuser/ HTTP/1.1" 200 15731
INFO 2025-07-21 19:48:25,135 basehttp 11460 18272 "GET /admin/jsi18n/ HTTP/1.1" 200 3342
INFO 2025-07-21 19:49:45,035 autoreload 11460 16984 C:\Users\andre\Documents\Github_Projects\Metrilabs-metribooks\backend\authentication\models.py changed, reloading.
INFO 2025-07-21 19:49:45,816 autoreload 18968 30376 Watching for file changes with StatReloader
INFO 2025-07-21 19:50:22,721 autoreload 18968 30376 C:\Users\andre\Documents\Github_Projects\Metrilabs-metribooks\backend\authentication\models.py changed, reloading.
INFO 2025-07-21 19:50:23,523 autoreload 32752 20344 Watching for file changes with StatReloader
INFO 2025-07-21 19:50:29,357 basehttp 32752 31732 "GET /admin/authentication/customuser/ HTTP/1.1" 200 15540
INFO 2025-07-21 19:50:29,412 basehttp 32752 31732 "GET /admin/jsi18n/ HTTP/1.1" 200 3342
ERROR 2025-07-21 19:50:50,693 log 32752 31732 Internal Server Error: /admin/authentication/customuser/15/change/
Traceback (most recent call last):
  File "C:\Users\andre\Documents\Github_Projects\Metrilabs-metribooks\venv\Lib\site-packages\django\contrib\admin\options.py", line 840, in get_form
    return modelform_factory(self.model, **defaults)
  File "C:\Users\andre\Documents\Github_Projects\Metrilabs-metribooks\venv\Lib\site-packages\django\forms\models.py", line 654, in modelform_factory
    return type(form)(class_name, (form,), form_class_attrs)
           ~~~~~~~~~~^^^^^^^^^^^^^^^^^^^^^^^^^^^^^^^^^^^^^^^
  File "C:\Users\andre\Documents\Github_Projects\Metrilabs-metribooks\venv\Lib\site-packages\django\forms\models.py", line 312, in __new__
    fields = fields_for_model(
        opts.model,
    ...<11 lines>...
        form_declared_fields=new_class.declared_fields,
    )
  File "C:\Users\andre\Documents\Github_Projects\Metrilabs-metribooks\venv\Lib\site-packages\django\forms\models.py", line 207, in fields_for_model
    raise FieldError(
    ...<2 lines>...
    )
django.core.exceptions.FieldError: 'date_joined' cannot be specified for CustomUser model form as it is a non-editable field

During handling of the above exception, another exception occurred:

Traceback (most recent call last):
  File "C:\Users\andre\Documents\Github_Projects\Metrilabs-metribooks\venv\Lib\site-packages\django\core\handlers\exception.py", line 55, in inner
    response = get_response(request)
  File "C:\Users\andre\Documents\Github_Projects\Metrilabs-metribooks\venv\Lib\site-packages\django\core\handlers\base.py", line 197, in _get_response
    response = wrapped_callback(request, *callback_args, **callback_kwargs)
  File "C:\Users\andre\Documents\Github_Projects\Metrilabs-metribooks\venv\Lib\site-packages\django\contrib\admin\options.py", line 719, in wrapper
    return self.admin_site.admin_view(view)(*args, **kwargs)
           ~~~~~~~~~~~~~~~~~~~~~~~~~~~~~~~~^^^^^^^^^^^^^^^^^
  File "C:\Users\andre\Documents\Github_Projects\Metrilabs-metribooks\venv\Lib\site-packages\django\utils\decorators.py", line 192, in _view_wrapper
    result = _process_exception(request, e)
  File "C:\Users\andre\Documents\Github_Projects\Metrilabs-metribooks\venv\Lib\site-packages\django\utils\decorators.py", line 190, in _view_wrapper
    response = view_func(request, *args, **kwargs)
  File "C:\Users\andre\Documents\Github_Projects\Metrilabs-metribooks\venv\Lib\site-packages\django\views\decorators\cache.py", line 80, in _view_wrapper
    response = view_func(request, *args, **kwargs)
  File "C:\Users\andre\Documents\Github_Projects\Metrilabs-metribooks\venv\Lib\site-packages\django\contrib\admin\sites.py", line 246, in inner
    return view(request, *args, **kwargs)
  File "C:\Users\andre\Documents\Github_Projects\Metrilabs-metribooks\venv\Lib\site-packages\django\contrib\admin\options.py", line 1987, in change_view
    return self.changeform_view(request, object_id, form_url, extra_context)
           ~~~~~~~~~~~~~~~~~~~~^^^^^^^^^^^^^^^^^^^^^^^^^^^^^^^^^^^^^^^^^^^^^
  File "C:\Users\andre\Documents\Github_Projects\Metrilabs-metribooks\venv\Lib\site-packages\django\utils\decorators.py", line 48, in _wrapper
    return bound_method(*args, **kwargs)
  File "C:\Users\andre\Documents\Github_Projects\Metrilabs-metribooks\venv\Lib\site-packages\django\utils\decorators.py", line 192, in _view_wrapper
    result = _process_exception(request, e)
  File "C:\Users\andre\Documents\Github_Projects\Metrilabs-metribooks\venv\Lib\site-packages\django\utils\decorators.py", line 190, in _view_wrapper
    response = view_func(request, *args, **kwargs)
  File "C:\Users\andre\Documents\Github_Projects\Metrilabs-metribooks\venv\Lib\site-packages\django\contrib\admin\options.py", line 1840, in changeform_view
    return self._changeform_view(request, object_id, form_url, extra_context)
           ~~~~~~~~~~~~~~~~~~~~~^^^^^^^^^^^^^^^^^^^^^^^^^^^^^^^^^^^^^^^^^^^^^
  File "C:\Users\andre\Documents\Github_Projects\Metrilabs-metribooks\venv\Lib\site-packages\django\contrib\admin\options.py", line 1878, in _changeform_view
    ModelForm = self.get_form(
        request, obj, change=not add, fields=flatten_fieldsets(fieldsets)
    )
  File "C:\Users\andre\Documents\Github_Projects\Metrilabs-metribooks\venv\Lib\site-packages\django\contrib\auth\admin.py", line 98, in get_form
    return super().get_form(request, obj, **defaults)
           ~~~~~~~~~~~~~~~~^^^^^^^^^^^^^^^^^^^^^^^^^^
  File "C:\Users\andre\Documents\Github_Projects\Metrilabs-metribooks\venv\Lib\site-packages\django\contrib\admin\options.py", line 842, in get_form
    raise FieldError(
    ...<2 lines>...
    )
django.core.exceptions.FieldError: 'date_joined' cannot be specified for CustomUser model form as it is a non-editable field. Check fields/fieldsets/exclude attributes of class CustomUserAdmin.
ERROR 2025-07-21 19:50:50,710 basehttp 32752 31732 "GET /admin/authentication/customuser/15/change/ HTTP/1.1" 500 171055
INFO 2025-07-21 19:50:52,431 basehttp 32752 31732 "GET /admin/authentication/customuser/ HTTP/1.1" 200 15540
ERROR 2025-07-21 19:50:53,415 log 32752 31732 Internal Server Error: /admin/authentication/customuser/1/change/
Traceback (most recent call last):
  File "C:\Users\andre\Documents\Github_Projects\Metrilabs-metribooks\venv\Lib\site-packages\django\contrib\admin\options.py", line 840, in get_form
    return modelform_factory(self.model, **defaults)
  File "C:\Users\andre\Documents\Github_Projects\Metrilabs-metribooks\venv\Lib\site-packages\django\forms\models.py", line 654, in modelform_factory
    return type(form)(class_name, (form,), form_class_attrs)
           ~~~~~~~~~~^^^^^^^^^^^^^^^^^^^^^^^^^^^^^^^^^^^^^^^
  File "C:\Users\andre\Documents\Github_Projects\Metrilabs-metribooks\venv\Lib\site-packages\django\forms\models.py", line 312, in __new__
    fields = fields_for_model(
        opts.model,
    ...<11 lines>...
        form_declared_fields=new_class.declared_fields,
    )
  File "C:\Users\andre\Documents\Github_Projects\Metrilabs-metribooks\venv\Lib\site-packages\django\forms\models.py", line 207, in fields_for_model
    raise FieldError(
    ...<2 lines>...
    )
django.core.exceptions.FieldError: 'date_joined' cannot be specified for CustomUser model form as it is a non-editable field

During handling of the above exception, another exception occurred:

Traceback (most recent call last):
  File "C:\Users\andre\Documents\Github_Projects\Metrilabs-metribooks\venv\Lib\site-packages\django\core\handlers\exception.py", line 55, in inner
    response = get_response(request)
  File "C:\Users\andre\Documents\Github_Projects\Metrilabs-metribooks\venv\Lib\site-packages\django\core\handlers\base.py", line 197, in _get_response
    response = wrapped_callback(request, *callback_args, **callback_kwargs)
  File "C:\Users\andre\Documents\Github_Projects\Metrilabs-metribooks\venv\Lib\site-packages\django\contrib\admin\options.py", line 719, in wrapper
    return self.admin_site.admin_view(view)(*args, **kwargs)
           ~~~~~~~~~~~~~~~~~~~~~~~~~~~~~~~~^^^^^^^^^^^^^^^^^
  File "C:\Users\andre\Documents\Github_Projects\Metrilabs-metribooks\venv\Lib\site-packages\django\utils\decorators.py", line 192, in _view_wrapper
    result = _process_exception(request, e)
  File "C:\Users\andre\Documents\Github_Projects\Metrilabs-metribooks\venv\Lib\site-packages\django\utils\decorators.py", line 190, in _view_wrapper
    response = view_func(request, *args, **kwargs)
  File "C:\Users\andre\Documents\Github_Projects\Metrilabs-metribooks\venv\Lib\site-packages\django\views\decorators\cache.py", line 80, in _view_wrapper
    response = view_func(request, *args, **kwargs)
  File "C:\Users\andre\Documents\Github_Projects\Metrilabs-metribooks\venv\Lib\site-packages\django\contrib\admin\sites.py", line 246, in inner
    return view(request, *args, **kwargs)
  File "C:\Users\andre\Documents\Github_Projects\Metrilabs-metribooks\venv\Lib\site-packages\django\contrib\admin\options.py", line 1987, in change_view
    return self.changeform_view(request, object_id, form_url, extra_context)
           ~~~~~~~~~~~~~~~~~~~~^^^^^^^^^^^^^^^^^^^^^^^^^^^^^^^^^^^^^^^^^^^^^
  File "C:\Users\andre\Documents\Github_Projects\Metrilabs-metribooks\venv\Lib\site-packages\django\utils\decorators.py", line 48, in _wrapper
    return bound_method(*args, **kwargs)
  File "C:\Users\andre\Documents\Github_Projects\Metrilabs-metribooks\venv\Lib\site-packages\django\utils\decorators.py", line 192, in _view_wrapper
    result = _process_exception(request, e)
  File "C:\Users\andre\Documents\Github_Projects\Metrilabs-metribooks\venv\Lib\site-packages\django\utils\decorators.py", line 190, in _view_wrapper
    response = view_func(request, *args, **kwargs)
  File "C:\Users\andre\Documents\Github_Projects\Metrilabs-metribooks\venv\Lib\site-packages\django\contrib\admin\options.py", line 1840, in changeform_view
    return self._changeform_view(request, object_id, form_url, extra_context)
           ~~~~~~~~~~~~~~~~~~~~~^^^^^^^^^^^^^^^^^^^^^^^^^^^^^^^^^^^^^^^^^^^^^
  File "C:\Users\andre\Documents\Github_Projects\Metrilabs-metribooks\venv\Lib\site-packages\django\contrib\admin\options.py", line 1878, in _changeform_view
    ModelForm = self.get_form(
        request, obj, change=not add, fields=flatten_fieldsets(fieldsets)
    )
  File "C:\Users\andre\Documents\Github_Projects\Metrilabs-metribooks\venv\Lib\site-packages\django\contrib\auth\admin.py", line 98, in get_form
    return super().get_form(request, obj, **defaults)
           ~~~~~~~~~~~~~~~~^^^^^^^^^^^^^^^^^^^^^^^^^^
  File "C:\Users\andre\Documents\Github_Projects\Metrilabs-metribooks\venv\Lib\site-packages\django\contrib\admin\options.py", line 842, in get_form
    raise FieldError(
    ...<2 lines>...
    )
django.core.exceptions.FieldError: 'date_joined' cannot be specified for CustomUser model form as it is a non-editable field. Check fields/fieldsets/exclude attributes of class CustomUserAdmin.
ERROR 2025-07-21 19:50:53,445 basehttp 32752 31732 "GET /admin/authentication/customuser/1/change/ HTTP/1.1" 500 171017
INFO 2025-07-21 19:50:58,082 basehttp 32752 31732 "GET /admin/authentication/customuser/ HTTP/1.1" 200 15540
INFO 2025-07-21 19:51:23,096 autoreload 12248 4468 Watching for file changes with StatReloader
INFO 2025-07-21 19:51:47,452 basehttp 12248 22816 "POST /admin/logout/ HTTP/1.1" 200 3568
INFO 2025-07-21 19:51:48,699 basehttp 12248 22816 "GET /admin/ HTTP/1.1" 302 0
INFO 2025-07-21 19:51:48,725 basehttp 12248 22816 "GET /admin/login/?next=/admin/ HTTP/1.1" 200 4170
INFO 2025-07-21 19:51:57,583 basehttp 12248 22816 "POST /admin/login/?next=/admin/ HTTP/1.1" 302 0
INFO 2025-07-21 19:51:57,605 basehttp 12248 22816 "GET /admin/ HTTP/1.1" 200 9551
INFO 2025-07-21 19:51:59,558 basehttp 12248 22816 "GET /admin/authentication/customuser/ HTTP/1.1" 200 16167
INFO 2025-07-21 19:51:59,600 basehttp 12248 22816 "GET /admin/jsi18n/ HTTP/1.1" 200 3342
ERROR 2025-07-21 19:52:00,821 log 12248 22816 Internal Server Error: /admin/authentication/customuser/16/change/
Traceback (most recent call last):
  File "C:\Users\andre\Documents\Github_Projects\Metrilabs-metribooks\venv\Lib\site-packages\django\contrib\admin\options.py", line 840, in get_form
    return modelform_factory(self.model, **defaults)
  File "C:\Users\andre\Documents\Github_Projects\Metrilabs-metribooks\venv\Lib\site-packages\django\forms\models.py", line 654, in modelform_factory
    return type(form)(class_name, (form,), form_class_attrs)
           ~~~~~~~~~~^^^^^^^^^^^^^^^^^^^^^^^^^^^^^^^^^^^^^^^
  File "C:\Users\andre\Documents\Github_Projects\Metrilabs-metribooks\venv\Lib\site-packages\django\forms\models.py", line 312, in __new__
    fields = fields_for_model(
        opts.model,
    ...<11 lines>...
        form_declared_fields=new_class.declared_fields,
    )
  File "C:\Users\andre\Documents\Github_Projects\Metrilabs-metribooks\venv\Lib\site-packages\django\forms\models.py", line 207, in fields_for_model
    raise FieldError(
    ...<2 lines>...
    )
django.core.exceptions.FieldError: 'date_joined' cannot be specified for CustomUser model form as it is a non-editable field

During handling of the above exception, another exception occurred:

Traceback (most recent call last):
  File "C:\Users\andre\Documents\Github_Projects\Metrilabs-metribooks\venv\Lib\site-packages\django\core\handlers\exception.py", line 55, in inner
    response = get_response(request)
  File "C:\Users\andre\Documents\Github_Projects\Metrilabs-metribooks\venv\Lib\site-packages\django\core\handlers\base.py", line 197, in _get_response
    response = wrapped_callback(request, *callback_args, **callback_kwargs)
  File "C:\Users\andre\Documents\Github_Projects\Metrilabs-metribooks\venv\Lib\site-packages\django\contrib\admin\options.py", line 719, in wrapper
    return self.admin_site.admin_view(view)(*args, **kwargs)
           ~~~~~~~~~~~~~~~~~~~~~~~~~~~~~~~~^^^^^^^^^^^^^^^^^
  File "C:\Users\andre\Documents\Github_Projects\Metrilabs-metribooks\venv\Lib\site-packages\django\utils\decorators.py", line 192, in _view_wrapper
    result = _process_exception(request, e)
  File "C:\Users\andre\Documents\Github_Projects\Metrilabs-metribooks\venv\Lib\site-packages\django\utils\decorators.py", line 190, in _view_wrapper
    response = view_func(request, *args, **kwargs)
  File "C:\Users\andre\Documents\Github_Projects\Metrilabs-metribooks\venv\Lib\site-packages\django\views\decorators\cache.py", line 80, in _view_wrapper
    response = view_func(request, *args, **kwargs)
  File "C:\Users\andre\Documents\Github_Projects\Metrilabs-metribooks\venv\Lib\site-packages\django\contrib\admin\sites.py", line 246, in inner
    return view(request, *args, **kwargs)
  File "C:\Users\andre\Documents\Github_Projects\Metrilabs-metribooks\venv\Lib\site-packages\django\contrib\admin\options.py", line 1987, in change_view
    return self.changeform_view(request, object_id, form_url, extra_context)
           ~~~~~~~~~~~~~~~~~~~~^^^^^^^^^^^^^^^^^^^^^^^^^^^^^^^^^^^^^^^^^^^^^
  File "C:\Users\andre\Documents\Github_Projects\Metrilabs-metribooks\venv\Lib\site-packages\django\utils\decorators.py", line 48, in _wrapper
    return bound_method(*args, **kwargs)
  File "C:\Users\andre\Documents\Github_Projects\Metrilabs-metribooks\venv\Lib\site-packages\django\utils\decorators.py", line 192, in _view_wrapper
    result = _process_exception(request, e)
  File "C:\Users\andre\Documents\Github_Projects\Metrilabs-metribooks\venv\Lib\site-packages\django\utils\decorators.py", line 190, in _view_wrapper
    response = view_func(request, *args, **kwargs)
  File "C:\Users\andre\Documents\Github_Projects\Metrilabs-metribooks\venv\Lib\site-packages\django\contrib\admin\options.py", line 1840, in changeform_view
    return self._changeform_view(request, object_id, form_url, extra_context)
           ~~~~~~~~~~~~~~~~~~~~~^^^^^^^^^^^^^^^^^^^^^^^^^^^^^^^^^^^^^^^^^^^^^
  File "C:\Users\andre\Documents\Github_Projects\Metrilabs-metribooks\venv\Lib\site-packages\django\contrib\admin\options.py", line 1878, in _changeform_view
    ModelForm = self.get_form(
        request, obj, change=not add, fields=flatten_fieldsets(fieldsets)
    )
  File "C:\Users\andre\Documents\Github_Projects\Metrilabs-metribooks\venv\Lib\site-packages\django\contrib\auth\admin.py", line 98, in get_form
    return super().get_form(request, obj, **defaults)
           ~~~~~~~~~~~~~~~~^^^^^^^^^^^^^^^^^^^^^^^^^^
  File "C:\Users\andre\Documents\Github_Projects\Metrilabs-metribooks\venv\Lib\site-packages\django\contrib\admin\options.py", line 842, in get_form
    raise FieldError(
    ...<2 lines>...
    )
django.core.exceptions.FieldError: 'date_joined' cannot be specified for CustomUser model form as it is a non-editable field. Check fields/fieldsets/exclude attributes of class CustomUserAdmin.
ERROR 2025-07-21 19:52:00,843 basehttp 12248 22816 "GET /admin/authentication/customuser/16/change/ HTTP/1.1" 500 171055
INFO 2025-07-21 19:52:02,547 basehttp 12248 22816 "GET /admin/authentication/customuser/ HTTP/1.1" 200 16167
INFO 2025-07-21 19:52:07,800 basehttp 12248 22816 "POST /admin/authentication/customuser/ HTTP/1.1" 200 11329
INFO 2025-07-21 19:52:09,432 basehttp 12248 22816 "POST /admin/authentication/customuser/ HTTP/1.1" 302 0
INFO 2025-07-21 19:52:09,454 basehttp 12248 22816 "GET /admin/authentication/customuser/ HTTP/1.1" 200 15047
INFO 2025-07-21 19:52:09,491 basehttp 12248 22816 "GET /admin/jsi18n/ HTTP/1.1" 200 3342
ERROR 2025-07-21 19:52:10,441 log 12248 22816 Internal Server Error: /admin/authentication/customuser/16/change/
Traceback (most recent call last):
  File "C:\Users\andre\Documents\Github_Projects\Metrilabs-metribooks\venv\Lib\site-packages\django\contrib\admin\options.py", line 840, in get_form
    return modelform_factory(self.model, **defaults)
  File "C:\Users\andre\Documents\Github_Projects\Metrilabs-metribooks\venv\Lib\site-packages\django\forms\models.py", line 654, in modelform_factory
    return type(form)(class_name, (form,), form_class_attrs)
           ~~~~~~~~~~^^^^^^^^^^^^^^^^^^^^^^^^^^^^^^^^^^^^^^^
  File "C:\Users\andre\Documents\Github_Projects\Metrilabs-metribooks\venv\Lib\site-packages\django\forms\models.py", line 312, in __new__
    fields = fields_for_model(
        opts.model,
    ...<11 lines>...
        form_declared_fields=new_class.declared_fields,
    )
  File "C:\Users\andre\Documents\Github_Projects\Metrilabs-metribooks\venv\Lib\site-packages\django\forms\models.py", line 207, in fields_for_model
    raise FieldError(
    ...<2 lines>...
    )
django.core.exceptions.FieldError: 'date_joined' cannot be specified for CustomUser model form as it is a non-editable field

During handling of the above exception, another exception occurred:

Traceback (most recent call last):
  File "C:\Users\andre\Documents\Github_Projects\Metrilabs-metribooks\venv\Lib\site-packages\django\core\handlers\exception.py", line 55, in inner
    response = get_response(request)
  File "C:\Users\andre\Documents\Github_Projects\Metrilabs-metribooks\venv\Lib\site-packages\django\core\handlers\base.py", line 197, in _get_response
    response = wrapped_callback(request, *callback_args, **callback_kwargs)
  File "C:\Users\andre\Documents\Github_Projects\Metrilabs-metribooks\venv\Lib\site-packages\django\contrib\admin\options.py", line 719, in wrapper
    return self.admin_site.admin_view(view)(*args, **kwargs)
           ~~~~~~~~~~~~~~~~~~~~~~~~~~~~~~~~^^^^^^^^^^^^^^^^^
  File "C:\Users\andre\Documents\Github_Projects\Metrilabs-metribooks\venv\Lib\site-packages\django\utils\decorators.py", line 192, in _view_wrapper
    result = _process_exception(request, e)
  File "C:\Users\andre\Documents\Github_Projects\Metrilabs-metribooks\venv\Lib\site-packages\django\utils\decorators.py", line 190, in _view_wrapper
    response = view_func(request, *args, **kwargs)
  File "C:\Users\andre\Documents\Github_Projects\Metrilabs-metribooks\venv\Lib\site-packages\django\views\decorators\cache.py", line 80, in _view_wrapper
    response = view_func(request, *args, **kwargs)
  File "C:\Users\andre\Documents\Github_Projects\Metrilabs-metribooks\venv\Lib\site-packages\django\contrib\admin\sites.py", line 246, in inner
    return view(request, *args, **kwargs)
  File "C:\Users\andre\Documents\Github_Projects\Metrilabs-metribooks\venv\Lib\site-packages\django\contrib\admin\options.py", line 1987, in change_view
    return self.changeform_view(request, object_id, form_url, extra_context)
           ~~~~~~~~~~~~~~~~~~~~^^^^^^^^^^^^^^^^^^^^^^^^^^^^^^^^^^^^^^^^^^^^^
  File "C:\Users\andre\Documents\Github_Projects\Metrilabs-metribooks\venv\Lib\site-packages\django\utils\decorators.py", line 48, in _wrapper
    return bound_method(*args, **kwargs)
  File "C:\Users\andre\Documents\Github_Projects\Metrilabs-metribooks\venv\Lib\site-packages\django\utils\decorators.py", line 192, in _view_wrapper
    result = _process_exception(request, e)
  File "C:\Users\andre\Documents\Github_Projects\Metrilabs-metribooks\venv\Lib\site-packages\django\utils\decorators.py", line 190, in _view_wrapper
    response = view_func(request, *args, **kwargs)
  File "C:\Users\andre\Documents\Github_Projects\Metrilabs-metribooks\venv\Lib\site-packages\django\contrib\admin\options.py", line 1840, in changeform_view
    return self._changeform_view(request, object_id, form_url, extra_context)
           ~~~~~~~~~~~~~~~~~~~~~^^^^^^^^^^^^^^^^^^^^^^^^^^^^^^^^^^^^^^^^^^^^^
  File "C:\Users\andre\Documents\Github_Projects\Metrilabs-metribooks\venv\Lib\site-packages\django\contrib\admin\options.py", line 1878, in _changeform_view
    ModelForm = self.get_form(
        request, obj, change=not add, fields=flatten_fieldsets(fieldsets)
    )
  File "C:\Users\andre\Documents\Github_Projects\Metrilabs-metribooks\venv\Lib\site-packages\django\contrib\auth\admin.py", line 98, in get_form
    return super().get_form(request, obj, **defaults)
           ~~~~~~~~~~~~~~~~^^^^^^^^^^^^^^^^^^^^^^^^^^
  File "C:\Users\andre\Documents\Github_Projects\Metrilabs-metribooks\venv\Lib\site-packages\django\contrib\admin\options.py", line 842, in get_form
    raise FieldError(
    ...<2 lines>...
    )
django.core.exceptions.FieldError: 'date_joined' cannot be specified for CustomUser model form as it is a non-editable field. Check fields/fieldsets/exclude attributes of class CustomUserAdmin.
ERROR 2025-07-21 19:52:10,458 basehttp 12248 22816 "GET /admin/authentication/customuser/16/change/ HTTP/1.1" 500 171055
INFO 2025-07-21 19:52:50,790 autoreload 12248 4468 C:\Users\andre\Documents\Github_Projects\Metrilabs-metribooks\backend\authentication\admin.py changed, reloading.
INFO 2025-07-21 19:52:51,647 autoreload 27384 32344 Watching for file changes with StatReloader
INFO 2025-07-21 19:53:36,634 autoreload 27384 32344 C:\Users\andre\Documents\Github_Projects\Metrilabs-metribooks\backend\authentication\admin.py changed, reloading.
INFO 2025-07-21 19:53:37,465 autoreload 31588 6776 Watching for file changes with StatReloader
INFO 2025-07-21 19:53:39,031 basehttp 31588 3012 "GET /admin/authentication/customuser/16/change/ HTTP/1.1" 200 24955
INFO 2025-07-21 19:53:39,077 basehttp 31588 6992 "GET /admin/jsi18n/ HTTP/1.1" 200 3342
INFO 2025-07-21 19:53:39,162 basehttp 31588 3012 "GET /static/admin/css/forms.css HTTP/1.1" 200 8525
INFO 2025-07-21 19:53:39,170 basehttp 31588 3012 "GET /static/admin/css/widgets.css HTTP/1.1" 200 11991
INFO 2025-07-21 19:53:39,177 basehttp 31588 4372 "GET /static/admin/js/SelectBox.js HTTP/1.1" 200 4530
INFO 2025-07-21 19:53:39,180 basehttp 31588 8144 "GET /static/admin/js/SelectFilter2.js HTTP/1.1" 200 15845
INFO 2025-07-21 19:53:39,182 basehttp 31588 23096 "GET /static/admin/js/prepopulate_init.js HTTP/1.1" 200 586
INFO 2025-07-21 19:53:39,200 basehttp 31588 23096 "GET /static/admin/js/change_form.js HTTP/1.1" 200 606
INFO 2025-07-21 19:53:39,260 basehttp 31588 23096 "GET /static/admin/img/selector-icons.svg HTTP/1.1" 200 3291
INFO 2025-07-21 20:10:31,190 autoreload 31588 6776 C:\Users\andre\Documents\Github_Projects\Metrilabs-metribooks\backend\backend\settings.py changed, reloading.
INFO 2025-07-21 20:10:31,742 autoreload 22560 6492 Watching for file changes with StatReloader
INFO 2025-07-21 20:10:40,708 autoreload 22560 6492 C:\Users\andre\Documents\Github_Projects\Metrilabs-metribooks\backend\backend\urls.py changed, reloading.
INFO 2025-07-21 20:10:41,242 autoreload 20300 4400 Watching for file changes with StatReloader
INFO 2025-07-21 20:10:56,373 autoreload 20300 4400 C:\Users\andre\Documents\Github_Projects\Metrilabs-metribooks\backend\profiles\serializers.py changed, reloading.
INFO 2025-07-21 20:10:56,914 autoreload 14980 32660 Watching for file changes with StatReloader
INFO 2025-07-21 20:11:40,952 autoreload 14980 32660 C:\Users\andre\Documents\Github_Projects\Metrilabs-metribooks\backend\profiles\models.py changed, reloading.
INFO 2025-07-21 20:11:41,479 autoreload 19932 30608 Watching for file changes with StatReloader
INFO 2025-07-21 20:13:29,701 autoreload 19932 30608 C:\Users\andre\Documents\Github_Projects\Metrilabs-metribooks\backend\profiles\models.py changed, reloading.
INFO 2025-07-21 20:13:30,271 autoreload 30964 34512 Watching for file changes with StatReloader
INFO 2025-07-21 20:14:56,096 autoreload 30964 34512 C:\Users\andre\Documents\Github_Projects\Metrilabs-metribooks\backend\profiles\apps.py changed, reloading.
INFO 2025-07-21 20:14:56,671 autoreload 12920 30408 Watching for file changes with StatReloader
INFO 2025-07-21 20:16:09,066 autoreload 12920 30408 C:\Users\andre\Documents\Github_Projects\Metrilabs-metribooks\backend\profiles\apps.py changed, reloading.
INFO 2025-07-21 20:16:09,593 autoreload 17132 30020 Watching for file changes with StatReloader
INFO 2025-07-21 20:16:32,677 basehttp 17132 11728 "GET /admin/authentication/customuser/16/change/ HTTP/1.1" 200 26093
INFO 2025-07-21 20:16:32,712 basehttp 17132 11728 "GET /admin/jsi18n/ HTTP/1.1" 200 3342
INFO 2025-07-21 20:16:34,017 basehttp 17132 11728 "GET /admin/profiles/userprofile/ HTTP/1.1" 200 15849
INFO 2025-07-21 20:16:35,590 basehttp 17132 11728 "GET /admin/authentication/customuser/ HTTP/1.1" 200 15731
INFO 2025-07-21 20:16:35,618 basehttp 17132 11728 "GET /admin/jsi18n/ HTTP/1.1" 200 3342
WARNING 2025-07-21 20:19:53,448 log 17132 22228 Not Found: /
WARNING 2025-07-21 20:19:53,455 basehttp 17132 22228 "GET / HTTP/1.1" 404 2457
WARNING 2025-07-21 20:19:53,494 log 17132 22228 Not Found: /favicon.ico
WARNING 2025-07-21 20:19:53,501 basehttp 17132 22228 "GET /favicon.ico HTTP/1.1" 404 2508
WARNING 2025-07-21 20:20:01,354 log 17132 22228 Not Found: /api/
WARNING 2025-07-21 20:20:01,359 basehttp 17132 22228 "GET /api/ HTTP/1.1" 404 3443
INFO 2025-07-21 20:22:18,002 basehttp 17132 28216 "GET /admin/authentication/customuser/ HTTP/1.1" 200 15731
INFO 2025-07-21 20:22:18,038 basehttp 17132 28216 "GET /admin/jsi18n/ HTTP/1.1" 200 3342
INFO 2025-07-21 20:22:19,046 basehttp 17132 28216 "GET /admin/authentication/customuser/add/ HTTP/1.1" 200 15868
INFO 2025-07-21 20:22:19,081 basehttp 17132 28216 "GET /admin/jsi18n/ HTTP/1.1" 200 3342
INFO 2025-07-21 20:22:19,125 basehttp 17132 20672 "GET /static/admin/css/unusable_password_field.css HTTP/1.1" 200 663
INFO 2025-07-21 20:22:19,142 basehttp 17132 28216 "GET /static/admin/js/unusable_password_field.js HTTP/1.1" 200 1480
INFO 2025-07-21 20:22:52,349 basehttp 17132 28216 "POST /admin/authentication/customuser/add/ HTTP/1.1" 302 0
INFO 2025-07-21 20:22:52,378 basehttp 17132 28216 "GET /admin/authentication/customuser/17/change/ HTTP/1.1" 200 26419
INFO 2025-07-21 20:22:52,414 basehttp 17132 28216 "GET /admin/jsi18n/ HTTP/1.1" 200 3342
INFO 2025-07-21 20:22:53,982 basehttp 17132 28216 "GET /admin/profiles/userprofile/ HTTP/1.1" 200 17886
INFO 2025-07-21 20:22:58,158 basehttp 17132 28216 "GET /admin/authentication/customuser/ HTTP/1.1" 200 16405
INFO 2025-07-21 20:22:58,190 basehttp 17132 28216 "GET /admin/jsi18n/ HTTP/1.1" 200 3342
INFO 2025-07-21 20:23:04,841 basehttp 17132 28216 "GET /admin/profiles/userprofile/ HTTP/1.1" 200 17886
INFO 2025-07-21 20:23:06,856 basehttp 17132 28216 "GET /admin/profiles/userprofile/1/change/ HTTP/1.1" 200 24430
INFO 2025-07-21 20:23:06,884 basehttp 17132 28216 "GET /admin/jsi18n/ HTTP/1.1" 200 3342
INFO 2025-07-21 20:25:47,464 autoreload 17132 30020 C:\Users\andre\Documents\Github_Projects\Metrilabs-metribooks\backend\authentication\models.py changed, reloading.
INFO 2025-07-21 20:25:48,077 autoreload 34656 2956 Watching for file changes with StatReloader
INFO 2025-07-21 20:25:56,020 autoreload 34656 2956 C:\Users\andre\Documents\Github_Projects\Metrilabs-metribooks\backend\profiles\models.py changed, reloading.
INFO 2025-07-21 20:25:56,635 autoreload 34532 19012 Watching for file changes with StatReloader
INFO 2025-07-21 20:26:04,583 autoreload 34532 19012 C:\Users\andre\Documents\Github_Projects\Metrilabs-metribooks\backend\profiles\models.py changed, reloading.
INFO 2025-07-21 20:26:05,120 autoreload 12860 21980 Watching for file changes with StatReloader
INFO 2025-07-21 20:26:15,101 autoreload 12860 21980 C:\Users\andre\Documents\Github_Projects\Metrilabs-metribooks\backend\profiles\models.py changed, reloading.
INFO 2025-07-21 20:26:15,629 autoreload 12024 26816 Watching for file changes with StatReloader
INFO 2025-07-21 20:26:29,768 autoreload 12024 26816 C:\Users\andre\Documents\Github_Projects\Metrilabs-metribooks\backend\authentication\admin.py changed, reloading.
INFO 2025-07-21 20:26:30,323 autoreload 18836 26024 Watching for file changes with StatReloader
INFO 2025-07-21 20:26:43,509 autoreload 18836 26024 C:\Users\andre\Documents\Github_Projects\Metrilabs-metribooks\backend\profiles\admin.py changed, reloading.
INFO 2025-07-21 20:26:44,117 autoreload 12316 27888 Watching for file changes with StatReloader
INFO 2025-07-21 20:26:53,125 autoreload 12316 27888 C:\Users\andre\Documents\Github_Projects\Metrilabs-metribooks\backend\profiles\serializers.py changed, reloading.
INFO 2025-07-21 20:26:53,665 autoreload 10180 20568 Watching for file changes with StatReloader
INFO 2025-07-21 20:27:03,706 autoreload 10180 20568 C:\Users\andre\Documents\Github_Projects\Metrilabs-metribooks\backend\profiles\serializers.py changed, reloading.
INFO 2025-07-21 20:27:04,226 autoreload 24036 21928 Watching for file changes with StatReloader
INFO 2025-07-21 20:27:11,183 autoreload 24036 21928 C:\Users\andre\Documents\Github_Projects\Metrilabs-metribooks\backend\profiles\serializers.py changed, reloading.
INFO 2025-07-21 20:27:11,722 autoreload 32980 31636 Watching for file changes with StatReloader
INFO 2025-07-21 20:27:19,782 autoreload 32980 31636 C:\Users\andre\Documents\Github_Projects\Metrilabs-metribooks\backend\profiles\serializers.py changed, reloading.
INFO 2025-07-21 20:27:20,322 autoreload 25668 22420 Watching for file changes with StatReloader
INFO 2025-07-21 20:27:27,232 autoreload 25668 22420 C:\Users\andre\Documents\Github_Projects\Metrilabs-metribooks\backend\profiles\serializers.py changed, reloading.
INFO 2025-07-21 20:27:27,745 autoreload 14668 15248 Watching for file changes with StatReloader
INFO 2025-07-21 20:27:36,769 autoreload 14668 15248 C:\Users\andre\Documents\Github_Projects\Metrilabs-metribooks\backend\profiles\views.py changed, reloading.
INFO 2025-07-21 20:27:37,355 autoreload 25648 23732 Watching for file changes with StatReloader
INFO 2025-07-21 20:28:45,616 autoreload 25648 23732 C:\Users\andre\Documents\Github_Projects\Metrilabs-metribooks\backend\profiles\models.py changed, reloading.
INFO 2025-07-21 20:28:46,214 autoreload 22872 26492 Watching for file changes with StatReloader
INFO 2025-07-21 20:29:15,188 autoreload 22872 26492 C:\Users\andre\Documents\Github_Projects\Metrilabs-metribooks\backend\profiles\models.py changed, reloading.
INFO 2025-07-21 20:29:15,788 autoreload 8776 30680 Watching for file changes with StatReloader
INFO 2025-07-21 20:29:25,874 autoreload 8776 30680 C:\Users\andre\Documents\Github_Projects\Metrilabs-metribooks\backend\profiles\models.py changed, reloading.
INFO 2025-07-21 20:29:26,473 autoreload 21724 17052 Watching for file changes with StatReloader
INFO 2025-07-21 20:30:08,362 basehttp 21724 21172 "GET /admin/profiles/userprofile/1/change/ HTTP/1.1" 200 26240
INFO 2025-07-21 20:30:08,396 basehttp 21724 21172 "GET /admin/jsi18n/ HTTP/1.1" 200 3342
INFO 2025-07-21 20:30:08,949 basehttp 21724 21172 "GET /admin/profiles/userprofile/1/change/ HTTP/1.1" 200 26240
INFO 2025-07-21 20:30:08,981 basehttp 21724 21172 "GET /admin/jsi18n/ HTTP/1.1" 200 3342
INFO 2025-07-21 20:30:10,405 basehttp 21724 21172 "GET /admin/authentication/customuser/ HTTP/1.1" 200 16374
INFO 2025-07-21 20:30:10,440 basehttp 21724 21172 "GET /admin/jsi18n/ HTTP/1.1" 200 3342
INFO 2025-07-21 20:30:17,119 basehttp 21724 21172 "GET /admin/profiles/userprofile/ HTTP/1.1" 200 17886
INFO 2025-07-21 20:33:35,593 autoreload 21724 17052 C:\Users\andre\Documents\Github_Projects\Metrilabs-metribooks\backend\authentication\admin.py changed, reloading.
INFO 2025-07-21 20:33:36,270 autoreload 29908 12200 Watching for file changes with StatReloader
INFO 2025-07-21 20:33:38,078 basehttp 29908 7400 "GET /admin/profiles/userprofile/ HTTP/1.1" 200 17886
INFO 2025-07-21 20:33:41,338 basehttp 29908 7400 "GET /admin/authentication/customuser/ HTTP/1.1" 200 16175
INFO 2025-07-21 20:33:41,375 basehttp 29908 7400 "GET /admin/jsi18n/ HTTP/1.1" 200 3342
INFO 2025-07-21 20:33:47,115 basehttp 29908 7400 "GET /admin/authentication/customuser/17/change/ HTTP/1.1" 200 24677
INFO 2025-07-21 20:33:47,148 basehttp 29908 7400 "GET /admin/jsi18n/ HTTP/1.1" 200 3342
INFO 2025-07-21 20:33:57,379 basehttp 29908 7400 "GET /admin/authentication/customuser/ HTTP/1.1" 200 16175
INFO 2025-07-21 20:34:00,267 basehttp 29908 7400 "GET /admin/profiles/userprofile/ HTTP/1.1" 200 17886
INFO 2025-07-21 20:36:44,699 autoreload 29908 12200 C:\Users\andre\Documents\Github_Projects\Metrilabs-metribooks\backend\authentication\admin.py changed, reloading.
INFO 2025-07-21 20:36:45,358 autoreload 14520 23108 Watching for file changes with StatReloader
INFO 2025-07-21 20:37:05,922 autoreload 14520 23108 C:\Users\andre\Documents\Github_Projects\Metrilabs-metribooks\backend\authentication\admin.py changed, reloading.
INFO 2025-07-21 20:37:06,554 autoreload 9004 33920 Watching for file changes with StatReloader
INFO 2025-07-21 20:37:08,373 basehttp 9004 31476 "GET /admin/profiles/userprofile/ HTTP/1.1" 200 17886
INFO 2025-07-21 20:37:10,008 basehttp 9004 31476 "GET /admin/authentication/customuser/ HTTP/1.1" 200 16175
INFO 2025-07-21 20:37:10,046 basehttp 9004 31476 "GET /admin/jsi18n/ HTTP/1.1" 200 3342
INFO 2025-07-21 20:37:11,102 basehttp 9004 31476 "GET /admin/authentication/customuser/17/change/ HTTP/1.1" 200 24677
INFO 2025-07-21 20:37:11,134 basehttp 9004 31476 "GET /admin/jsi18n/ HTTP/1.1" 200 3342
INFO 2025-07-21 20:37:40,459 basehttp 9004 31476 "GET /admin/authentication/customuser/ HTTP/1.1" 200 16175
INFO 2025-07-21 20:37:43,139 basehttp 9004 31476 "GET /admin/profiles/userprofile/ HTTP/1.1" 200 17886
INFO 2025-07-21 20:37:44,978 basehttp 9004 31476 "GET /admin/profiles/userprofile/1/change/ HTTP/1.1" 200 26240
INFO 2025-07-21 20:37:45,010 basehttp 9004 31476 "GET /admin/jsi18n/ HTTP/1.1" 200 3342
INFO 2025-07-21 20:37:58,410 basehttp 9004 31476 "POST /admin/profiles/userprofile/1/change/ HTTP/1.1" 200 27054
INFO 2025-07-21 20:37:58,431 basehttp 9004 31476 "GET /admin/jsi18n/ HTTP/1.1" 200 3342
INFO 2025-07-21 20:38:22,990 basehttp 9004 31476 "POST /admin/profiles/userprofile/1/change/ HTTP/1.1" 302 0
INFO 2025-07-21 20:38:23,007 basehttp 9004 31476 "GET /admin/profiles/userprofile/ HTTP/1.1" 200 18171
INFO 2025-07-21 20:38:30,983 basehttp 9004 31476 "GET /admin/authentication/customuser/ HTTP/1.1" 200 16184
INFO 2025-07-21 20:38:31,011 basehttp 9004 31476 "GET /admin/jsi18n/ HTTP/1.1" 200 3342
INFO 2025-07-21 20:38:32,323 basehttp 9004 31476 "GET /admin/authentication/customuser/17/change/ HTTP/1.1" 200 24677
INFO 2025-07-21 20:38:32,355 basehttp 9004 31476 "GET /admin/jsi18n/ HTTP/1.1" 200 3342
INFO 2025-07-21 20:38:40,369 basehttp 9004 31476 "GET /admin/authentication/customuser/ HTTP/1.1" 200 16184
INFO 2025-07-21 20:39:14,100 basehttp 9004 31476 "GET /admin/authentication/customuser/17/change/ HTTP/1.1" 200 24677
INFO 2025-07-21 20:39:14,132 basehttp 9004 31476 "GET /admin/jsi18n/ HTTP/1.1" 200 3342
INFO 2025-07-21 20:39:36,196 autoreload 9004 33920 C:\Users\andre\Documents\Github_Projects\Metrilabs-metribooks\backend\authentication\admin.py changed, reloading.
INFO 2025-07-21 20:39:36,769 autoreload 14120 29252 Watching for file changes with StatReloader
INFO 2025-07-21 20:39:51,040 autoreload 14120 29252 C:\Users\andre\Documents\Github_Projects\Metrilabs-metribooks\backend\authentication\admin.py changed, reloading.
INFO 2025-07-21 20:39:51,554 autoreload 17768 17852 Watching for file changes with StatReloader
INFO 2025-07-21 20:40:07,905 basehttp 17768 13516 "GET /admin/authentication/customuser/17/change/ HTTP/1.1" 200 26002
INFO 2025-07-21 20:40:07,938 basehttp 17768 13516 "GET /admin/jsi18n/ HTTP/1.1" 200 3342
INFO 2025-07-21 20:40:16,246 basehttp 17768 13516 "GET /admin/profiles/userprofile/ HTTP/1.1" 200 17939
INFO 2025-07-21 20:40:24,472 basehttp 17768 13516 "GET /admin/profiles/userprofile/1/change/ HTTP/1.1" 200 26409
INFO 2025-07-21 20:40:24,506 basehttp 17768 13516 "GET /admin/jsi18n/ HTTP/1.1" 200 3342
INFO 2025-07-21 20:40:34,850 basehttp 17768 13516 "POST /admin/profiles/userprofile/1/change/ HTTP/1.1" 302 0
INFO 2025-07-21 20:40:34,870 basehttp 17768 13516 "GET /admin/profiles/userprofile/ HTTP/1.1" 200 18171
INFO 2025-07-21 20:40:40,537 basehttp 17768 13516 "GET /admin/profiles/userprofile/1/change/ HTTP/1.1" 200 26409
INFO 2025-07-21 20:40:40,568 basehttp 17768 13516 "GET /admin/jsi18n/ HTTP/1.1" 200 3342
INFO 2025-07-21 20:40:43,063 basehttp 17768 13516 "GET /admin/profiles/userprofile/ HTTP/1.1" 200 17939
INFO 2025-07-21 20:40:45,551 basehttp 17768 13516 "GET /admin/profiles/userprofile/?monthly_revenue_range__exact=1001-5000 HTTP/1.1" 200 17506
INFO 2025-07-21 20:40:48,201 basehttp 17768 13516 "GET /admin/profiles/userprofile/?monthly_revenue_range__exact=1001-5000 HTTP/1.1" 200 17506
INFO 2025-07-21 20:40:50,001 basehttp 17768 13516 "GET /admin/profiles/userprofile/?monthly_revenue_range__exact=5001-10000 HTTP/1.1" 200 19857
INFO 2025-07-21 20:40:57,575 basehttp 17768 13516 "GET /admin/django_db_logger/statuslog/ HTTP/1.1" 200 74498
INFO 2025-07-21 20:40:57,603 basehttp 17768 13516 "GET /admin/jsi18n/ HTTP/1.1" 200 3342
INFO 2025-07-21 20:41:35,706 basehttp 17768 13516 "GET /admin/profiles/userprofile/ HTTP/1.1" 200 17939
INFO 2025-07-21 20:41:43,070 basehttp 17768 13516 "GET /admin/profiles/userprofile/?business_type__exact=technology HTTP/1.1" 200 19421
INFO 2025-07-21 20:42:29,972 autoreload 17768 17852 C:\Users\andre\Documents\Github_Projects\Metrilabs-metribooks\backend\authentication\admin.py changed, reloading.
INFO 2025-07-21 20:42:30,747 autoreload 13592 8108 Watching for file changes with StatReloader
INFO 2025-07-21 21:24:34,884 autoreload 30920 27628 Watching for file changes with StatReloader
INFO 2025-07-21 21:24:38,324 basehttp 30920 2632 "GET /admin/profiles/userprofile/?business_type__exact=technology HTTP/1.1" 200 21534
INFO 2025-07-21 21:24:40,020 basehttp 30920 2632 "GET /admin/products/productcategory/ HTTP/1.1" 200 15001
INFO 2025-07-21 21:24:40,056 basehttp 30920 2632 "GET /admin/jsi18n/ HTTP/1.1" 200 3342
INFO 2025-07-21 21:24:42,336 basehttp 30920 2632 "GET /admin/products/productinventory/ HTTP/1.1" 200 16139
INFO 2025-07-21 21:24:42,367 basehttp 30920 2632 "GET /admin/jsi18n/ HTTP/1.1" 200 3342
INFO 2025-07-21 21:24:44,896 basehttp 30920 2632 "GET /admin/products/product/ HTTP/1.1" 200 16171
INFO 2025-07-21 21:24:44,925 basehttp 30920 2632 "GET /admin/jsi18n/ HTTP/1.1" 200 3342
INFO 2025-07-21 21:24:47,234 basehttp 30920 2632 "GET /admin/products/stockmovement/ HTTP/1.1" 200 15534
INFO 2025-07-21 21:24:47,265 basehttp 30920 2632 "GET /admin/jsi18n/ HTTP/1.1" 200 3342
INFO 2025-07-21 21:30:26,253 basehttp 30920 31220 "GET /admin/products/productcategory/ HTTP/1.1" 200 15001
INFO 2025-07-21 21:30:26,298 basehttp 30920 31220 "GET /admin/jsi18n/ HTTP/1.1" 200 3342
INFO 2025-07-21 21:30:27,755 basehttp 30920 31220 "GET /admin/products/productcategory/add/ HTTP/1.1" 200 18456
INFO 2025-07-21 21:30:27,790 basehttp 30920 31220 "GET /admin/jsi18n/ HTTP/1.1" 200 3342
INFO 2025-07-21 21:30:34,980 basehttp 30920 31220 "POST /admin/products/productcategory/add/ HTTP/1.1" 302 0
INFO 2025-07-21 21:30:35,006 basehttp 30920 31220 "GET /admin/products/productcategory/ HTTP/1.1" 200 17393
INFO 2025-07-21 21:30:35,043 basehttp 30920 31220 "GET /admin/jsi18n/ HTTP/1.1" 200 3342
INFO 2025-07-21 21:30:39,904 basehttp 30920 31220 "GET /admin/products/productinventory/ HTTP/1.1" 200 16139
INFO 2025-07-21 21:30:39,933 basehttp 30920 31220 "GET /admin/jsi18n/ HTTP/1.1" 200 3342
INFO 2025-07-21 21:30:41,957 basehttp 30920 31220 "GET /admin/products/productcategory/ HTTP/1.1" 200 17173
INFO 2025-07-21 21:30:41,987 basehttp 30920 31220 "GET /admin/jsi18n/ HTTP/1.1" 200 3342
INFO 2025-07-21 21:30:43,068 basehttp 30920 31220 "GET /admin/products/productcategory/1/change/ HTTP/1.1" 200 18801
INFO 2025-07-21 21:30:43,097 basehttp 30920 31220 "GET /admin/jsi18n/ HTTP/1.1" 200 3342
INFO 2025-07-21 21:30:51,196 basehttp 30920 31220 "GET /admin/products/productinventory/ HTTP/1.1" 200 16139
INFO 2025-07-21 21:30:51,222 basehttp 30920 31220 "GET /admin/jsi18n/ HTTP/1.1" 200 3342
INFO 2025-07-21 21:30:54,894 basehttp 30920 31220 "GET /admin/products/product/add/ HTTP/1.1" 200 35386
INFO 2025-07-21 21:30:54,926 basehttp 30920 31220 "GET /admin/jsi18n/ HTTP/1.1" 200 3342
INFO 2025-07-21 21:30:54,972 basehttp 30920 25312 "GET /static/admin/js/calendar.js HTTP/1.1" 200 9141
INFO 2025-07-21 21:30:54,973 basehttp 30920 15100 "GET /static/admin/js/admin/DateTimeShortcuts.js HTTP/1.1" 200 19319
INFO 2025-07-21 21:30:54,980 basehttp 30920 25312 "GET /static/admin/img/icon-deletelink.svg HTTP/1.1" 200 392
INFO 2025-07-21 21:31:24,598 basehttp 30920 25312 "POST /admin/products/product/add/ HTTP/1.1" 302 0
INFO 2025-07-21 21:31:24,622 basehttp 30920 25312 "GET /admin/products/product/ HTTP/1.1" 200 19151
INFO 2025-07-21 21:31:24,658 basehttp 30920 25312 "GET /admin/jsi18n/ HTTP/1.1" 200 3342
INFO 2025-07-21 21:31:29,297 basehttp 30920 25312 "GET /admin/products/stockmovement/ HTTP/1.1" 200 15534
INFO 2025-07-21 21:31:29,330 basehttp 30920 25312 "GET /admin/jsi18n/ HTTP/1.1" 200 3342
INFO 2025-07-21 21:31:31,526 basehttp 30920 25312 "GET /admin/products/productinventory/ HTTP/1.1" 200 18680
INFO 2025-07-21 21:31:31,559 basehttp 30920 25312 "GET /admin/jsi18n/ HTTP/1.1" 200 3342
INFO 2025-07-21 21:31:33,380 basehttp 30920 25312 "GET /admin/products/productcategory/ HTTP/1.1" 200 17173
INFO 2025-07-21 21:31:33,411 basehttp 30920 25312 "GET /admin/jsi18n/ HTTP/1.1" 200 3342
INFO 2025-07-21 21:31:34,237 basehttp 30920 25312 "GET /admin/products/productinventory/ HTTP/1.1" 200 18680
INFO 2025-07-21 21:31:34,270 basehttp 30920 25312 "GET /admin/jsi18n/ HTTP/1.1" 200 3342
INFO 2025-07-21 21:31:35,436 basehttp 30920 25312 "GET /admin/products/productinventory/1/change/ HTTP/1.1" 200 20845
INFO 2025-07-21 21:31:35,468 basehttp 30920 25312 "GET /admin/jsi18n/ HTTP/1.1" 200 3342
INFO 2025-07-21 21:31:35,505 basehttp 30920 15100 "GET /static/admin/img/icon-clock.svg HTTP/1.1" 200 677
INFO 2025-07-21 21:31:35,505 basehttp 30920 25312 "GET /static/admin/img/icon-calendar.svg HTTP/1.1" 200 1086
INFO 2025-07-21 21:31:41,737 basehttp 30920 25312 "POST /admin/products/productinventory/1/change/ HTTP/1.1" 302 0
INFO 2025-07-21 21:31:41,757 basehttp 30920 25312 "GET /admin/products/productinventory/ HTTP/1.1" 200 18934
INFO 2025-07-21 21:31:41,794 basehttp 30920 25312 "GET /admin/jsi18n/ HTTP/1.1" 200 3342
INFO 2025-07-21 21:31:47,891 basehttp 30920 25312 "GET /admin/products/productcategory/ HTTP/1.1" 200 17173
INFO 2025-07-21 21:31:47,922 basehttp 30920 25312 "GET /admin/jsi18n/ HTTP/1.1" 200 3342
INFO 2025-07-21 21:31:50,253 basehttp 30920 25312 "GET /admin/products/product/ HTTP/1.1" 200 18938
INFO 2025-07-21 21:31:50,286 basehttp 30920 25312 "GET /admin/jsi18n/ HTTP/1.1" 200 3342
INFO 2025-07-21 21:31:51,892 basehttp 30920 25312 "GET /admin/products/stockmovement/ HTTP/1.1" 200 15534
INFO 2025-07-21 21:31:51,923 basehttp 30920 25312 "GET /admin/jsi18n/ HTTP/1.1" 200 3342
INFO 2025-07-21 21:31:52,942 basehttp 30920 25312 "GET /admin/products/product/ HTTP/1.1" 200 18938
INFO 2025-07-21 21:31:52,971 basehttp 30920 25312 "GET /admin/jsi18n/ HTTP/1.1" 200 3342
INFO 2025-07-21 21:31:53,931 basehttp 30920 25312 "GET /admin/products/product/1/change/ HTTP/1.1" 200 42812
INFO 2025-07-21 21:31:53,959 basehttp 30920 25312 "GET /admin/jsi18n/ HTTP/1.1" 200 3342
INFO 2025-07-21 21:32:13,856 basehttp 30920 25312 "GET /admin/products/product/ HTTP/1.1" 200 18938
INFO 2025-07-21 21:32:17,455 basehttp 30920 25312 "GET /admin/products/stockmovement/ HTTP/1.1" 200 15534
INFO 2025-07-21 21:32:17,483 basehttp 30920 25312 "GET /admin/jsi18n/ HTTP/1.1" 200 3342
INFO 2025-07-21 21:32:21,385 basehttp 30920 25312 "GET /admin/products/product/ HTTP/1.1" 200 18938
INFO 2025-07-21 21:32:21,415 basehttp 30920 25312 "GET /admin/jsi18n/ HTTP/1.1" 200 3342
INFO 2025-07-21 21:51:18,705 autoreload 6408 27464 Watching for file changes with StatReloader
INFO 2025-07-21 21:51:31,364 basehttp 6408 22816 "GET /admin/ HTTP/1.1" 200 16325
WARNING 2025-07-21 21:51:35,371 log 6408 22816 Not Found: /favicon.ico
WARNING 2025-07-21 21:51:35,376 basehttp 6408 22816 "GET /favicon.ico HTTP/1.1" 404 2655
INFO 2025-07-21 21:51:37,473 basehttp 6408 22816 "GET /admin/products/productcategory/ HTTP/1.1" 200 20027
INFO 2025-07-21 21:51:37,508 basehttp 6408 22816 "GET /admin/jsi18n/ HTTP/1.1" 200 3342
INFO 2025-07-21 21:51:40,203 basehttp 6408 22816 "GET /admin/products/productinventory/ HTTP/1.1" 200 24768
INFO 2025-07-21 21:51:40,233 basehttp 6408 22816 "GET /admin/jsi18n/ HTTP/1.1" 200 3342
INFO 2025-07-21 21:51:42,140 basehttp 6408 22816 "GET /admin/products/product/ HTTP/1.1" 200 25057
INFO 2025-07-21 21:51:42,172 basehttp 6408 22816 "GET /admin/jsi18n/ HTTP/1.1" 200 3342
INFO 2025-07-21 21:51:42,965 basehttp 6408 2344 "GET /admin/products/stockmovement/ HTTP/1.1" 200 23269
INFO 2025-07-21 21:51:42,998 basehttp 6408 2344 "GET /admin/jsi18n/ HTTP/1.1" 200 3342
INFO 2025-07-21 21:51:49,777 basehttp 6408 2344 "GET /admin/products/stockmovement/7/change/ HTTP/1.1" 200 20664
INFO 2025-07-21 21:51:49,807 basehttp 6408 2344 "GET /admin/jsi18n/ HTTP/1.1" 200 3342
INFO 2025-07-21 21:51:54,670 basehttp 6408 2344 "GET /admin/products/product/ HTTP/1.1" 200 25057
INFO 2025-07-21 21:51:54,705 basehttp 6408 2344 "GET /admin/jsi18n/ HTTP/1.1" 200 3342
INFO 2025-07-21 21:51:57,167 basehttp 6408 2344 "GET /admin/products/product/6/change/ HTTP/1.1" 200 43163
INFO 2025-07-21 21:51:57,194 basehttp 6408 2344 "GET /admin/jsi18n/ HTTP/1.1" 200 3342
INFO 2025-07-21 21:52:04,555 basehttp 6408 2344 "GET /admin/products/productinventory/ HTTP/1.1" 200 24768
INFO 2025-07-21 21:52:04,585 basehttp 6408 2344 "GET /admin/jsi18n/ HTTP/1.1" 200 3342
INFO 2025-07-21 21:52:07,501 basehttp 6408 2344 "GET /admin/products/productcategory/ HTTP/1.1" 200 20027
INFO 2025-07-21 21:52:07,530 basehttp 6408 2344 "GET /admin/jsi18n/ HTTP/1.1" 200 3342
INFO 2025-07-21 21:52:28,729 autoreload 28624 28628 Watching for file changes with StatReloader
INFO 2025-07-21 21:59:01,980 basehttp 6408 9536 "GET /admin/products/productinventory/ HTTP/1.1" 200 24768
INFO 2025-07-21 21:59:02,013 basehttp 6408 9536 "GET /admin/jsi18n/ HTTP/1.1" 200 3342
INFO 2025-07-21 21:59:09,687 basehttp 6408 9536 "GET /admin/products/product/ HTTP/1.1" 200 25057
INFO 2025-07-21 21:59:09,723 basehttp 6408 9536 "GET /admin/jsi18n/ HTTP/1.1" 200 3342
WARNING 2025-07-21 22:02:30,244 log 6408 24244 Not Found: /
WARNING 2025-07-21 22:02:30,248 basehttp 6408 24244 "GET / HTTP/1.1" 404 2604
WARNING 2025-07-21 22:02:31,378 log 6408 24244 Not Found: /
WARNING 2025-07-21 22:02:31,385 basehttp 6408 24244 "GET / HTTP/1.1" 404 2604
WARNING 2025-07-21 22:02:31,432 log 6408 24244 Not Found: /favicon.ico
WARNING 2025-07-21 22:02:31,439 basehttp 6408 24244 "GET /favicon.ico HTTP/1.1" 404 2655
WARNING 2025-07-21 22:02:38,467 log 6408 24244 Not Found: /api/
WARNING 2025-07-21 22:02:38,472 basehttp 6408 24244 "GET /api/ HTTP/1.1" 404 6031
INFO 2025-07-21 22:04:21,545 basehttp 6408 17532 "GET /admin/products/product/ HTTP/1.1" 200 25057
INFO 2025-07-21 22:04:21,575 basehttp 6408 17532 "GET /admin/jsi18n/ HTTP/1.1" 200 3342
INFO 2025-07-21 22:04:24,833 basehttp 6408 17532 "GET /admin/products/productinventory/ HTTP/1.1" 200 24768
INFO 2025-07-21 22:04:24,868 basehttp 6408 17532 "GET /admin/jsi18n/ HTTP/1.1" 200 3342
INFO 2025-07-21 22:04:26,489 basehttp 6408 17532 "GET /admin/products/productcategory/ HTTP/1.1" 200 20027
INFO 2025-07-21 22:04:26,519 basehttp 6408 17532 "GET /admin/jsi18n/ HTTP/1.1" 200 3342
INFO 2025-07-21 22:04:28,491 basehttp 6408 17532 "GET /admin/products/productcategory/ HTTP/1.1" 200 20027
INFO 2025-07-21 22:04:28,515 basehttp 6408 17532 "GET /admin/jsi18n/ HTTP/1.1" 200 3342
WARNING 2025-07-21 22:06:20,050 log 7636 18416 Unauthorized: /api/products/
ERROR 2025-07-21 22:06:20,493 log 7636 18416 Internal Server Error: /api/products/
Traceback (most recent call last):
  File "C:\Users\andre\Documents\Github_Projects\Metrilabs-metribooks\venv\Lib\site-packages\django\db\backends\utils.py", line 105, in _execute
    return self.cursor.execute(sql, params)
           ~~~~~~~~~~~~~~~~~~~^^^^^^^^^^^^^
  File "C:\Users\andre\Documents\Github_Projects\Metrilabs-metribooks\venv\Lib\site-packages\django\db\backends\sqlite3\base.py", line 360, in execute
    return super().execute(query, params)
           ~~~~~~~~~~~~~~~^^^^^^^^^^^^^^^
sqlite3.IntegrityError: UNIQUE constraint failed: products_productinventory.product_id

The above exception was the direct cause of the following exception:

Traceback (most recent call last):
  File "C:\Users\andre\Documents\Github_Projects\Metrilabs-metribooks\venv\Lib\site-packages\django\core\handlers\exception.py", line 55, in inner
    response = get_response(request)
  File "C:\Users\andre\Documents\Github_Projects\Metrilabs-metribooks\venv\Lib\site-packages\django\core\handlers\base.py", line 197, in _get_response
    response = wrapped_callback(request, *callback_args, **callback_kwargs)
  File "C:\Users\andre\Documents\Github_Projects\Metrilabs-metribooks\venv\Lib\site-packages\django\views\decorators\csrf.py", line 65, in _view_wrapper
    return view_func(request, *args, **kwargs)
  File "C:\Users\andre\Documents\Github_Projects\Metrilabs-metribooks\venv\Lib\site-packages\django\views\generic\base.py", line 105, in view
    return self.dispatch(request, *args, **kwargs)
           ~~~~~~~~~~~~~^^^^^^^^^^^^^^^^^^^^^^^^^^
  File "C:\Users\andre\Documents\Github_Projects\Metrilabs-metribooks\venv\Lib\site-packages\rest_framework\views.py", line 515, in dispatch
    response = self.handle_exception(exc)
  File "C:\Users\andre\Documents\Github_Projects\Metrilabs-metribooks\venv\Lib\site-packages\rest_framework\views.py", line 475, in handle_exception
    self.raise_uncaught_exception(exc)
    ~~~~~~~~~~~~~~~~~~~~~~~~~~~~~^^^^^
  File "C:\Users\andre\Documents\Github_Projects\Metrilabs-metribooks\venv\Lib\site-packages\rest_framework\views.py", line 486, in raise_uncaught_exception
    raise exc
  File "C:\Users\andre\Documents\Github_Projects\Metrilabs-metribooks\venv\Lib\site-packages\rest_framework\views.py", line 512, in dispatch
    response = handler(request, *args, **kwargs)
  File "C:\Users\andre\Documents\Github_Projects\Metrilabs-metribooks\venv\Lib\site-packages\rest_framework\generics.py", line 246, in post
    return self.create(request, *args, **kwargs)
           ~~~~~~~~~~~^^^^^^^^^^^^^^^^^^^^^^^^^^
  File "C:\Users\andre\Documents\Github_Projects\Metrilabs-metribooks\venv\Lib\site-packages\rest_framework\mixins.py", line 19, in create
    self.perform_create(serializer)
    ~~~~~~~~~~~~~~~~~~~^^^^^^^^^^^^
  File "C:\Users\andre\Documents\Github_Projects\Metrilabs-metribooks\backend\products\views.py", line 134, in perform_create
    ProductInventory.objects.create(product=product)
    ~~~~~~~~~~~~~~~~~~~~~~~~~~~~~~~^^^^^^^^^^^^^^^^^
  File "C:\Users\andre\Documents\Github_Projects\Metrilabs-metribooks\venv\Lib\site-packages\django\db\models\manager.py", line 87, in manager_method
    return getattr(self.get_queryset(), name)(*args, **kwargs)
           ~~~~~~~~~~~~~~~~~~~~~~~~~~~~~~~~~~^^^^^^^^^^^^^^^^^
  File "C:\Users\andre\Documents\Github_Projects\Metrilabs-metribooks\venv\Lib\site-packages\django\db\models\query.py", line 663, in create
    obj.save(force_insert=True, using=self.db)
    ~~~~~~~~^^^^^^^^^^^^^^^^^^^^^^^^^^^^^^^^^^
  File "C:\Users\andre\Documents\Github_Projects\Metrilabs-metribooks\venv\Lib\site-packages\django\db\models\base.py", line 902, in save
    self.save_base(
    ~~~~~~~~~~~~~~^
        using=using,
        ^^^^^^^^^^^^
    ...<2 lines>...
        update_fields=update_fields,
        ^^^^^^^^^^^^^^^^^^^^^^^^^^^^
    )
    ^
  File "C:\Users\andre\Documents\Github_Projects\Metrilabs-metribooks\venv\Lib\site-packages\django\db\models\base.py", line 1008, in save_base
    updated = self._save_table(
        raw,
    ...<4 lines>...
        update_fields,
    )
  File "C:\Users\andre\Documents\Github_Projects\Metrilabs-metribooks\venv\Lib\site-packages\django\db\models\base.py", line 1169, in _save_table
    results = self._do_insert(
        cls._base_manager, using, fields, returning_fields, raw
    )
  File "C:\Users\andre\Documents\Github_Projects\Metrilabs-metribooks\venv\Lib\site-packages\django\db\models\base.py", line 1210, in _do_insert
    return manager._insert(
           ~~~~~~~~~~~~~~~^
        [self],
        ^^^^^^^
    ...<3 lines>...
        raw=raw,
        ^^^^^^^^
    )
    ^
  File "C:\Users\andre\Documents\Github_Projects\Metrilabs-metribooks\venv\Lib\site-packages\django\db\models\manager.py", line 87, in manager_method
    return getattr(self.get_queryset(), name)(*args, **kwargs)
           ~~~~~~~~~~~~~~~~~~~~~~~~~~~~~~~~~~^^^^^^^^^^^^^^^^^
  File "C:\Users\andre\Documents\Github_Projects\Metrilabs-metribooks\venv\Lib\site-packages\django\db\models\query.py", line 1868, in _insert
    return query.get_compiler(using=using).execute_sql(returning_fields)
           ~~~~~~~~~~~~~~~~~~~~~~~~~~~~~~~~~~~~~~~~~~~^^^^^^^^^^^^^^^^^^
  File "C:\Users\andre\Documents\Github_Projects\Metrilabs-metribooks\venv\Lib\site-packages\django\db\models\sql\compiler.py", line 1882, in execute_sql
    cursor.execute(sql, params)
    ~~~~~~~~~~~~~~^^^^^^^^^^^^^
  File "C:\Users\andre\Documents\Github_Projects\Metrilabs-metribooks\venv\Lib\site-packages\django\db\backends\utils.py", line 79, in execute
    return self._execute_with_wrappers(
           ~~~~~~~~~~~~~~~~~~~~~~~~~~~^
        sql, params, many=False, executor=self._execute
        ^^^^^^^^^^^^^^^^^^^^^^^^^^^^^^^^^^^^^^^^^^^^^^^
    )
    ^
  File "C:\Users\andre\Documents\Github_Projects\Metrilabs-metribooks\venv\Lib\site-packages\django\db\backends\utils.py", line 92, in _execute_with_wrappers
    return executor(sql, params, many, context)
  File "C:\Users\andre\Documents\Github_Projects\Metrilabs-metribooks\venv\Lib\site-packages\django\db\backends\utils.py", line 100, in _execute
    with self.db.wrap_database_errors:
         ^^^^^^^^^^^^^^^^^^^^^^^^^^^^
  File "C:\Users\andre\Documents\Github_Projects\Metrilabs-metribooks\venv\Lib\site-packages\django\db\utils.py", line 91, in __exit__
    raise dj_exc_value.with_traceback(traceback) from exc_value
  File "C:\Users\andre\Documents\Github_Projects\Metrilabs-metribooks\venv\Lib\site-packages\django\db\backends\utils.py", line 105, in _execute
    return self.cursor.execute(sql, params)
           ~~~~~~~~~~~~~~~~~~~^^^^^^^^^^^^^
  File "C:\Users\andre\Documents\Github_Projects\Metrilabs-metribooks\venv\Lib\site-packages\django\db\backends\sqlite3\base.py", line 360, in execute
    return super().execute(query, params)
           ~~~~~~~~~~~~~~~^^^^^^^^^^^^^^^
django.db.utils.IntegrityError: UNIQUE constraint failed: products_productinventory.product_id
INFO 2025-07-21 22:07:10,294 autoreload 28624 28628 C:\Users\andre\Documents\Github_Projects\Metrilabs-metribooks\backend\products\views.py changed, reloading.
INFO 2025-07-21 22:07:10,627 autoreload 6408 27464 C:\Users\andre\Documents\Github_Projects\Metrilabs-metribooks\backend\products\views.py changed, reloading.
INFO 2025-07-21 22:07:10,846 autoreload 20340 24328 Watching for file changes with StatReloader
INFO 2025-07-21 22:07:11,221 autoreload 7644 27512 Watching for file changes with StatReloader
INFO 2025-07-21 22:08:30,073 autoreload 7644 27512 C:\Users\andre\Documents\Github_Projects\Metrilabs-metribooks\backend\products\views.py changed, reloading.
INFO 2025-07-21 22:08:30,695 autoreload 17848 12176 Watching for file changes with StatReloader
INFO 2025-07-21 22:08:30,765 autoreload 20340 24328 C:\Users\andre\Documents\Github_Projects\Metrilabs-metribooks\backend\products\views.py changed, reloading.
INFO 2025-07-21 22:08:31,381 autoreload 8796 17532 Watching for file changes with StatReloader
WARNING 2025-07-21 22:08:32,712 log 28648 24560 Unauthorized: /api/products/
WARNING 2025-07-21 22:08:53,476 log 19904 13704 Unauthorized: /api/products/
INFO 2025-07-21 22:09:10,371 basehttp 17848 27144 "GET /admin/auth/group/ HTTP/1.1" 200 13474
INFO 2025-07-21 22:09:10,434 basehttp 17848 27144 "GET /admin/jsi18n/ HTTP/1.1" 200 3342
INFO 2025-07-21 22:09:11,442 basehttp 17848 27144 "GET /admin/authentication/customuser/ HTTP/1.1" 200 18329
INFO 2025-07-21 22:09:11,484 basehttp 17848 27144 "GET /admin/jsi18n/ HTTP/1.1" 200 3342
INFO 2025-07-21 22:09:13,415 basehttp 17848 27144 "GET /admin/authentication/customuser/17/change/ HTTP/1.1" 200 29439
INFO 2025-07-21 22:09:13,449 basehttp 17848 27144 "GET /admin/jsi18n/ HTTP/1.1" 200 3342
INFO 2025-07-21 22:09:15,980 basehttp 17848 27144 "GET /admin/profiles/userprofile/ HTTP/1.1" 200 20052
INFO 2025-07-21 22:09:18,399 basehttp 17848 27144 "GET /admin/profiles/userprofile/1/change/ HTTP/1.1" 200 28522
INFO 2025-07-21 22:09:18,430 basehttp 17848 27144 "GET /admin/jsi18n/ HTTP/1.1" 200 3342
INFO 2025-07-21 22:09:21,245 basehttp 17848 27144 "GET /admin/profiles/userprofile/ HTTP/1.1" 200 20052
INFO 2025-07-21 22:12:40,546 autoreload 8796 17532 C:\Users\andre\Documents\Github_Projects\Metrilabs-metribooks\backend\products\views.py changed, reloading.
INFO 2025-07-21 22:12:41,069 autoreload 2924 20020 Watching for file changes with StatReloader
INFO 2025-07-21 22:12:41,225 autoreload 17848 12176 C:\Users\andre\Documents\Github_Projects\Metrilabs-metribooks\backend\products\views.py changed, reloading.
INFO 2025-07-21 22:12:41,799 autoreload 4900 2428 Watching for file changes with StatReloader
INFO 2025-07-21 22:13:16,977 autoreload 4900 2428 C:\Users\andre\Documents\Github_Projects\Metrilabs-metribooks\backend\products\views.py changed, reloading.
INFO 2025-07-21 22:13:17,261 autoreload 2924 20020 C:\Users\andre\Documents\Github_Projects\Metrilabs-metribooks\backend\products\views.py changed, reloading.
INFO 2025-07-21 22:13:17,620 autoreload 15320 11252 Watching for file changes with StatReloader
INFO 2025-07-21 22:13:17,910 autoreload 25832 17364 Watching for file changes with StatReloader
INFO 2025-07-21 22:13:35,319 autoreload 25832 17364 C:\Users\andre\Documents\Github_Projects\Metrilabs-metribooks\backend\products\views.py changed, reloading.
INFO 2025-07-21 22:13:35,838 autoreload 10260 6248 Watching for file changes with StatReloader
INFO 2025-07-21 22:13:36,091 autoreload 15320 11252 C:\Users\andre\Documents\Github_Projects\Metrilabs-metribooks\backend\products\views.py changed, reloading.
INFO 2025-07-21 22:13:36,628 autoreload 28120 17448 Watching for file changes with StatReloader
INFO 2025-07-21 22:13:53,995 autoreload 28120 17448 C:\Users\andre\Documents\Github_Projects\Metrilabs-metribooks\backend\products\views.py changed, reloading.
INFO 2025-07-21 22:13:54,226 autoreload 10260 6248 C:\Users\andre\Documents\Github_Projects\Metrilabs-metribooks\backend\products\views.py changed, reloading.
INFO 2025-07-21 22:13:54,508 autoreload 15640 26336 Watching for file changes with StatReloader
INFO 2025-07-21 22:13:54,747 autoreload 27444 26444 Watching for file changes with StatReloader
INFO 2025-07-21 22:14:05,568 autoreload 15640 26336 C:\Users\andre\Documents\Github_Projects\Metrilabs-metribooks\backend\products\views.py changed, reloading.
INFO 2025-07-21 22:14:05,798 autoreload 27444 26444 C:\Users\andre\Documents\Github_Projects\Metrilabs-metribooks\backend\products\views.py changed, reloading.
INFO 2025-07-21 22:14:06,121 autoreload 2032 20956 Watching for file changes with StatReloader
INFO 2025-07-21 22:14:06,378 autoreload 27424 23876 Watching for file changes with StatReloader
INFO 2025-07-21 22:14:22,481 autoreload 2032 20956 C:\Users\andre\Documents\Github_Projects\Metrilabs-metribooks\backend\products\views.py changed, reloading.
INFO 2025-07-21 22:14:22,763 autoreload 27424 23876 C:\Users\andre\Documents\Github_Projects\Metrilabs-metribooks\backend\products\views.py changed, reloading.
INFO 2025-07-21 22:14:22,996 autoreload 22356 27464 Watching for file changes with StatReloader
INFO 2025-07-21 22:14:23,292 autoreload 16404 6160 Watching for file changes with StatReloader
INFO 2025-07-21 22:14:42,503 autoreload 22356 27464 C:\Users\andre\Documents\Github_Projects\Metrilabs-metribooks\backend\products\views.py changed, reloading.
INFO 2025-07-21 22:14:42,891 autoreload 16404 6160 C:\Users\andre\Documents\Github_Projects\Metrilabs-metribooks\backend\products\views.py changed, reloading.
INFO 2025-07-21 22:14:43,131 autoreload 14908 18652 Watching for file changes with StatReloader
INFO 2025-07-21 22:14:43,592 autoreload 11560 8452 Watching for file changes with StatReloader
INFO 2025-07-21 22:15:11,194 autoreload 14908 18652 C:\Users\andre\Documents\Github_Projects\Metrilabs-metribooks\backend\products\views.py changed, reloading.
INFO 2025-07-21 22:15:11,584 autoreload 11560 8452 C:\Users\andre\Documents\Github_Projects\Metrilabs-metribooks\backend\products\views.py changed, reloading.
INFO 2025-07-21 22:15:11,845 autoreload 6204 18144 Watching for file changes with StatReloader
INFO 2025-07-21 22:15:12,246 autoreload 24868 25248 Watching for file changes with StatReloader
INFO 2025-07-21 22:15:25,679 autoreload 24868 25248 C:\Users\andre\Documents\Github_Projects\Metrilabs-metribooks\backend\products\views.py changed, reloading.
INFO 2025-07-21 22:15:26,228 autoreload 25868 24360 Watching for file changes with StatReloader
INFO 2025-07-21 22:15:26,276 autoreload 6204 18144 C:\Users\andre\Documents\Github_Projects\Metrilabs-metribooks\backend\products\views.py changed, reloading.
INFO 2025-07-21 22:15:26,875 autoreload 18564 16160 Watching for file changes with StatReloader
INFO 2025-07-21 22:15:43,663 autoreload 25868 24360 C:\Users\andre\Documents\Github_Projects\Metrilabs-metribooks\backend\products\views.py changed, reloading.
INFO 2025-07-21 22:15:44,234 autoreload 23036 27840 Watching for file changes with StatReloader
INFO 2025-07-21 22:15:44,282 autoreload 18564 16160 C:\Users\andre\Documents\Github_Projects\Metrilabs-metribooks\backend\products\views.py changed, reloading.
INFO 2025-07-21 22:15:44,861 autoreload 3060 24108 Watching for file changes with StatReloader
INFO 2025-07-21 22:16:04,479 autoreload 3060 24108 C:\Users\andre\Documents\Github_Projects\Metrilabs-metribooks\backend\products\views.py changed, reloading.
INFO 2025-07-21 22:16:04,873 autoreload 23036 27840 C:\Users\andre\Documents\Github_Projects\Metrilabs-metribooks\backend\products\views.py changed, reloading.
INFO 2025-07-21 22:16:05,222 autoreload 23584 2528 Watching for file changes with StatReloader
INFO 2025-07-21 22:16:05,554 autoreload 2232 16160 Watching for file changes with StatReloader
INFO 2025-07-21 22:17:08,059 autoreload 2232 16160 C:\Users\andre\Documents\Github_Projects\Metrilabs-metribooks\backend\products\serializers.py changed, reloading.
INFO 2025-07-21 22:17:08,744 autoreload 14316 10720 Watching for file changes with StatReloader
INFO 2025-07-21 22:17:08,838 autoreload 23584 2528 C:\Users\andre\Documents\Github_Projects\Metrilabs-metribooks\backend\products\serializers.py changed, reloading.
INFO 2025-07-21 22:17:09,569 autoreload 26660 2228 Watching for file changes with StatReloader
INFO 2025-07-21 22:17:25,971 basehttp 14316 1344 "GET /admin/profiles/userprofile/ HTTP/1.1" 200 20052
INFO 2025-07-21 22:17:28,326 basehttp 14316 1344 "GET /admin/products/productcategory/ HTTP/1.1" 200 20027
INFO 2025-07-21 22:17:28,363 basehttp 14316 1344 "GET /admin/jsi18n/ HTTP/1.1" 200 3342
INFO 2025-07-21 22:17:32,911 basehttp 14316 1344 "POST /admin/products/productcategory/ HTTP/1.1" 200 13458
INFO 2025-07-21 22:17:33,288 autoreload 26660 2228 C:\Users\andre\Documents\Github_Projects\Metrilabs-metribooks\backend\products\serializers.py changed, reloading.
INFO 2025-07-21 22:17:33,766 autoreload 14316 10720 C:\Users\andre\Documents\Github_Projects\Metrilabs-metribooks\backend\products\serializers.py changed, reloading.
INFO 2025-07-21 22:17:33,931 autoreload 6400 12552 Watching for file changes with StatReloader
INFO 2025-07-21 22:17:34,410 autoreload 7796 22716 Watching for file changes with StatReloader
INFO 2025-07-21 22:17:46,396 basehttp 6400 28144 "GET /admin/products/productinventory/ HTTP/1.1" 200 24768
INFO 2025-07-21 22:17:46,423 basehttp 6400 28144 "GET /admin/jsi18n/ HTTP/1.1" 200 3342
INFO 2025-07-21 22:17:51,824 basehttp 6400 28144 "POST /admin/products/productinventory/ HTTP/1.1" 200 14837
INFO 2025-07-21 22:17:53,952 basehttp 6400 28144 "POST /admin/products/productinventory/ HTTP/1.1" 302 0
INFO 2025-07-21 22:17:53,973 basehttp 6400 28144 "GET /admin/products/productinventory/ HTTP/1.1" 200 17010
INFO 2025-07-21 22:17:54,003 basehttp 6400 28144 "GET /admin/jsi18n/ HTTP/1.1" 200 3342
INFO 2025-07-21 22:17:55,039 autoreload 7796 22716 C:\Users\andre\Documents\Github_Projects\Metrilabs-metribooks\backend\products\admin.py changed, reloading.
INFO 2025-07-21 22:17:55,529 basehttp 6400 28144 "GET /admin/products/product/ HTTP/1.1" 200 25058
INFO 2025-07-21 22:17:55,561 basehttp 6400 28144 "GET /admin/jsi18n/ HTTP/1.1" 200 3342
INFO 2025-07-21 22:17:55,702 autoreload 17220 17492 Watching for file changes with StatReloader
INFO 2025-07-21 22:17:55,744 autoreload 6400 12552 C:\Users\andre\Documents\Github_Projects\Metrilabs-metribooks\backend\products\admin.py changed, reloading.
INFO 2025-07-21 22:17:56,405 autoreload 10768 16188 Watching for file changes with StatReloader
INFO 2025-07-21 22:17:59,531 basehttp 17220 4344 "POST /admin/products/product/ HTTP/1.1" 302 0
INFO 2025-07-21 22:17:59,599 basehttp 17220 4344 "GET /admin/products/product/ HTTP/1.1" 200 25251
INFO 2025-07-21 22:17:59,625 basehttp 17220 4344 "GET /admin/jsi18n/ HTTP/1.1" 200 3342
INFO 2025-07-21 22:18:06,190 basehttp 17220 4344 "POST /admin/products/product/ HTTP/1.1" 200 15481
INFO 2025-07-21 22:18:08,438 basehttp 17220 4344 "POST /admin/products/product/ HTTP/1.1" 302 0
INFO 2025-07-21 22:18:08,456 basehttp 17220 4344 "GET /admin/products/product/ HTTP/1.1" 200 16968
INFO 2025-07-21 22:18:08,483 basehttp 17220 4344 "GET /admin/jsi18n/ HTTP/1.1" 200 3342
INFO 2025-07-21 22:18:10,322 basehttp 17220 4344 "GET /admin/products/stockmovement/ HTTP/1.1" 200 16256
INFO 2025-07-21 22:18:10,355 basehttp 17220 4344 "GET /admin/jsi18n/ HTTP/1.1" 200 3342
INFO 2025-07-21 22:18:11,783 basehttp 17220 4344 "GET /admin/products/product/ HTTP/1.1" 200 16830
INFO 2025-07-21 22:18:11,813 basehttp 17220 4344 "GET /admin/jsi18n/ HTTP/1.1" 200 3342
INFO 2025-07-21 22:18:12,586 basehttp 17220 4344 "GET /admin/products/productinventory/ HTTP/1.1" 200 16861
INFO 2025-07-21 22:18:12,618 basehttp 17220 4344 "GET /admin/jsi18n/ HTTP/1.1" 200 3342
INFO 2025-07-21 22:18:14,778 basehttp 17220 4344 "GET /admin/products/productcategory/ HTTP/1.1" 200 20978
INFO 2025-07-21 22:18:14,811 basehttp 17220 4344 "GET /admin/jsi18n/ HTTP/1.1" 200 3342
INFO 2025-07-21 22:18:16,706 autoreload 17220 17492 C:\Users\andre\Documents\Github_Projects\Metrilabs-metribooks\backend\products\admin.py changed, reloading.
INFO 2025-07-21 22:18:16,997 autoreload 10768 16188 C:\Users\andre\Documents\Github_Projects\Metrilabs-metribooks\backend\products\admin.py changed, reloading.
INFO 2025-07-21 22:18:17,358 autoreload 23736 28152 Watching for file changes with StatReloader
INFO 2025-07-21 22:18:17,602 autoreload 13928 7196 Watching for file changes with StatReloader
INFO 2025-07-21 22:18:25,129 basehttp 23736 19844 "POST /admin/products/productcategory/ HTTP/1.1" 200 13293
INFO 2025-07-21 22:18:26,808 basehttp 23736 19844 "POST /admin/products/productcategory/ HTTP/1.1" 302 0
INFO 2025-07-21 22:18:26,862 basehttp 23736 19844 "GET /admin/products/productcategory/ HTTP/1.1" 200 20600
INFO 2025-07-21 22:18:26,888 basehttp 23736 19844 "GET /admin/jsi18n/ HTTP/1.1" 200 3342
INFO 2025-07-21 22:18:35,123 autoreload 23736 28152 C:\Users\andre\Documents\Github_Projects\Metrilabs-metribooks\backend\products\admin.py changed, reloading.
INFO 2025-07-21 22:18:35,136 autoreload 13928 7196 C:\Users\andre\Documents\Github_Projects\Metrilabs-metribooks\backend\products\admin.py changed, reloading.
INFO 2025-07-21 22:18:35,800 autoreload 19624 24356 Watching for file changes with StatReloader
INFO 2025-07-21 22:18:35,808 autoreload 1464 3800 Watching for file changes with StatReloader
INFO 2025-07-21 22:18:47,071 autoreload 19624 24356 C:\Users\andre\Documents\Github_Projects\Metrilabs-metribooks\backend\products\admin.py changed, reloading.
INFO 2025-07-21 22:18:47,092 autoreload 1464 3800 C:\Users\andre\Documents\Github_Projects\Metrilabs-metribooks\backend\products\admin.py changed, reloading.
INFO 2025-07-21 22:18:47,701 autoreload 19844 7196 Watching for file changes with StatReloader
INFO 2025-07-21 22:18:47,704 autoreload 15368 27652 Watching for file changes with StatReloader
INFO 2025-07-21 22:19:10,534 autoreload 19844 7196 C:\Users\andre\Documents\Github_Projects\Metrilabs-metribooks\backend\products\admin.py changed, reloading.
INFO 2025-07-21 22:19:10,572 autoreload 15368 27652 C:\Users\andre\Documents\Github_Projects\Metrilabs-metribooks\backend\products\admin.py changed, reloading.
INFO 2025-07-21 22:19:11,162 autoreload 4360 11120 Watching for file changes with StatReloader
INFO 2025-07-21 22:19:11,177 autoreload 6740 27468 Watching for file changes with StatReloader
INFO 2025-07-21 22:19:29,783 autoreload 4360 11120 C:\Users\andre\Documents\Github_Projects\Metrilabs-metribooks\backend\products\admin.py changed, reloading.
INFO 2025-07-21 22:19:29,788 autoreload 6740 27468 C:\Users\andre\Documents\Github_Projects\Metrilabs-metribooks\backend\products\admin.py changed, reloading.
INFO 2025-07-21 22:19:30,398 autoreload 24744 28248 Watching for file changes with StatReloader
INFO 2025-07-21 22:19:30,399 autoreload 28252 27892 Watching for file changes with StatReloader
INFO 2025-07-21 22:19:50,997 autoreload 24744 28248 C:\Users\andre\Documents\Github_Projects\Metrilabs-metribooks\backend\products\admin.py changed, reloading.
INFO 2025-07-21 22:19:51,029 autoreload 28252 27892 C:\Users\andre\Documents\Github_Projects\Metrilabs-metribooks\backend\products\admin.py changed, reloading.
INFO 2025-07-21 22:19:51,613 autoreload 27752 24176 Watching for file changes with StatReloader
INFO 2025-07-21 22:19:51,625 autoreload 23896 11836 Watching for file changes with StatReloader
INFO 2025-07-21 22:20:37,373 autoreload 27752 24176 C:\Users\andre\Documents\Github_Projects\Metrilabs-metribooks\backend\products\admin.py changed, reloading.
INFO 2025-07-21 22:20:37,381 autoreload 23896 11836 C:\Users\andre\Documents\Github_Projects\Metrilabs-metribooks\backend\products\serializers.py changed, reloading.
INFO 2025-07-21 22:20:38,030 autoreload 20408 8644 Watching for file changes with StatReloader
INFO 2025-07-21 22:20:38,030 autoreload 11476 26552 Watching for file changes with StatReloader
INFO 2025-07-21 22:20:48,740 basehttp 20408 10252 "GET /admin/products/productcategory/ HTTP/1.1" 200 20454
INFO 2025-07-21 22:20:48,783 basehttp 20408 10252 "GET /admin/jsi18n/ HTTP/1.1" 200 3342
INFO 2025-07-21 22:20:51,304 basehttp 20408 10252 "GET /admin/products/productinventory/ HTTP/1.1" 200 17222
INFO 2025-07-21 22:20:51,342 basehttp 20408 10252 "GET /admin/jsi18n/ HTTP/1.1" 200 3342
INFO 2025-07-21 22:20:52,258 basehttp 20408 10252 "GET /admin/products/product/ HTTP/1.1" 200 17173
INFO 2025-07-21 22:20:52,288 basehttp 20408 10252 "GET /admin/jsi18n/ HTTP/1.1" 200 3342
INFO 2025-07-21 22:20:54,913 basehttp 20408 10252 "GET /admin/authentication/customuser/ HTTP/1.1" 200 18329
INFO 2025-07-21 22:20:54,946 basehttp 20408 10252 "GET /admin/jsi18n/ HTTP/1.1" 200 3342
INFO 2025-07-21 22:20:57,289 basehttp 20408 10252 "GET /admin/profiles/userprofile/ HTTP/1.1" 200 20052
INFO 2025-07-21 22:20:58,858 basehttp 20408 10252 "GET /admin/profiles/userprofile/1/change/ HTTP/1.1" 200 28522
INFO 2025-07-21 22:20:58,891 basehttp 20408 10252 "GET /admin/jsi18n/ HTTP/1.1" 200 3342
INFO 2025-07-21 22:21:04,203 basehttp 20408 10252 "GET /admin/profiles/userprofile/ HTTP/1.1" 200 20052
INFO 2025-07-21 22:21:06,578 basehttp 20408 10252 "GET /admin/authentication/customuser/ HTTP/1.1" 200 18329
INFO 2025-07-21 22:21:08,055 basehttp 20408 10252 "GET /admin/products/productcategory/ HTTP/1.1" 200 20454
INFO 2025-07-21 22:21:08,090 basehttp 20408 10252 "GET /admin/jsi18n/ HTTP/1.1" 200 3342
INFO 2025-07-21 22:21:09,883 basehttp 20408 10252 "GET /admin/products/productcategory/add/ HTTP/1.1" 200 18456
INFO 2025-07-21 22:21:09,916 basehttp 20408 10252 "GET /admin/jsi18n/ HTTP/1.1" 200 3342
INFO 2025-07-21 22:21:15,764 basehttp 20408 10252 "GET /admin/products/productcategory/ HTTP/1.1" 200 20454
WARNING 2025-07-21 22:22:04,331 log 17116 3004 Not Found: /api/products/inventory/2/
WARNING 2025-07-21 22:22:04,332 log 17116 3004 Not Found: /api/products/inventory/1/
WARNING 2025-07-21 22:22:05,235 log 17116 3004 Not Found: /api/products/reports/inventory-summary/
WARNING 2025-07-21 22:22:06,146 log 17116 3004 Not Found: /api/products/categories/
WARNING 2025-07-21 22:22:07,031 log 17116 3004 Not Found: /api/products/products/
WARNING 2025-07-21 22:22:07,941 log 17116 3004 Not Found: /api/products/stock-movements/
WARNING 2025-07-21 22:22:08,816 log 17116 3004 Not Found: /api/products/categories/2/
WARNING 2025-07-21 22:22:09,707 log 17116 3004 Not Found: /api/products/products/2/
WARNING 2025-07-21 22:22:10,577 log 17116 3004 Not Found: /api/products/products/
WARNING 2025-07-21 22:22:11,424 log 17116 3004 Not Found: /api/products/stock-movements/
WARNING 2025-07-21 22:23:39,868 log 15320 10572 Not Found: /api/inventory/2/
WARNING 2025-07-21 22:23:44,175 log 15320 10572 Not Found: /api/categories/2/
WARNING 2025-07-21 22:23:45,032 log 15320 10572 Not Found: /api/products/2/
WARNING 2025-07-21 22:23:45,880 log 15320 10572 Bad Request: /api/products/
WARNING 2025-07-21 22:23:46,776 log 15320 10572 Bad Request: /api/stock-movements/
INFO 2025-07-21 22:43:06,837 autoreload 6564 5656 Watching for file changes with StatReloader
WARNING 2025-07-21 22:43:11,239 log 6564 20708 Not Found: /admin/products/productcategory/
WARNING 2025-07-21 22:43:11,243 basehttp 6564 20708 "GET /admin/products/productcategory/ HTTP/1.1" 404 6614
INFO 2025-07-21 22:43:13,711 basehttp 6564 20708 "GET /admin/authentication/customuser/ HTTP/1.1" 200 16216
INFO 2025-07-21 22:43:17,234 basehttp 6564 20708 "GET /admin/profiles/userprofile/ HTTP/1.1" 200 17939
INFO 2025-07-21 22:43:19,031 basehttp 6564 20708 "GET /admin/profiles/userprofile/1/change/ HTTP/1.1" 200 26409
INFO 2025-07-21 22:43:19,069 basehttp 6564 20708 "GET /admin/jsi18n/ HTTP/1.1" 200 3342
INFO 2025-07-21 22:52:22,682 autoreload 6564 5656 C:\Users\andre\Documents\Github_Projects\Metrilabs-metribooks\backend\backend\settings.py changed, reloading.
INFO 2025-07-21 22:52:23,259 autoreload 28220 9596 Watching for file changes with StatReloader
INFO 2025-07-21 22:52:30,231 autoreload 28220 9596 C:\Users\andre\Documents\Github_Projects\Metrilabs-metribooks\backend\backend\urls.py changed, reloading.
INFO 2025-07-21 22:52:30,782 autoreload 21556 4244 Watching for file changes with StatReloader
INFO 2025-07-21 22:52:40,863 autoreload 21556 4244 C:\Users\andre\Documents\Github_Projects\Metrilabs-metribooks\backend\products\views.py changed, reloading.
INFO 2025-07-21 22:52:41,452 autoreload 27596 22716 Watching for file changes with StatReloader
INFO 2025-07-21 22:53:05,740 basehttp 27596 27132 "GET /admin/profiles/userprofile/1/change/ HTTP/1.1" 200 28638
INFO 2025-07-21 22:53:05,775 basehttp 27596 27132 "GET /admin/jsi18n/ HTTP/1.1" 200 3342
ERROR 2025-07-21 22:53:07,305 log 27596 27132 Internal Server Error: /admin/products/productcategory/
Traceback (most recent call last):
  File "C:\Users\andre\Documents\Github_Projects\Metrilabs-metribooks\venv\Lib\site-packages\django\db\backends\utils.py", line 105, in _execute
    return self.cursor.execute(sql, params)
           ~~~~~~~~~~~~~~~~~~~^^^^^^^^^^^^^
  File "C:\Users\andre\Documents\Github_Projects\Metrilabs-metribooks\venv\Lib\site-packages\django\db\backends\sqlite3\base.py", line 360, in execute
    return super().execute(query, params)
           ~~~~~~~~~~~~~~~^^^^^^^^^^^^^^^
sqlite3.OperationalError: no such column: products_productcategory.user_id

The above exception was the direct cause of the following exception:

Traceback (most recent call last):
  File "C:\Users\andre\Documents\Github_Projects\Metrilabs-metribooks\venv\Lib\site-packages\django\core\handlers\exception.py", line 55, in inner
    response = get_response(request)
  File "C:\Users\andre\Documents\Github_Projects\Metrilabs-metribooks\venv\Lib\site-packages\django\core\handlers\base.py", line 197, in _get_response
    response = wrapped_callback(request, *callback_args, **callback_kwargs)
  File "C:\Users\andre\Documents\Github_Projects\Metrilabs-metribooks\venv\Lib\site-packages\django\contrib\admin\options.py", line 719, in wrapper
    return self.admin_site.admin_view(view)(*args, **kwargs)
           ~~~~~~~~~~~~~~~~~~~~~~~~~~~~~~~~^^^^^^^^^^^^^^^^^
  File "C:\Users\andre\Documents\Github_Projects\Metrilabs-metribooks\venv\Lib\site-packages\django\utils\decorators.py", line 192, in _view_wrapper
    result = _process_exception(request, e)
  File "C:\Users\andre\Documents\Github_Projects\Metrilabs-metribooks\venv\Lib\site-packages\django\utils\decorators.py", line 190, in _view_wrapper
    response = view_func(request, *args, **kwargs)
  File "C:\Users\andre\Documents\Github_Projects\Metrilabs-metribooks\venv\Lib\site-packages\django\views\decorators\cache.py", line 80, in _view_wrapper
    response = view_func(request, *args, **kwargs)
  File "C:\Users\andre\Documents\Github_Projects\Metrilabs-metribooks\venv\Lib\site-packages\django\contrib\admin\sites.py", line 246, in inner
    return view(request, *args, **kwargs)
  File "C:\Users\andre\Documents\Github_Projects\Metrilabs-metribooks\venv\Lib\site-packages\django\utils\decorators.py", line 48, in _wrapper
    return bound_method(*args, **kwargs)
  File "C:\Users\andre\Documents\Github_Projects\Metrilabs-metribooks\venv\Lib\site-packages\django\utils\decorators.py", line 192, in _view_wrapper
    result = _process_exception(request, e)
  File "C:\Users\andre\Documents\Github_Projects\Metrilabs-metribooks\venv\Lib\site-packages\django\utils\decorators.py", line 190, in _view_wrapper
    response = view_func(request, *args, **kwargs)
  File "C:\Users\andre\Documents\Github_Projects\Metrilabs-metribooks\venv\Lib\site-packages\django\contrib\admin\options.py", line 2163, in changelist_view
    "selection_note": _("0 of %(cnt)s selected") % {"cnt": len(cl.result_list)},
                                                           ~~~^^^^^^^^^^^^^^^^
  File "C:\Users\andre\Documents\Github_Projects\Metrilabs-metribooks\venv\Lib\site-packages\django\db\models\query.py", line 366, in __len__
    self._fetch_all()
    ~~~~~~~~~~~~~~~^^
  File "C:\Users\andre\Documents\Github_Projects\Metrilabs-metribooks\venv\Lib\site-packages\django\db\models\query.py", line 1949, in _fetch_all
    self._result_cache = list(self._iterable_class(self))
                         ~~~~^^^^^^^^^^^^^^^^^^^^^^^^^^^^
  File "C:\Users\andre\Documents\Github_Projects\Metrilabs-metribooks\venv\Lib\site-packages\django\db\models\query.py", line 91, in __iter__
    results = compiler.execute_sql(
        chunked_fetch=self.chunked_fetch, chunk_size=self.chunk_size
    )
  File "C:\Users\andre\Documents\Github_Projects\Metrilabs-metribooks\venv\Lib\site-packages\django\db\models\sql\compiler.py", line 1623, in execute_sql
    cursor.execute(sql, params)
    ~~~~~~~~~~~~~~^^^^^^^^^^^^^
  File "C:\Users\andre\Documents\Github_Projects\Metrilabs-metribooks\venv\Lib\site-packages\django\db\backends\utils.py", line 122, in execute
    return super().execute(sql, params)
           ~~~~~~~~~~~~~~~^^^^^^^^^^^^^
  File "C:\Users\andre\Documents\Github_Projects\Metrilabs-metribooks\venv\Lib\site-packages\django\db\backends\utils.py", line 79, in execute
    return self._execute_with_wrappers(
           ~~~~~~~~~~~~~~~~~~~~~~~~~~~^
        sql, params, many=False, executor=self._execute
        ^^^^^^^^^^^^^^^^^^^^^^^^^^^^^^^^^^^^^^^^^^^^^^^
    )
    ^
  File "C:\Users\andre\Documents\Github_Projects\Metrilabs-metribooks\venv\Lib\site-packages\django\db\backends\utils.py", line 92, in _execute_with_wrappers
    return executor(sql, params, many, context)
  File "C:\Users\andre\Documents\Github_Projects\Metrilabs-metribooks\venv\Lib\site-packages\django\db\backends\utils.py", line 100, in _execute
    with self.db.wrap_database_errors:
         ^^^^^^^^^^^^^^^^^^^^^^^^^^^^
  File "C:\Users\andre\Documents\Github_Projects\Metrilabs-metribooks\venv\Lib\site-packages\django\db\utils.py", line 91, in __exit__
    raise dj_exc_value.with_traceback(traceback) from exc_value
  File "C:\Users\andre\Documents\Github_Projects\Metrilabs-metribooks\venv\Lib\site-packages\django\db\backends\utils.py", line 105, in _execute
    return self.cursor.execute(sql, params)
           ~~~~~~~~~~~~~~~~~~~^^^^^^^^^^^^^
  File "C:\Users\andre\Documents\Github_Projects\Metrilabs-metribooks\venv\Lib\site-packages\django\db\backends\sqlite3\base.py", line 360, in execute
    return super().execute(query, params)
           ~~~~~~~~~~~~~~~^^^^^^^^^^^^^^^
django.db.utils.OperationalError: no such column: products_productcategory.user_id
ERROR 2025-07-21 22:53:07,320 basehttp 27596 27132 "GET /admin/products/productcategory/ HTTP/1.1" 500 191607
INFO 2025-07-21 22:53:10,506 basehttp 27596 27132 "GET /admin/profiles/userprofile/1/change/ HTTP/1.1" 200 28638
INFO 2025-07-22 20:48:15,525 autoreload 33868 24532 Watching for file changes with StatReloader
INFO 2025-07-22 20:48:19,526 basehttp 33868 35720 "GET /admin/ HTTP/1.1" 200 13839
INFO 2025-07-22 20:48:19,541 basehttp 33868 35720 "GET /static/admin/css/base.css HTTP/1.1" 304 0
INFO 2025-07-22 20:48:19,541 basehttp 33868 30120 "GET /static/admin/css/dark_mode.css HTTP/1.1" 304 0
INFO 2025-07-22 20:48:19,542 basehttp 33868 23428 "GET /static/admin/js/theme.js HTTP/1.1" 304 0
INFO 2025-07-22 20:48:19,577 basehttp 33868 23428 "GET /static/admin/css/nav_sidebar.css HTTP/1.1" 304 0
INFO 2025-07-22 20:48:19,579 basehttp 33868 30120 "GET /static/admin/css/dashboard.css HTTP/1.1" 304 0
INFO 2025-07-22 20:48:19,584 basehttp 33868 23428 "GET /static/admin/css/responsive.css HTTP/1.1" 304 0
INFO 2025-07-22 20:48:19,590 basehttp 33868 30120 "GET /static/admin/js/nav_sidebar.js HTTP/1.1" 304 0
INFO 2025-07-22 20:48:19,598 basehttp 33868 35720 "GET /static/admin/img/icon-viewlink.svg HTTP/1.1" 304 0
INFO 2025-07-22 20:48:19,599 basehttp 33868 23428 "GET /static/admin/img/icon-changelink.svg HTTP/1.1" 304 0
INFO 2025-07-22 20:48:19,601 basehttp 33868 30120 "GET /static/admin/img/icon-addlink.svg HTTP/1.1" 304 0
INFO 2025-07-22 20:48:19,616 basehttp 33868 30120 "GET /static/admin/img/icon-deletelink.svg HTTP/1.1" 304 0
WARNING 2025-07-22 20:48:20,671 log 33868 30120 Not Found: /favicon.ico
WARNING 2025-07-22 20:48:20,678 basehttp 33868 30120 "GET /favicon.ico HTTP/1.1" 404 2508
INFO 2025-07-22 20:48:23,175 basehttp 33868 30120 "GET /admin/authentication/customuser/ HTTP/1.1" 200 16216
INFO 2025-07-22 20:48:23,205 basehttp 33868 30120 "GET /static/admin/css/changelists.css HTTP/1.1" 304 0
INFO 2025-07-22 20:48:23,206 basehttp 33868 35720 "GET /static/admin/js/vendor/jquery/jquery.js HTTP/1.1" 304 0
INFO 2025-07-22 20:48:23,209 basehttp 33868 28292 "GET /static/admin/js/jquery.init.js HTTP/1.1" 304 0
INFO 2025-07-22 20:48:23,210 basehttp 33868 29460 "GET /static/admin/js/urlify.js HTTP/1.1" 304 0
INFO 2025-07-22 20:48:23,210 basehttp 33868 4328 "GET /static/admin/js/admin/RelatedObjectLookups.js HTTP/1.1" 304 0
INFO 2025-07-22 20:48:23,215 basehttp 33868 23428 "GET /admin/jsi18n/ HTTP/1.1" 200 3342
INFO 2025-07-22 20:48:23,230 basehttp 33868 30120 "GET /static/admin/js/core.js HTTP/1.1" 304 0
INFO 2025-07-22 20:48:23,235 basehttp 33868 35720 "GET /static/admin/js/actions.js HTTP/1.1" 304 0
INFO 2025-07-22 20:48:23,241 basehttp 33868 28292 "GET /static/admin/js/prepopulate.js HTTP/1.1" 304 0
INFO 2025-07-22 20:48:23,246 basehttp 33868 29460 "GET /static/admin/img/search.svg HTTP/1.1" 304 0
INFO 2025-07-22 20:48:23,253 basehttp 33868 4328 "GET /static/admin/js/vendor/xregexp/xregexp.js HTTP/1.1" 304 0
INFO 2025-07-22 20:48:23,257 basehttp 33868 23428 "GET /static/admin/img/icon-yes.svg HTTP/1.1" 304 0
INFO 2025-07-22 20:48:23,277 basehttp 33868 28292 "GET /static/admin/img/sorting-icons.svg HTTP/1.1" 304 0
INFO 2025-07-22 20:48:23,278 basehttp 33868 29460 "GET /static/admin/img/icon-no.svg HTTP/1.1" 304 0
INFO 2025-07-22 20:48:23,284 basehttp 33868 4328 "GET /static/admin/img/tooltag-add.svg HTTP/1.1" 304 0
INFO 2025-07-22 20:48:23,290 basehttp 33868 23428 "GET /static/admin/js/filters.js HTTP/1.1" 304 0
INFO 2025-07-22 20:48:26,270 basehttp 33868 23428 "GET /admin/profiles/userprofile/ HTTP/1.1" 200 17939
INFO 2025-07-22 20:48:33,050 basehttp 33868 23428 "GET /admin/profiles/userprofile/1/change/ HTTP/1.1" 200 26409
INFO 2025-07-22 20:48:33,076 basehttp 33868 23428 "GET /static/admin/css/forms.css HTTP/1.1" 304 0
INFO 2025-07-22 20:48:33,078 basehttp 33868 29460 "GET /static/admin/js/prepopulate_init.js HTTP/1.1" 304 0
INFO 2025-07-22 20:48:33,084 basehttp 33868 4328 "GET /admin/jsi18n/ HTTP/1.1" 200 3342
INFO 2025-07-22 20:48:33,091 basehttp 33868 29460 "GET /static/admin/css/widgets.css HTTP/1.1" 304 0
INFO 2025-07-22 20:48:33,095 basehttp 33868 4328 "GET /static/admin/js/change_form.js HTTP/1.1" 304 0
INFO 2025-07-22 20:53:49,596 autoreload 33868 24532 C:\Users\andre\Documents\Github_Projects\Metrilabs-metribooks\backend\profiles\models.py changed, reloading.
INFO 2025-07-22 20:53:50,314 autoreload 10880 17712 Watching for file changes with StatReloader
INFO 2025-07-22 20:53:59,668 autoreload 10880 17712 C:\Users\andre\Documents\Github_Projects\Metrilabs-metribooks\backend\profiles\models.py changed, reloading.
INFO 2025-07-22 20:54:00,422 autoreload 19788 5692 Watching for file changes with StatReloader
INFO 2025-07-22 20:54:10,891 autoreload 19788 5692 C:\Users\andre\Documents\Github_Projects\Metrilabs-metribooks\backend\profiles\models.py changed, reloading.
INFO 2025-07-22 20:54:11,697 autoreload 252 6572 Watching for file changes with StatReloader
INFO 2025-07-22 20:54:22,144 autoreload 252 6572 C:\Users\andre\Documents\Github_Projects\Metrilabs-metribooks\backend\profiles\models.py changed, reloading.
INFO 2025-07-22 20:54:22,819 autoreload 22256 35512 Watching for file changes with StatReloader
INFO 2025-07-22 20:54:33,136 autoreload 22256 35512 C:\Users\andre\Documents\Github_Projects\Metrilabs-metribooks\backend\profiles\models.py changed, reloading.
INFO 2025-07-22 20:54:33,872 autoreload 17188 3896 Watching for file changes with StatReloader
INFO 2025-07-22 20:54:49,604 autoreload 17188 3896 C:\Users\andre\Documents\Github_Projects\Metrilabs-metribooks\backend\profiles\admin.py changed, reloading.
INFO 2025-07-22 20:54:50,266 autoreload 24728 21536 Watching for file changes with StatReloader
INFO 2025-07-22 20:55:09,110 autoreload 24728 21536 C:\Users\andre\Documents\Github_Projects\Metrilabs-metribooks\backend\profiles\serializers.py changed, reloading.
INFO 2025-07-22 20:55:09,859 autoreload 22744 26020 Watching for file changes with StatReloader
INFO 2025-07-22 20:55:24,589 autoreload 22744 26020 C:\Users\andre\Documents\Github_Projects\Metrilabs-metribooks\backend\profiles\serializers.py changed, reloading.
INFO 2025-07-22 20:55:25,176 autoreload 19240 28100 Watching for file changes with StatReloader
INFO 2025-07-22 20:56:11,822 autoreload 19240 28100 C:\Users\andre\Documents\Github_Projects\Metrilabs-metribooks\backend\profiles\serializers.py changed, reloading.
INFO 2025-07-22 20:56:12,729 autoreload 27968 18880 Watching for file changes with StatReloader
INFO 2025-07-22 20:56:28,130 autoreload 27968 18880 C:\Users\andre\Documents\Github_Projects\Metrilabs-metribooks\backend\profiles\serializers.py changed, reloading.
INFO 2025-07-22 20:56:28,833 autoreload 27804 28004 Watching for file changes with StatReloader
ERROR 2025-07-22 20:59:37,264 log 27804 19468 Internal Server Error: /admin/profiles/userprofile/1/change/
Traceback (most recent call last):
  File "C:\Users\andre\Documents\Github_Projects\Metrilabs-metribooks\venv\Lib\site-packages\django\db\backends\utils.py", line 105, in _execute
    return self.cursor.execute(sql, params)
           ~~~~~~~~~~~~~~~~~~~^^^^^^^^^^^^^
  File "C:\Users\andre\Documents\Github_Projects\Metrilabs-metribooks\venv\Lib\site-packages\django\db\backends\sqlite3\base.py", line 360, in execute
    return super().execute(query, params)
           ~~~~~~~~~~~~~~~^^^^^^^^^^^^^^^
sqlite3.OperationalError: no such column: profiles_userprofile.business_subcategory

The above exception was the direct cause of the following exception:

Traceback (most recent call last):
  File "C:\Users\andre\Documents\Github_Projects\Metrilabs-metribooks\venv\Lib\site-packages\django\core\handlers\exception.py", line 55, in inner
    response = get_response(request)
  File "C:\Users\andre\Documents\Github_Projects\Metrilabs-metribooks\venv\Lib\site-packages\django\core\handlers\base.py", line 197, in _get_response
    response = wrapped_callback(request, *callback_args, **callback_kwargs)
  File "C:\Users\andre\Documents\Github_Projects\Metrilabs-metribooks\venv\Lib\site-packages\django\contrib\admin\options.py", line 719, in wrapper
    return self.admin_site.admin_view(view)(*args, **kwargs)
           ~~~~~~~~~~~~~~~~~~~~~~~~~~~~~~~~^^^^^^^^^^^^^^^^^
  File "C:\Users\andre\Documents\Github_Projects\Metrilabs-metribooks\venv\Lib\site-packages\django\utils\decorators.py", line 192, in _view_wrapper
    result = _process_exception(request, e)
  File "C:\Users\andre\Documents\Github_Projects\Metrilabs-metribooks\venv\Lib\site-packages\django\utils\decorators.py", line 190, in _view_wrapper
    response = view_func(request, *args, **kwargs)
  File "C:\Users\andre\Documents\Github_Projects\Metrilabs-metribooks\venv\Lib\site-packages\django\views\decorators\cache.py", line 80, in _view_wrapper
    response = view_func(request, *args, **kwargs)
  File "C:\Users\andre\Documents\Github_Projects\Metrilabs-metribooks\venv\Lib\site-packages\django\contrib\admin\sites.py", line 246, in inner
    return view(request, *args, **kwargs)
  File "C:\Users\andre\Documents\Github_Projects\Metrilabs-metribooks\venv\Lib\site-packages\django\contrib\admin\options.py", line 1987, in change_view
    return self.changeform_view(request, object_id, form_url, extra_context)
           ~~~~~~~~~~~~~~~~~~~~^^^^^^^^^^^^^^^^^^^^^^^^^^^^^^^^^^^^^^^^^^^^^
  File "C:\Users\andre\Documents\Github_Projects\Metrilabs-metribooks\venv\Lib\site-packages\django\utils\decorators.py", line 48, in _wrapper
    return bound_method(*args, **kwargs)
  File "C:\Users\andre\Documents\Github_Projects\Metrilabs-metribooks\venv\Lib\site-packages\django\utils\decorators.py", line 192, in _view_wrapper
    result = _process_exception(request, e)
  File "C:\Users\andre\Documents\Github_Projects\Metrilabs-metribooks\venv\Lib\site-packages\django\utils\decorators.py", line 190, in _view_wrapper
    response = view_func(request, *args, **kwargs)
  File "C:\Users\andre\Documents\Github_Projects\Metrilabs-metribooks\venv\Lib\site-packages\django\contrib\admin\options.py", line 1840, in changeform_view
    return self._changeform_view(request, object_id, form_url, extra_context)
           ~~~~~~~~~~~~~~~~~~~~~^^^^^^^^^^^^^^^^^^^^^^^^^^^^^^^^^^^^^^^^^^^^^
  File "C:\Users\andre\Documents\Github_Projects\Metrilabs-metribooks\venv\Lib\site-packages\django\contrib\admin\options.py", line 1863, in _changeform_view
    obj = self.get_object(request, unquote(object_id), to_field)
  File "C:\Users\andre\Documents\Github_Projects\Metrilabs-metribooks\venv\Lib\site-packages\django\contrib\admin\options.py", line 897, in get_object
    return queryset.get(**{field.name: object_id})
           ~~~~~~~~~~~~^^^^^^^^^^^^^^^^^^^^^^^^^^^
  File "C:\Users\andre\Documents\Github_Projects\Metrilabs-metribooks\venv\Lib\site-packages\django\db\models\query.py", line 629, in get
    num = len(clone)
  File "C:\Users\andre\Documents\Github_Projects\Metrilabs-metribooks\venv\Lib\site-packages\django\db\models\query.py", line 366, in __len__
    self._fetch_all()
    ~~~~~~~~~~~~~~~^^
  File "C:\Users\andre\Documents\Github_Projects\Metrilabs-metribooks\venv\Lib\site-packages\django\db\models\query.py", line 1949, in _fetch_all
    self._result_cache = list(self._iterable_class(self))
                         ~~~~^^^^^^^^^^^^^^^^^^^^^^^^^^^^
  File "C:\Users\andre\Documents\Github_Projects\Metrilabs-metribooks\venv\Lib\site-packages\django\db\models\query.py", line 91, in __iter__
    results = compiler.execute_sql(
        chunked_fetch=self.chunked_fetch, chunk_size=self.chunk_size
    )
  File "C:\Users\andre\Documents\Github_Projects\Metrilabs-metribooks\venv\Lib\site-packages\django\db\models\sql\compiler.py", line 1623, in execute_sql
    cursor.execute(sql, params)
    ~~~~~~~~~~~~~~^^^^^^^^^^^^^
  File "C:\Users\andre\Documents\Github_Projects\Metrilabs-metribooks\venv\Lib\site-packages\django\db\backends\utils.py", line 122, in execute
    return super().execute(sql, params)
           ~~~~~~~~~~~~~~~^^^^^^^^^^^^^
  File "C:\Users\andre\Documents\Github_Projects\Metrilabs-metribooks\venv\Lib\site-packages\django\db\backends\utils.py", line 79, in execute
    return self._execute_with_wrappers(
           ~~~~~~~~~~~~~~~~~~~~~~~~~~~^
        sql, params, many=False, executor=self._execute
        ^^^^^^^^^^^^^^^^^^^^^^^^^^^^^^^^^^^^^^^^^^^^^^^
    )
    ^
  File "C:\Users\andre\Documents\Github_Projects\Metrilabs-metribooks\venv\Lib\site-packages\django\db\backends\utils.py", line 92, in _execute_with_wrappers
    return executor(sql, params, many, context)
  File "C:\Users\andre\Documents\Github_Projects\Metrilabs-metribooks\venv\Lib\site-packages\django\db\backends\utils.py", line 100, in _execute
    with self.db.wrap_database_errors:
         ^^^^^^^^^^^^^^^^^^^^^^^^^^^^
  File "C:\Users\andre\Documents\Github_Projects\Metrilabs-metribooks\venv\Lib\site-packages\django\db\utils.py", line 91, in __exit__
    raise dj_exc_value.with_traceback(traceback) from exc_value
  File "C:\Users\andre\Documents\Github_Projects\Metrilabs-metribooks\venv\Lib\site-packages\django\db\backends\utils.py", line 105, in _execute
    return self.cursor.execute(sql, params)
           ~~~~~~~~~~~~~~~~~~~^^^^^^^^^^^^^
  File "C:\Users\andre\Documents\Github_Projects\Metrilabs-metribooks\venv\Lib\site-packages\django\db\backends\sqlite3\base.py", line 360, in execute
    return super().execute(query, params)
           ~~~~~~~~~~~~~~~^^^^^^^^^^^^^^^
django.db.utils.OperationalError: no such column: profiles_userprofile.business_subcategory
ERROR 2025-07-22 20:59:37,282 basehttp 27804 19468 "GET /admin/profiles/userprofile/1/change/ HTTP/1.1" 500 206282
ERROR 2025-07-22 20:59:38,730 log 27804 19468 Internal Server Error: /admin/profiles/userprofile/
Traceback (most recent call last):
  File "C:\Users\andre\Documents\Github_Projects\Metrilabs-metribooks\venv\Lib\site-packages\django\db\backends\utils.py", line 105, in _execute
    return self.cursor.execute(sql, params)
           ~~~~~~~~~~~~~~~~~~~^^^^^^^^^^^^^
  File "C:\Users\andre\Documents\Github_Projects\Metrilabs-metribooks\venv\Lib\site-packages\django\db\backends\sqlite3\base.py", line 360, in execute
    return super().execute(query, params)
           ~~~~~~~~~~~~~~~^^^^^^^^^^^^^^^
sqlite3.OperationalError: no such column: profiles_userprofile.business_subcategory

The above exception was the direct cause of the following exception:

Traceback (most recent call last):
  File "C:\Users\andre\Documents\Github_Projects\Metrilabs-metribooks\venv\Lib\site-packages\django\core\handlers\exception.py", line 55, in inner
    response = get_response(request)
  File "C:\Users\andre\Documents\Github_Projects\Metrilabs-metribooks\venv\Lib\site-packages\django\core\handlers\base.py", line 197, in _get_response
    response = wrapped_callback(request, *callback_args, **callback_kwargs)
  File "C:\Users\andre\Documents\Github_Projects\Metrilabs-metribooks\venv\Lib\site-packages\django\contrib\admin\options.py", line 719, in wrapper
    return self.admin_site.admin_view(view)(*args, **kwargs)
           ~~~~~~~~~~~~~~~~~~~~~~~~~~~~~~~~^^^^^^^^^^^^^^^^^
  File "C:\Users\andre\Documents\Github_Projects\Metrilabs-metribooks\venv\Lib\site-packages\django\utils\decorators.py", line 192, in _view_wrapper
    result = _process_exception(request, e)
  File "C:\Users\andre\Documents\Github_Projects\Metrilabs-metribooks\venv\Lib\site-packages\django\utils\decorators.py", line 190, in _view_wrapper
    response = view_func(request, *args, **kwargs)
  File "C:\Users\andre\Documents\Github_Projects\Metrilabs-metribooks\venv\Lib\site-packages\django\views\decorators\cache.py", line 80, in _view_wrapper
    response = view_func(request, *args, **kwargs)
  File "C:\Users\andre\Documents\Github_Projects\Metrilabs-metribooks\venv\Lib\site-packages\django\contrib\admin\sites.py", line 246, in inner
    return view(request, *args, **kwargs)
  File "C:\Users\andre\Documents\Github_Projects\Metrilabs-metribooks\venv\Lib\site-packages\django\utils\decorators.py", line 48, in _wrapper
    return bound_method(*args, **kwargs)
  File "C:\Users\andre\Documents\Github_Projects\Metrilabs-metribooks\venv\Lib\site-packages\django\utils\decorators.py", line 192, in _view_wrapper
    result = _process_exception(request, e)
  File "C:\Users\andre\Documents\Github_Projects\Metrilabs-metribooks\venv\Lib\site-packages\django\utils\decorators.py", line 190, in _view_wrapper
    response = view_func(request, *args, **kwargs)
  File "C:\Users\andre\Documents\Github_Projects\Metrilabs-metribooks\venv\Lib\site-packages\django\contrib\admin\options.py", line 2163, in changelist_view
    "selection_note": _("0 of %(cnt)s selected") % {"cnt": len(cl.result_list)},
                                                           ~~~^^^^^^^^^^^^^^^^
  File "C:\Users\andre\Documents\Github_Projects\Metrilabs-metribooks\venv\Lib\site-packages\django\db\models\query.py", line 366, in __len__
    self._fetch_all()
    ~~~~~~~~~~~~~~~^^
  File "C:\Users\andre\Documents\Github_Projects\Metrilabs-metribooks\venv\Lib\site-packages\django\db\models\query.py", line 1949, in _fetch_all
    self._result_cache = list(self._iterable_class(self))
                         ~~~~^^^^^^^^^^^^^^^^^^^^^^^^^^^^
  File "C:\Users\andre\Documents\Github_Projects\Metrilabs-metribooks\venv\Lib\site-packages\django\db\models\query.py", line 91, in __iter__
    results = compiler.execute_sql(
        chunked_fetch=self.chunked_fetch, chunk_size=self.chunk_size
    )
  File "C:\Users\andre\Documents\Github_Projects\Metrilabs-metribooks\venv\Lib\site-packages\django\db\models\sql\compiler.py", line 1623, in execute_sql
    cursor.execute(sql, params)
    ~~~~~~~~~~~~~~^^^^^^^^^^^^^
  File "C:\Users\andre\Documents\Github_Projects\Metrilabs-metribooks\venv\Lib\site-packages\django\db\backends\utils.py", line 122, in execute
    return super().execute(sql, params)
           ~~~~~~~~~~~~~~~^^^^^^^^^^^^^
  File "C:\Users\andre\Documents\Github_Projects\Metrilabs-metribooks\venv\Lib\site-packages\django\db\backends\utils.py", line 79, in execute
    return self._execute_with_wrappers(
           ~~~~~~~~~~~~~~~~~~~~~~~~~~~^
        sql, params, many=False, executor=self._execute
        ^^^^^^^^^^^^^^^^^^^^^^^^^^^^^^^^^^^^^^^^^^^^^^^
    )
    ^
  File "C:\Users\andre\Documents\Github_Projects\Metrilabs-metribooks\venv\Lib\site-packages\django\db\backends\utils.py", line 92, in _execute_with_wrappers
    return executor(sql, params, many, context)
  File "C:\Users\andre\Documents\Github_Projects\Metrilabs-metribooks\venv\Lib\site-packages\django\db\backends\utils.py", line 100, in _execute
    with self.db.wrap_database_errors:
         ^^^^^^^^^^^^^^^^^^^^^^^^^^^^
  File "C:\Users\andre\Documents\Github_Projects\Metrilabs-metribooks\venv\Lib\site-packages\django\db\utils.py", line 91, in __exit__
    raise dj_exc_value.with_traceback(traceback) from exc_value
  File "C:\Users\andre\Documents\Github_Projects\Metrilabs-metribooks\venv\Lib\site-packages\django\db\backends\utils.py", line 105, in _execute
    return self.cursor.execute(sql, params)
           ~~~~~~~~~~~~~~~~~~~^^^^^^^^^^^^^
  File "C:\Users\andre\Documents\Github_Projects\Metrilabs-metribooks\venv\Lib\site-packages\django\db\backends\sqlite3\base.py", line 360, in execute
    return super().execute(query, params)
           ~~~~~~~~~~~~~~~^^^^^^^^^^^^^^^
django.db.utils.OperationalError: no such column: profiles_userprofile.business_subcategory
ERROR 2025-07-22 20:59:38,740 basehttp 27804 19468 "GET /admin/profiles/userprofile/ HTTP/1.1" 500 188353
ERROR 2025-07-22 20:59:39,470 log 27804 19468 Internal Server Error: /admin/authentication/customuser/
Traceback (most recent call last):
  File "C:\Users\andre\Documents\Github_Projects\Metrilabs-metribooks\venv\Lib\site-packages\django\db\models\fields\related_descriptors.py", line 516, in __get__
    rel_obj = self.related.get_cached_value(instance)
  File "C:\Users\andre\Documents\Github_Projects\Metrilabs-metribooks\venv\Lib\site-packages\django\db\models\fields\mixins.py", line 37, in get_cached_value
    return instance._state.fields_cache[self.cache_name]
           ~~~~~~~~~~~~~~~~~~~~~~~~~~~~^^^^^^^^^^^^^^^^^
KeyError: 'profile'

During handling of the above exception, another exception occurred:

Traceback (most recent call last):
  File "C:\Users\andre\Documents\Github_Projects\Metrilabs-metribooks\venv\Lib\site-packages\django\db\backends\utils.py", line 105, in _execute
    return self.cursor.execute(sql, params)
           ~~~~~~~~~~~~~~~~~~~^^^^^^^^^^^^^
  File "C:\Users\andre\Documents\Github_Projects\Metrilabs-metribooks\venv\Lib\site-packages\django\db\backends\sqlite3\base.py", line 360, in execute
    return super().execute(query, params)
           ~~~~~~~~~~~~~~~^^^^^^^^^^^^^^^
sqlite3.OperationalError: no such column: profiles_userprofile.business_subcategory

The above exception was the direct cause of the following exception:

Traceback (most recent call last):
  File "C:\Users\andre\Documents\Github_Projects\Metrilabs-metribooks\venv\Lib\site-packages\django\core\handlers\exception.py", line 55, in inner
    response = get_response(request)
  File "C:\Users\andre\Documents\Github_Projects\Metrilabs-metribooks\venv\Lib\site-packages\django\core\handlers\base.py", line 220, in _get_response
    response = response.render()
  File "C:\Users\andre\Documents\Github_Projects\Metrilabs-metribooks\venv\Lib\site-packages\django\template\response.py", line 114, in render
    self.content = self.rendered_content
                   ^^^^^^^^^^^^^^^^^^^^^
  File "C:\Users\andre\Documents\Github_Projects\Metrilabs-metribooks\venv\Lib\site-packages\django\template\response.py", line 92, in rendered_content
    return template.render(context, self._request)
           ~~~~~~~~~~~~~~~^^^^^^^^^^^^^^^^^^^^^^^^
  File "C:\Users\andre\Documents\Github_Projects\Metrilabs-metribooks\venv\Lib\site-packages\django\template\backends\django.py", line 107, in render
    return self.template.render(context)
           ~~~~~~~~~~~~~~~~~~~~^^^^^^^^^
  File "C:\Users\andre\Documents\Github_Projects\Metrilabs-metribooks\venv\Lib\site-packages\django\template\base.py", line 171, in render
    return self._render(context)
           ~~~~~~~~~~~~^^^^^^^^^
  File "C:\Users\andre\Documents\Github_Projects\Metrilabs-metribooks\venv\Lib\site-packages\django\template\base.py", line 163, in _render
    return self.nodelist.render(context)
           ~~~~~~~~~~~~~~~~~~~~^^^^^^^^^
  File "C:\Users\andre\Documents\Github_Projects\Metrilabs-metribooks\venv\Lib\site-packages\django\template\base.py", line 1016, in render
    return SafeString("".join([node.render_annotated(context) for node in self]))
                               ~~~~~~~~~~~~~~~~~~~~~^^^^^^^^^
  File "C:\Users\andre\Documents\Github_Projects\Metrilabs-metribooks\venv\Lib\site-packages\django\template\base.py", line 977, in render_annotated
    return self.render(context)
           ~~~~~~~~~~~^^^^^^^^^
  File "C:\Users\andre\Documents\Github_Projects\Metrilabs-metribooks\venv\Lib\site-packages\django\template\loader_tags.py", line 159, in render
    return compiled_parent._render(context)
           ~~~~~~~~~~~~~~~~~~~~~~~^^^^^^^^^
  File "C:\Users\andre\Documents\Github_Projects\Metrilabs-metribooks\venv\Lib\site-packages\django\template\base.py", line 163, in _render
    return self.nodelist.render(context)
           ~~~~~~~~~~~~~~~~~~~~^^^^^^^^^
  File "C:\Users\andre\Documents\Github_Projects\Metrilabs-metribooks\venv\Lib\site-packages\django\template\base.py", line 1016, in render
    return SafeString("".join([node.render_annotated(context) for node in self]))
                               ~~~~~~~~~~~~~~~~~~~~~^^^^^^^^^
  File "C:\Users\andre\Documents\Github_Projects\Metrilabs-metribooks\venv\Lib\site-packages\django\template\base.py", line 977, in render_annotated
    return self.render(context)
           ~~~~~~~~~~~^^^^^^^^^
  File "C:\Users\andre\Documents\Github_Projects\Metrilabs-metribooks\venv\Lib\site-packages\django\template\loader_tags.py", line 159, in render
    return compiled_parent._render(context)
           ~~~~~~~~~~~~~~~~~~~~~~~^^^^^^^^^
  File "C:\Users\andre\Documents\Github_Projects\Metrilabs-metribooks\venv\Lib\site-packages\django\template\base.py", line 163, in _render
    return self.nodelist.render(context)
           ~~~~~~~~~~~~~~~~~~~~^^^^^^^^^
  File "C:\Users\andre\Documents\Github_Projects\Metrilabs-metribooks\venv\Lib\site-packages\django\template\base.py", line 1016, in render
    return SafeString("".join([node.render_annotated(context) for node in self]))
                               ~~~~~~~~~~~~~~~~~~~~~^^^^^^^^^
  File "C:\Users\andre\Documents\Github_Projects\Metrilabs-metribooks\venv\Lib\site-packages\django\template\base.py", line 977, in render_annotated
    return self.render(context)
           ~~~~~~~~~~~^^^^^^^^^
  File "C:\Users\andre\Documents\Github_Projects\Metrilabs-metribooks\venv\Lib\site-packages\django\template\defaulttags.py", line 327, in render
    return nodelist.render(context)
           ~~~~~~~~~~~~~~~^^^^^^^^^
  File "C:\Users\andre\Documents\Github_Projects\Metrilabs-metribooks\venv\Lib\site-packages\django\template\base.py", line 1016, in render
    return SafeString("".join([node.render_annotated(context) for node in self]))
                               ~~~~~~~~~~~~~~~~~~~~~^^^^^^^^^
  File "C:\Users\andre\Documents\Github_Projects\Metrilabs-metribooks\venv\Lib\site-packages\django\template\base.py", line 977, in render_annotated
    return self.render(context)
           ~~~~~~~~~~~^^^^^^^^^
  File "C:\Users\andre\Documents\Github_Projects\Metrilabs-metribooks\venv\Lib\site-packages\django\template\loader_tags.py", line 65, in render
    result = block.nodelist.render(context)
  File "C:\Users\andre\Documents\Github_Projects\Metrilabs-metribooks\venv\Lib\site-packages\django\template\base.py", line 1016, in render
    return SafeString("".join([node.render_annotated(context) for node in self]))
                               ~~~~~~~~~~~~~~~~~~~~~^^^^^^^^^
  File "C:\Users\andre\Documents\Github_Projects\Metrilabs-metribooks\venv\Lib\site-packages\django\template\base.py", line 977, in render_annotated
    return self.render(context)
           ~~~~~~~~~~~^^^^^^^^^
  File "C:\Users\andre\Documents\Github_Projects\Metrilabs-metribooks\venv\Lib\site-packages\django\template\loader_tags.py", line 65, in render
    result = block.nodelist.render(context)
  File "C:\Users\andre\Documents\Github_Projects\Metrilabs-metribooks\venv\Lib\site-packages\django\template\base.py", line 1016, in render
    return SafeString("".join([node.render_annotated(context) for node in self]))
                               ~~~~~~~~~~~~~~~~~~~~~^^^^^^^^^
  File "C:\Users\andre\Documents\Github_Projects\Metrilabs-metribooks\venv\Lib\site-packages\django\template\base.py", line 977, in render_annotated
    return self.render(context)
           ~~~~~~~~~~~^^^^^^^^^
  File "C:\Users\andre\Documents\Github_Projects\Metrilabs-metribooks\venv\Lib\site-packages\django\template\defaulttags.py", line 327, in render
    return nodelist.render(context)
           ~~~~~~~~~~~~~~~^^^^^^^^^
  File "C:\Users\andre\Documents\Github_Projects\Metrilabs-metribooks\venv\Lib\site-packages\django\template\base.py", line 1016, in render
    return SafeString("".join([node.render_annotated(context) for node in self]))
                               ~~~~~~~~~~~~~~~~~~~~~^^^^^^^^^
  File "C:\Users\andre\Documents\Github_Projects\Metrilabs-metribooks\venv\Lib\site-packages\django\template\base.py", line 977, in render_annotated
    return self.render(context)
           ~~~~~~~~~~~^^^^^^^^^
  File "C:\Users\andre\Documents\Github_Projects\Metrilabs-metribooks\venv\Lib\site-packages\django\template\loader_tags.py", line 65, in render
    result = block.nodelist.render(context)
  File "C:\Users\andre\Documents\Github_Projects\Metrilabs-metribooks\venv\Lib\site-packages\django\template\base.py", line 1016, in render
    return SafeString("".join([node.render_annotated(context) for node in self]))
                               ~~~~~~~~~~~~~~~~~~~~~^^^^^^^^^
  File "C:\Users\andre\Documents\Github_Projects\Metrilabs-metribooks\venv\Lib\site-packages\django\template\base.py", line 977, in render_annotated
    return self.render(context)
           ~~~~~~~~~~~^^^^^^^^^
  File "C:\Users\andre\Documents\Github_Projects\Metrilabs-metribooks\venv\Lib\site-packages\django\template\defaulttags.py", line 153, in render
    value = var.resolve(context, ignore_failures=True)
  File "C:\Users\andre\Documents\Github_Projects\Metrilabs-metribooks\venv\Lib\site-packages\django\template\base.py", line 722, in resolve
    obj = self.var.resolve(context)
  File "C:\Users\andre\Documents\Github_Projects\Metrilabs-metribooks\venv\Lib\site-packages\django\template\base.py", line 854, in resolve
    value = self._resolve_lookup(context)
  File "C:\Users\andre\Documents\Github_Projects\Metrilabs-metribooks\venv\Lib\site-packages\django\template\base.py", line 925, in _resolve_lookup
    current = current()
  File "C:\Users\andre\Documents\Github_Projects\Metrilabs-metribooks\backend\authentication\models.py", line 66, in get_short_name
    if hasattr(self, 'profile') and self.profile.full_name:
       ~~~~~~~^^^^^^^^^^^^^^^^^
  File "C:\Users\andre\Documents\Github_Projects\Metrilabs-metribooks\venv\Lib\site-packages\django\db\models\fields\related_descriptors.py", line 523, in __get__
    rel_obj = self.get_queryset(instance=instance).get(**filter_args)
  File "C:\Users\andre\Documents\Github_Projects\Metrilabs-metribooks\venv\Lib\site-packages\django\db\models\query.py", line 629, in get
    num = len(clone)
  File "C:\Users\andre\Documents\Github_Projects\Metrilabs-metribooks\venv\Lib\site-packages\django\db\models\query.py", line 366, in __len__
    self._fetch_all()
    ~~~~~~~~~~~~~~~^^
  File "C:\Users\andre\Documents\Github_Projects\Metrilabs-metribooks\venv\Lib\site-packages\django\db\models\query.py", line 1949, in _fetch_all
    self._result_cache = list(self._iterable_class(self))
                         ~~~~^^^^^^^^^^^^^^^^^^^^^^^^^^^^
  File "C:\Users\andre\Documents\Github_Projects\Metrilabs-metribooks\venv\Lib\site-packages\django\db\models\query.py", line 91, in __iter__
    results = compiler.execute_sql(
        chunked_fetch=self.chunked_fetch, chunk_size=self.chunk_size
    )
  File "C:\Users\andre\Documents\Github_Projects\Metrilabs-metribooks\venv\Lib\site-packages\django\db\models\sql\compiler.py", line 1623, in execute_sql
    cursor.execute(sql, params)
    ~~~~~~~~~~~~~~^^^^^^^^^^^^^
  File "C:\Users\andre\Documents\Github_Projects\Metrilabs-metribooks\venv\Lib\site-packages\django\db\backends\utils.py", line 122, in execute
    return super().execute(sql, params)
           ~~~~~~~~~~~~~~~^^^^^^^^^^^^^
  File "C:\Users\andre\Documents\Github_Projects\Metrilabs-metribooks\venv\Lib\site-packages\django\db\backends\utils.py", line 79, in execute
    return self._execute_with_wrappers(
           ~~~~~~~~~~~~~~~~~~~~~~~~~~~^
        sql, params, many=False, executor=self._execute
        ^^^^^^^^^^^^^^^^^^^^^^^^^^^^^^^^^^^^^^^^^^^^^^^
    )
    ^
  File "C:\Users\andre\Documents\Github_Projects\Metrilabs-metribooks\venv\Lib\site-packages\django\db\backends\utils.py", line 92, in _execute_with_wrappers
    return executor(sql, params, many, context)
  File "C:\Users\andre\Documents\Github_Projects\Metrilabs-metribooks\venv\Lib\site-packages\django\db\backends\utils.py", line 100, in _execute
    with self.db.wrap_database_errors:
         ^^^^^^^^^^^^^^^^^^^^^^^^^^^^
  File "C:\Users\andre\Documents\Github_Projects\Metrilabs-metribooks\venv\Lib\site-packages\django\db\utils.py", line 91, in __exit__
    raise dj_exc_value.with_traceback(traceback) from exc_value
  File "C:\Users\andre\Documents\Github_Projects\Metrilabs-metribooks\venv\Lib\site-packages\django\db\backends\utils.py", line 105, in _execute
    return self.cursor.execute(sql, params)
           ~~~~~~~~~~~~~~~~~~~^^^^^^^^^^^^^
  File "C:\Users\andre\Documents\Github_Projects\Metrilabs-metribooks\venv\Lib\site-packages\django\db\backends\sqlite3\base.py", line 360, in execute
    return super().execute(query, params)
           ~~~~~~~~~~~~~~~^^^^^^^^^^^^^^^
django.db.utils.OperationalError: no such column: profiles_userprofile.business_subcategory
ERROR 2025-07-22 20:59:39,489 basehttp 27804 19468 "GET /admin/authentication/customuser/ HTTP/1.1" 500 551533
ERROR 2025-07-22 20:59:40,129 log 27804 19468 Internal Server Error: /admin/
Traceback (most recent call last):
  File "C:\Users\andre\Documents\Github_Projects\Metrilabs-metribooks\venv\Lib\site-packages\django\db\models\fields\related_descriptors.py", line 516, in __get__
    rel_obj = self.related.get_cached_value(instance)
  File "C:\Users\andre\Documents\Github_Projects\Metrilabs-metribooks\venv\Lib\site-packages\django\db\models\fields\mixins.py", line 37, in get_cached_value
    return instance._state.fields_cache[self.cache_name]
           ~~~~~~~~~~~~~~~~~~~~~~~~~~~~^^^^^^^^^^^^^^^^^
KeyError: 'profile'

During handling of the above exception, another exception occurred:

Traceback (most recent call last):
  File "C:\Users\andre\Documents\Github_Projects\Metrilabs-metribooks\venv\Lib\site-packages\django\db\backends\utils.py", line 105, in _execute
    return self.cursor.execute(sql, params)
           ~~~~~~~~~~~~~~~~~~~^^^^^^^^^^^^^
  File "C:\Users\andre\Documents\Github_Projects\Metrilabs-metribooks\venv\Lib\site-packages\django\db\backends\sqlite3\base.py", line 360, in execute
    return super().execute(query, params)
           ~~~~~~~~~~~~~~~^^^^^^^^^^^^^^^
sqlite3.OperationalError: no such column: profiles_userprofile.business_subcategory

The above exception was the direct cause of the following exception:

Traceback (most recent call last):
  File "C:\Users\andre\Documents\Github_Projects\Metrilabs-metribooks\venv\Lib\site-packages\django\core\handlers\exception.py", line 55, in inner
    response = get_response(request)
  File "C:\Users\andre\Documents\Github_Projects\Metrilabs-metribooks\venv\Lib\site-packages\django\core\handlers\base.py", line 220, in _get_response
    response = response.render()
  File "C:\Users\andre\Documents\Github_Projects\Metrilabs-metribooks\venv\Lib\site-packages\django\template\response.py", line 114, in render
    self.content = self.rendered_content
                   ^^^^^^^^^^^^^^^^^^^^^
  File "C:\Users\andre\Documents\Github_Projects\Metrilabs-metribooks\venv\Lib\site-packages\django\template\response.py", line 92, in rendered_content
    return template.render(context, self._request)
           ~~~~~~~~~~~~~~~^^^^^^^^^^^^^^^^^^^^^^^^
  File "C:\Users\andre\Documents\Github_Projects\Metrilabs-metribooks\venv\Lib\site-packages\django\template\backends\django.py", line 107, in render
    return self.template.render(context)
           ~~~~~~~~~~~~~~~~~~~~^^^^^^^^^
  File "C:\Users\andre\Documents\Github_Projects\Metrilabs-metribooks\venv\Lib\site-packages\django\template\base.py", line 171, in render
    return self._render(context)
           ~~~~~~~~~~~~^^^^^^^^^
  File "C:\Users\andre\Documents\Github_Projects\Metrilabs-metribooks\venv\Lib\site-packages\django\template\base.py", line 163, in _render
    return self.nodelist.render(context)
           ~~~~~~~~~~~~~~~~~~~~^^^^^^^^^
  File "C:\Users\andre\Documents\Github_Projects\Metrilabs-metribooks\venv\Lib\site-packages\django\template\base.py", line 1016, in render
    return SafeString("".join([node.render_annotated(context) for node in self]))
                               ~~~~~~~~~~~~~~~~~~~~~^^^^^^^^^
  File "C:\Users\andre\Documents\Github_Projects\Metrilabs-metribooks\venv\Lib\site-packages\django\template\base.py", line 977, in render_annotated
    return self.render(context)
           ~~~~~~~~~~~^^^^^^^^^
  File "C:\Users\andre\Documents\Github_Projects\Metrilabs-metribooks\venv\Lib\site-packages\django\template\loader_tags.py", line 159, in render
    return compiled_parent._render(context)
           ~~~~~~~~~~~~~~~~~~~~~~~^^^^^^^^^
  File "C:\Users\andre\Documents\Github_Projects\Metrilabs-metribooks\venv\Lib\site-packages\django\template\base.py", line 163, in _render
    return self.nodelist.render(context)
           ~~~~~~~~~~~~~~~~~~~~^^^^^^^^^
  File "C:\Users\andre\Documents\Github_Projects\Metrilabs-metribooks\venv\Lib\site-packages\django\template\base.py", line 1016, in render
    return SafeString("".join([node.render_annotated(context) for node in self]))
                               ~~~~~~~~~~~~~~~~~~~~~^^^^^^^^^
  File "C:\Users\andre\Documents\Github_Projects\Metrilabs-metribooks\venv\Lib\site-packages\django\template\base.py", line 977, in render_annotated
    return self.render(context)
           ~~~~~~~~~~~^^^^^^^^^
  File "C:\Users\andre\Documents\Github_Projects\Metrilabs-metribooks\venv\Lib\site-packages\django\template\loader_tags.py", line 159, in render
    return compiled_parent._render(context)
           ~~~~~~~~~~~~~~~~~~~~~~~^^^^^^^^^
  File "C:\Users\andre\Documents\Github_Projects\Metrilabs-metribooks\venv\Lib\site-packages\django\template\base.py", line 163, in _render
    return self.nodelist.render(context)
           ~~~~~~~~~~~~~~~~~~~~^^^^^^^^^
  File "C:\Users\andre\Documents\Github_Projects\Metrilabs-metribooks\venv\Lib\site-packages\django\template\base.py", line 1016, in render
    return SafeString("".join([node.render_annotated(context) for node in self]))
                               ~~~~~~~~~~~~~~~~~~~~~^^^^^^^^^
  File "C:\Users\andre\Documents\Github_Projects\Metrilabs-metribooks\venv\Lib\site-packages\django\template\base.py", line 977, in render_annotated
    return self.render(context)
           ~~~~~~~~~~~^^^^^^^^^
  File "C:\Users\andre\Documents\Github_Projects\Metrilabs-metribooks\venv\Lib\site-packages\django\template\defaulttags.py", line 327, in render
    return nodelist.render(context)
           ~~~~~~~~~~~~~~~^^^^^^^^^
  File "C:\Users\andre\Documents\Github_Projects\Metrilabs-metribooks\venv\Lib\site-packages\django\template\base.py", line 1016, in render
    return SafeString("".join([node.render_annotated(context) for node in self]))
                               ~~~~~~~~~~~~~~~~~~~~~^^^^^^^^^
  File "C:\Users\andre\Documents\Github_Projects\Metrilabs-metribooks\venv\Lib\site-packages\django\template\base.py", line 977, in render_annotated
    return self.render(context)
           ~~~~~~~~~~~^^^^^^^^^
  File "C:\Users\andre\Documents\Github_Projects\Metrilabs-metribooks\venv\Lib\site-packages\django\template\loader_tags.py", line 65, in render
    result = block.nodelist.render(context)
  File "C:\Users\andre\Documents\Github_Projects\Metrilabs-metribooks\venv\Lib\site-packages\django\template\base.py", line 1016, in render
    return SafeString("".join([node.render_annotated(context) for node in self]))
                               ~~~~~~~~~~~~~~~~~~~~~^^^^^^^^^
  File "C:\Users\andre\Documents\Github_Projects\Metrilabs-metribooks\venv\Lib\site-packages\django\template\base.py", line 977, in render_annotated
    return self.render(context)
           ~~~~~~~~~~~^^^^^^^^^
  File "C:\Users\andre\Documents\Github_Projects\Metrilabs-metribooks\venv\Lib\site-packages\django\template\loader_tags.py", line 65, in render
    result = block.nodelist.render(context)
  File "C:\Users\andre\Documents\Github_Projects\Metrilabs-metribooks\venv\Lib\site-packages\django\template\base.py", line 1016, in render
    return SafeString("".join([node.render_annotated(context) for node in self]))
                               ~~~~~~~~~~~~~~~~~~~~~^^^^^^^^^
  File "C:\Users\andre\Documents\Github_Projects\Metrilabs-metribooks\venv\Lib\site-packages\django\template\base.py", line 977, in render_annotated
    return self.render(context)
           ~~~~~~~~~~~^^^^^^^^^
  File "C:\Users\andre\Documents\Github_Projects\Metrilabs-metribooks\venv\Lib\site-packages\django\template\defaulttags.py", line 327, in render
    return nodelist.render(context)
           ~~~~~~~~~~~~~~~^^^^^^^^^
  File "C:\Users\andre\Documents\Github_Projects\Metrilabs-metribooks\venv\Lib\site-packages\django\template\base.py", line 1016, in render
    return SafeString("".join([node.render_annotated(context) for node in self]))
                               ~~~~~~~~~~~~~~~~~~~~~^^^^^^^^^
  File "C:\Users\andre\Documents\Github_Projects\Metrilabs-metribooks\venv\Lib\site-packages\django\template\base.py", line 977, in render_annotated
    return self.render(context)
           ~~~~~~~~~~~^^^^^^^^^
  File "C:\Users\andre\Documents\Github_Projects\Metrilabs-metribooks\venv\Lib\site-packages\django\template\loader_tags.py", line 65, in render
    result = block.nodelist.render(context)
  File "C:\Users\andre\Documents\Github_Projects\Metrilabs-metribooks\venv\Lib\site-packages\django\template\base.py", line 1016, in render
    return SafeString("".join([node.render_annotated(context) for node in self]))
                               ~~~~~~~~~~~~~~~~~~~~~^^^^^^^^^
  File "C:\Users\andre\Documents\Github_Projects\Metrilabs-metribooks\venv\Lib\site-packages\django\template\base.py", line 977, in render_annotated
    return self.render(context)
           ~~~~~~~~~~~^^^^^^^^^
  File "C:\Users\andre\Documents\Github_Projects\Metrilabs-metribooks\venv\Lib\site-packages\django\template\defaulttags.py", line 153, in render
    value = var.resolve(context, ignore_failures=True)
  File "C:\Users\andre\Documents\Github_Projects\Metrilabs-metribooks\venv\Lib\site-packages\django\template\base.py", line 722, in resolve
    obj = self.var.resolve(context)
  File "C:\Users\andre\Documents\Github_Projects\Metrilabs-metribooks\venv\Lib\site-packages\django\template\base.py", line 854, in resolve
    value = self._resolve_lookup(context)
  File "C:\Users\andre\Documents\Github_Projects\Metrilabs-metribooks\venv\Lib\site-packages\django\template\base.py", line 925, in _resolve_lookup
    current = current()
  File "C:\Users\andre\Documents\Github_Projects\Metrilabs-metribooks\backend\authentication\models.py", line 66, in get_short_name
    if hasattr(self, 'profile') and self.profile.full_name:
       ~~~~~~~^^^^^^^^^^^^^^^^^
  File "C:\Users\andre\Documents\Github_Projects\Metrilabs-metribooks\venv\Lib\site-packages\django\db\models\fields\related_descriptors.py", line 523, in __get__
    rel_obj = self.get_queryset(instance=instance).get(**filter_args)
  File "C:\Users\andre\Documents\Github_Projects\Metrilabs-metribooks\venv\Lib\site-packages\django\db\models\query.py", line 629, in get
    num = len(clone)
  File "C:\Users\andre\Documents\Github_Projects\Metrilabs-metribooks\venv\Lib\site-packages\django\db\models\query.py", line 366, in __len__
    self._fetch_all()
    ~~~~~~~~~~~~~~~^^
  File "C:\Users\andre\Documents\Github_Projects\Metrilabs-metribooks\venv\Lib\site-packages\django\db\models\query.py", line 1949, in _fetch_all
    self._result_cache = list(self._iterable_class(self))
                         ~~~~^^^^^^^^^^^^^^^^^^^^^^^^^^^^
  File "C:\Users\andre\Documents\Github_Projects\Metrilabs-metribooks\venv\Lib\site-packages\django\db\models\query.py", line 91, in __iter__
    results = compiler.execute_sql(
        chunked_fetch=self.chunked_fetch, chunk_size=self.chunk_size
    )
  File "C:\Users\andre\Documents\Github_Projects\Metrilabs-metribooks\venv\Lib\site-packages\django\db\models\sql\compiler.py", line 1623, in execute_sql
    cursor.execute(sql, params)
    ~~~~~~~~~~~~~~^^^^^^^^^^^^^
  File "C:\Users\andre\Documents\Github_Projects\Metrilabs-metribooks\venv\Lib\site-packages\django\db\backends\utils.py", line 122, in execute
    return super().execute(sql, params)
           ~~~~~~~~~~~~~~~^^^^^^^^^^^^^
  File "C:\Users\andre\Documents\Github_Projects\Metrilabs-metribooks\venv\Lib\site-packages\django\db\backends\utils.py", line 79, in execute
    return self._execute_with_wrappers(
           ~~~~~~~~~~~~~~~~~~~~~~~~~~~^
        sql, params, many=False, executor=self._execute
        ^^^^^^^^^^^^^^^^^^^^^^^^^^^^^^^^^^^^^^^^^^^^^^^
    )
    ^
  File "C:\Users\andre\Documents\Github_Projects\Metrilabs-metribooks\venv\Lib\site-packages\django\db\backends\utils.py", line 92, in _execute_with_wrappers
    return executor(sql, params, many, context)
  File "C:\Users\andre\Documents\Github_Projects\Metrilabs-metribooks\venv\Lib\site-packages\django\db\backends\utils.py", line 100, in _execute
    with self.db.wrap_database_errors:
         ^^^^^^^^^^^^^^^^^^^^^^^^^^^^
  File "C:\Users\andre\Documents\Github_Projects\Metrilabs-metribooks\venv\Lib\site-packages\django\db\utils.py", line 91, in __exit__
    raise dj_exc_value.with_traceback(traceback) from exc_value
  File "C:\Users\andre\Documents\Github_Projects\Metrilabs-metribooks\venv\Lib\site-packages\django\db\backends\utils.py", line 105, in _execute
    return self.cursor.execute(sql, params)
           ~~~~~~~~~~~~~~~~~~~^^^^^^^^^^^^^
  File "C:\Users\andre\Documents\Github_Projects\Metrilabs-metribooks\venv\Lib\site-packages\django\db\backends\sqlite3\base.py", line 360, in execute
    return super().execute(query, params)
           ~~~~~~~~~~~~~~~^^^^^^^^^^^^^^^
django.db.utils.OperationalError: no such column: profiles_userprofile.business_subcategory
ERROR 2025-07-22 20:59:40,151 basehttp 27804 19468 "GET /admin/ HTTP/1.1" 500 556006
INFO 2025-07-22 21:03:00,965 autoreload 27804 28004 C:\Users\andre\Documents\Github_Projects\Metrilabs-metribooks\backend\profiles\views.py changed, reloading.
INFO 2025-07-22 21:03:01,568 autoreload 32412 30432 Watching for file changes with StatReloader
INFO 2025-07-22 21:03:16,054 autoreload 32412 30432 C:\Users\andre\Documents\Github_Projects\Metrilabs-metribooks\backend\profiles\urls.py changed, reloading.
INFO 2025-07-22 21:03:16,732 autoreload 1304 33688 Watching for file changes with StatReloader
INFO 2025-07-22 21:14:52,396 autoreload 1304 33688 C:\Users\andre\Documents\Github_Projects\Metrilabs-metribooks\backend\profiles\admin.py changed, reloading.
INFO 2025-07-22 21:14:53,115 autoreload 6676 27912 Watching for file changes with StatReloader
INFO 2025-07-22 21:19:11,132 basehttp 6676 34936 "GET /admin/ HTTP/1.1" 200 13839
INFO 2025-07-22 21:19:13,761 basehttp 6676 34936 "GET /admin/profiles/userprofile/ HTTP/1.1" 200 17874
INFO 2025-07-22 21:19:15,298 basehttp 6676 34936 "GET /admin/profiles/userprofile/1/change/ HTTP/1.1" 200 26060
INFO 2025-07-22 21:19:15,332 basehttp 6676 34936 "GET /admin/jsi18n/ HTTP/1.1" 200 3342
INFO 2025-07-22 21:36:25,718 basehttp 6676 17092 "GET /admin/profiles/userprofile/1/change/ HTTP/1.1" 200 26060
INFO 2025-07-22 21:36:25,760 basehttp 6676 17092 "GET /admin/jsi18n/ HTTP/1.1" 200 3342
INFO 2025-07-22 21:37:27,438 autoreload 6676 27912 C:\Users\andre\Documents\Github_Projects\Metrilabs-metribooks\backend\profiles\admin.py changed, reloading.
INFO 2025-07-22 21:37:28,048 autoreload 34984 24832 Watching for file changes with StatReloader
INFO 2025-07-22 21:37:48,755 basehttp 34984 25588 "GET /admin/profiles/userprofile/1/change/ HTTP/1.1" 200 26998
INFO 2025-07-22 21:37:48,807 basehttp 34984 25588 "GET /admin/jsi18n/ HTTP/1.1" 200 3342
INFO 2025-07-22 21:38:54,183 autoreload 34984 24832 C:\Users\andre\Documents\Github_Projects\Metrilabs-metribooks\backend\profiles\admin.py changed, reloading.
INFO 2025-07-22 21:38:54,707 autoreload 30444 24680 Watching for file changes with StatReloader
INFO 2025-07-22 21:39:02,679 autoreload 30444 24680 C:\Users\andre\Documents\Github_Projects\Metrilabs-metribooks\backend\profiles\admin.py changed, reloading.
INFO 2025-07-22 21:39:03,270 autoreload 26692 19828 Watching for file changes with StatReloader
INFO 2025-07-22 21:39:12,458 autoreload 26692 19828 C:\Users\andre\Documents\Github_Projects\Metrilabs-metribooks\backend\profiles\admin.py changed, reloading.
INFO 2025-07-22 21:39:13,031 autoreload 23368 19788 Watching for file changes with StatReloader
INFO 2025-07-22 21:40:01,843 autoreload 23368 19788 C:\Users\andre\Documents\Github_Projects\Metrilabs-metribooks\backend\profiles\admin.py changed, reloading.
INFO 2025-07-22 21:40:02,412 autoreload 2940 19956 Watching for file changes with StatReloader
INFO 2025-07-22 21:55:04,483 basehttp 2940 11060 "GET /admin/profiles/userprofile/1/change/ HTTP/1.1" 200 27096
WARNING 2025-07-22 21:55:04,517 basehttp 2940 11060 "GET /static/profiles/js/business_subcategory.js HTTP/1.1" 404 1919
INFO 2025-07-22 21:55:04,522 basehttp 2940 10884 "GET /admin/jsi18n/ HTTP/1.1" 200 3342
INFO 2025-07-22 21:55:12,652 basehttp 2940 10884 "GET /admin/profiles/userprofile/1/change/ HTTP/1.1" 200 27096
WARNING 2025-07-22 21:55:12,683 basehttp 2940 5616 "GET /static/profiles/js/business_subcategory.js HTTP/1.1" 404 1919
INFO 2025-07-22 21:55:12,686 basehttp 2940 10884 "GET /admin/jsi18n/ HTTP/1.1" 200 3342
INFO 2025-07-22 21:56:07,256 autoreload 2940 19956 C:\Users\andre\Documents\Github_Projects\Metrilabs-metribooks\backend\profiles\admin.py changed, reloading.
INFO 2025-07-22 21:56:07,819 autoreload 9208 31236 Watching for file changes with StatReloader
INFO 2025-07-22 21:56:22,523 basehttp 9208 13264 "GET /admin/profiles/userprofile/1/change/ HTTP/1.1" 200 27096
WARNING 2025-07-22 21:56:22,563 basehttp 9208 29412 "GET /static/profiles/js/business_subcategory.js HTTP/1.1" 404 1919
INFO 2025-07-22 21:56:22,568 basehttp 9208 13264 "GET /admin/jsi18n/ HTTP/1.1" 200 3342
INFO 2025-07-22 21:56:45,305 autoreload 9208 31236 C:\Users\andre\Documents\Github_Projects\Metrilabs-metribooks\backend\profiles\admin.py changed, reloading.
INFO 2025-07-22 21:56:45,832 autoreload 25316 19792 Watching for file changes with StatReloader
INFO 2025-07-22 21:57:00,670 basehttp 25316 4328 "GET /admin/profiles/userprofile/ HTTP/1.1" 200 17942
INFO 2025-07-22 21:57:02,764 basehttp 25316 4328 "GET /admin/profiles/userprofile/1/change/ HTTP/1.1" 200 27096
WARNING 2025-07-22 21:57:02,802 basehttp 25316 21996 "GET /static/profiles/js/business_subcategory.js HTTP/1.1" 404 1919
INFO 2025-07-22 21:57:02,805 basehttp 25316 4328 "GET /admin/jsi18n/ HTTP/1.1" 200 3342
INFO 2025-07-22 21:57:08,060 basehttp 25316 4328 "POST /admin/profiles/userprofile/1/change/ HTTP/1.1" 302 0
INFO 2025-07-22 21:57:08,078 basehttp 25316 4328 "GET /admin/profiles/userprofile/ HTTP/1.1" 200 18179
WARNING 2025-07-22 21:57:08,113 basehttp 25316 4328 "GET /static/profiles/js/business_subcategory.js HTTP/1.1" 404 1919
INFO 2025-07-22 21:57:09,309 basehttp 25316 21716 "GET /admin/profiles/userprofile/1/change/ HTTP/1.1" 200 27443
WARNING 2025-07-22 21:57:09,339 basehttp 25316 13688 "GET /static/profiles/js/business_subcategory.js HTTP/1.1" 404 1919
INFO 2025-07-22 21:57:09,341 basehttp 25316 21716 "GET /admin/jsi18n/ HTTP/1.1" 200 3342
INFO 2025-07-22 21:57:14,743 basehttp 25316 21716 "POST /admin/profiles/userprofile/1/change/ HTTP/1.1" 302 0
INFO 2025-07-22 21:57:14,762 basehttp 25316 21716 "GET /admin/profiles/userprofile/ HTTP/1.1" 200 18205
WARNING 2025-07-22 21:57:14,790 basehttp 25316 21716 "GET /static/profiles/js/business_subcategory.js HTTP/1.1" 404 1919
INFO 2025-07-22 21:57:17,634 basehttp 25316 23396 "GET /admin/profiles/userprofile/1/change/ HTTP/1.1" 200 27443
WARNING 2025-07-22 21:57:17,667 basehttp 25316 11172 "GET /static/profiles/js/business_subcategory.js HTTP/1.1" 404 1919
INFO 2025-07-22 21:57:17,671 basehttp 25316 23396 "GET /admin/jsi18n/ HTTP/1.1" 200 3342
INFO 2025-07-22 21:57:29,640 basehttp 25316 23396 "POST /admin/profiles/userprofile/1/change/ HTTP/1.1" 302 0
INFO 2025-07-22 21:57:29,657 basehttp 25316 23396 "GET /admin/profiles/userprofile/ HTTP/1.1" 200 18189
WARNING 2025-07-22 21:57:29,685 basehttp 25316 23396 "GET /static/profiles/js/business_subcategory.js HTTP/1.1" 404 1919
INFO 2025-07-22 21:57:31,368 basehttp 25316 3224 "GET /admin/profiles/userprofile/1/change/ HTTP/1.1" 200 27420
WARNING 2025-07-22 21:57:31,402 basehttp 25316 30960 "GET /static/profiles/js/business_subcategory.js HTTP/1.1" 404 1919
INFO 2025-07-22 21:57:31,406 basehttp 25316 3224 "GET /admin/jsi18n/ HTTP/1.1" 200 3342
INFO 2025-07-22 21:57:36,404 basehttp 25316 3224 "POST /admin/profiles/userprofile/1/change/ HTTP/1.1" 302 0
INFO 2025-07-22 21:57:36,420 basehttp 25316 3224 "GET /admin/profiles/userprofile/ HTTP/1.1" 200 18186
WARNING 2025-07-22 21:57:36,448 basehttp 25316 3224 "GET /static/profiles/js/business_subcategory.js HTTP/1.1" 404 1919
INFO 2025-07-22 21:58:00,764 autoreload 25316 19792 C:\Users\andre\Documents\Github_Projects\Metrilabs-metribooks\backend\profiles\admin.py changed, reloading.
INFO 2025-07-22 21:58:01,389 autoreload 31376 33064 Watching for file changes with StatReloader
INFO 2025-07-22 21:58:02,790 basehttp 31376 3264 "GET /admin/profiles/userprofile/ HTTP/1.1" 200 17532
WARNING 2025-07-22 21:58:02,813 basehttp 31376 3264 "GET /static/profiles/js/business_subcategory.js HTTP/1.1" 404 1919
INFO 2025-07-22 21:59:01,907 autoreload 31376 33064 C:\Users\andre\Documents\Github_Projects\Metrilabs-metribooks\backend\profiles\admin.py changed, reloading.
INFO 2025-07-22 21:59:02,470 autoreload 15744 14464 Watching for file changes with StatReloader
INFO 2025-07-22 21:59:04,241 autoreload 15744 14464 C:\Users\andre\Documents\Github_Projects\Metrilabs-metribooks\backend\profiles\admin.py changed, reloading.
INFO 2025-07-22 21:59:04,887 autoreload 14044 21732 Watching for file changes with StatReloader
INFO 2025-07-22 21:59:06,574 basehttp 14044 31444 "GET /admin/profiles/userprofile/ HTTP/1.1" 200 17089
WARNING 2025-07-22 21:59:06,614 basehttp 14044 31444 "GET /static/profiles/js/business_subcategory.js HTTP/1.1" 404 1919
INFO 2025-07-22 21:59:31,369 basehttp 14044 29084 "GET /admin/profiles/userprofile/1/change/ HTTP/1.1" 200 27429
WARNING 2025-07-22 21:59:31,413 basehttp 14044 5188 "GET /static/profiles/js/business_subcategory.js HTTP/1.1" 404 1919
INFO 2025-07-22 21:59:31,417 basehttp 14044 29084 "GET /admin/jsi18n/ HTTP/1.1" 200 3342
INFO 2025-07-22 21:59:43,489 basehttp 14044 29084 "GET /admin/profiles/userprofile/ HTTP/1.1" 200 17089
INFO 2025-07-22 21:59:46,317 basehttp 14044 29084 "GET /admin/authentication/customuser/ HTTP/1.1" 200 16216
INFO 2025-07-22 21:59:46,351 basehttp 14044 29084 "GET /admin/jsi18n/ HTTP/1.1" 200 3342
INFO 2025-07-22 21:59:48,400 basehttp 14044 29084 "GET /admin/authentication/customuser/17/change/ HTTP/1.1" 200 27138
INFO 2025-07-22 21:59:48,425 basehttp 14044 30624 "GET /static/admin/js/SelectBox.js HTTP/1.1" 304 0
INFO 2025-07-22 21:59:48,427 basehttp 14044 880 "GET /static/admin/js/SelectFilter2.js HTTP/1.1" 304 0
INFO 2025-07-22 21:59:48,430 basehttp 14044 29084 "GET /admin/jsi18n/ HTTP/1.1" 200 3342
INFO 2025-07-22 21:59:48,468 basehttp 14044 29084 "GET /static/admin/img/selector-icons.svg HTTP/1.1" 304 0
INFO 2025-07-23 03:03:22,918 autoreload 31576 33520 Watching for file changes with StatReloader
INFO 2025-07-23 03:03:27,515 basehttp 31576 22004 "GET /admin/ HTTP/1.1" 200 17548
WARNING 2025-07-23 03:03:29,620 log 31576 22004 Not Found: /favicon.ico
WARNING 2025-07-23 03:03:29,626 basehttp 31576 22004 "GET /favicon.ico HTTP/1.1" 404 2665
INFO 2025-07-23 03:03:31,774 basehttp 31576 22004 "GET /admin/inventory/inventory/ HTTP/1.1" 200 16135
INFO 2025-07-23 03:03:33,900 basehttp 31576 22004 "GET /admin/inventory/productcategory/ HTTP/1.1" 200 15447
INFO 2025-07-23 03:03:33,928 basehttp 31576 22004 "GET /admin/jsi18n/ HTTP/1.1" 200 3342
INFO 2025-07-23 03:03:35,230 basehttp 31576 22004 "GET /admin/inventory/product/ HTTP/1.1" 200 16940
INFO 2025-07-23 03:03:35,260 basehttp 31576 22004 "GET /admin/jsi18n/ HTTP/1.1" 200 3342
INFO 2025-07-23 03:03:35,898 basehttp 31576 22004 "GET /admin/inventory/stockalert/ HTTP/1.1" 200 16092
INFO 2025-07-23 03:03:35,927 basehttp 31576 22004 "GET /admin/jsi18n/ HTTP/1.1" 200 3342
INFO 2025-07-23 03:03:36,549 basehttp 31576 22004 "GET /admin/inventory/stockmovement/ HTTP/1.1" 200 16128
ERROR 2025-07-23 03:06:32,447 views 14368 14240 Error creating product for user user1@example.com: UNIQUE constraint failed: inventory_inventory.product_id
ERROR 2025-07-23 03:06:32,448 log 14368 14240 Internal Server Error: /api/inventory/products/create/
WARNING 2025-07-23 03:06:33,297 log 14368 14240 Unauthorized: /api/inventory/products/
ERROR 2025-07-23 03:06:35,889 views 14368 14240 Error creating product for user user1@example.com: UNIQUE constraint failed: inventory_inventory.product_id
ERROR 2025-07-23 03:06:35,890 log 14368 14240 Internal Server Error: /api/inventory/products/create/
ERROR 2025-07-23 03:06:36,745 views 14368 14240 Error deleting product for user user1@example.com: No Product matches the given query.
ERROR 2025-07-23 03:06:36,746 log 14368 14240 Internal Server Error: /api/inventory/products/2/
WARNING 2025-07-23 03:06:41,868 log 14368 14240 Bad Request: /api/inventory/products/1/adjust-stock/
INFO 2025-07-23 03:07:19,162 autoreload 31576 33520 C:\Users\andre\Documents\Github_Projects\Metrilabs-metribooks\backend\inventory\signals.py changed, reloading.
INFO 2025-07-23 03:07:19,703 autoreload 6572 21272 Watching for file changes with StatReloader
INFO 2025-07-23 03:08:36,561 autoreload 6572 21272 C:\Users\andre\Documents\Github_Projects\Metrilabs-metribooks\backend\inventory\signals.py changed, reloading.
INFO 2025-07-23 03:08:37,167 autoreload 25660 14600 Watching for file changes with StatReloader
ERROR 2025-07-23 03:08:39,165 views 15576 3660 Error creating product for user user1@example.com: UNIQUE constraint failed: inventory_inventory.product_id
ERROR 2025-07-23 03:08:39,166 log 15576 3660 Internal Server Error: /api/inventory/products/create/
WARNING 2025-07-23 03:08:40,041 log 15576 3660 Unauthorized: /api/inventory/products/
ERROR 2025-07-23 03:08:42,759 views 15576 3660 Error creating product for user user1@example.com: UNIQUE constraint failed: inventory_inventory.product_id
ERROR 2025-07-23 03:08:42,773 log 15576 3660 Internal Server Error: /api/inventory/products/create/
ERROR 2025-07-23 03:08:44,332 views 15576 3660 Error deleting product for user user1@example.com: No Product matches the given query.
ERROR 2025-07-23 03:08:44,333 log 15576 3660 Internal Server Error: /api/inventory/products/2/
WARNING 2025-07-23 03:08:50,584 log 15576 3660 Bad Request: /api/inventory/products/1/adjust-stock/
INFO 2025-07-23 03:09:05,163 autoreload 25660 14600 C:\Users\andre\Documents\Github_Projects\Metrilabs-metribooks\backend\inventory\serializers.py changed, reloading.
INFO 2025-07-23 03:09:05,703 autoreload 19136 14724 Watching for file changes with StatReloader
WARNING 2025-07-23 03:10:05,996 log 12896 12920 Unauthorized: /api/inventory/products/
ERROR 2025-07-23 03:10:09,578 views 12896 12920 Error deleting product for user user1@example.com: No Product matches the given query.
ERROR 2025-07-23 03:10:09,578 log 12896 12920 Internal Server Error: /api/inventory/products/2/
WARNING 2025-07-23 03:10:14,832 log 12896 12920 Bad Request: /api/inventory/products/1/adjust-stock/
INFO 2025-07-23 03:10:32,260 autoreload 19136 14724 C:\Users\andre\Documents\Github_Projects\Metrilabs-metribooks\backend\inventory\views.py changed, reloading.
INFO 2025-07-23 03:10:32,849 autoreload 29260 33412 Watching for file changes with StatReloader
WARNING 2025-07-23 03:10:50,659 log 33516 32884 Not Found: /api/inventory/products/2/
INFO 2025-07-23 03:10:58,606 autoreload 29260 33412 C:\Users\andre\Documents\Github_Projects\Metrilabs-metribooks\backend\inventory\serializers.py changed, reloading.
INFO 2025-07-23 03:10:59,313 autoreload 33452 12376 Watching for file changes with StatReloader
WARNING 2025-07-23 03:11:19,352 log 29156 12488 Unauthorized: /api/inventory/products/
WARNING 2025-07-23 03:11:22,898 log 29156 12488 Not Found: /api/inventory/products/2/
WARNING 2025-07-23 03:11:28,195 log 29156 12488 Bad Request: /api/inventory/products/1/adjust-stock/
WARNING 2025-07-23 03:11:55,920 log 17896 32624 Unauthorized: /api/inventory/products/
WARNING 2025-07-23 03:11:59,467 log 17896 32624 Not Found: /api/inventory/products/2/
WARNING 2025-07-23 03:12:04,755 log 17896 32624 Bad Request: /api/inventory/products/1/adjust-stock/
INFO 2025-07-23 03:15:48,836 basehttp 33452 22248 "GET /admin/inventory/inventory/ HTTP/1.1" 200 18650
INFO 2025-07-23 03:15:55,467 basehttp 33452 22248 "GET /admin/inventory/inventory/2/change/ HTTP/1.1" 200 20881
INFO 2025-07-23 03:15:55,504 basehttp 33452 22248 "GET /admin/jsi18n/ HTTP/1.1" 200 3342
INFO 2025-07-23 03:15:59,704 basehttp 33452 22248 "GET /admin/inventory/productcategory/ HTTP/1.1" 200 22589
INFO 2025-07-23 03:15:59,740 basehttp 33452 22248 "GET /admin/jsi18n/ HTTP/1.1" 200 3342
INFO 2025-07-23 03:16:03,463 basehttp 33452 22248 "GET /admin/inventory/productcategory/2/change/ HTTP/1.1" 200 18235
INFO 2025-07-23 03:16:03,500 basehttp 33452 22248 "GET /admin/jsi18n/ HTTP/1.1" 200 3342
INFO 2025-07-23 03:16:07,851 basehttp 33452 22248 "GET /admin/inventory/product/ HTTP/1.1" 200 22488
INFO 2025-07-23 03:16:07,889 basehttp 33452 22248 "GET /admin/jsi18n/ HTTP/1.1" 200 3342
INFO 2025-07-23 03:16:15,153 basehttp 33452 22248 "GET /admin/inventory/stockalert/ HTTP/1.1" 200 23357
INFO 2025-07-23 03:16:15,184 basehttp 33452 22248 "GET /admin/jsi18n/ HTTP/1.1" 200 3342
INFO 2025-07-23 03:16:20,651 basehttp 33452 22248 "GET /admin/inventory/stockmovement/ HTTP/1.1" 200 19583
INFO 2025-07-23 03:16:24,306 basehttp 33452 22248 "GET /admin/inventory/stockmovement/2/change/ HTTP/1.1" 200 22009
INFO 2025-07-23 03:16:24,340 basehttp 33452 22248 "GET /admin/jsi18n/ HTTP/1.1" 200 3342
INFO 2025-07-23 03:16:30,468 basehttp 33452 22248 "GET /admin/inventory/stockmovement/ HTTP/1.1" 200 19583
INFO 2025-07-23 03:29:47,646 autoreload 33452 12376 C:\Users\andre\Documents\Github_Projects\Metrilabs-metribooks\backend\backend\settings.py changed, reloading.
INFO 2025-07-23 03:29:48,337 autoreload 27876 6276 Watching for file changes with StatReloader
INFO 2025-07-23 03:30:02,675 autoreload 27876 6276 C:\Users\andre\Documents\Github_Projects\Metrilabs-metribooks\backend\backend\urls.py changed, reloading.
INFO 2025-07-23 03:30:03,245 autoreload 13392 9452 Watching for file changes with StatReloader
INFO 2025-07-23 03:30:34,209 autoreload 13392 9452 C:\Users\andre\Documents\Github_Projects\Metrilabs-metribooks\backend\services\admin.py changed, reloading.
INFO 2025-07-23 03:30:34,920 autoreload 10948 32188 Watching for file changes with StatReloader
INFO 2025-07-23 03:32:20,912 basehttp 10948 30408 "GET /admin/inventory/stockmovement/ HTTP/1.1" 200 22353
INFO 2025-07-23 03:32:22,668 basehttp 10948 30408 "GET /admin/inventory/stockmovement/ HTTP/1.1" 200 22353
INFO 2025-07-23 03:32:24,434 basehttp 10948 30408 "GET /admin/services/servicecategory/ HTTP/1.1" 200 16751
INFO 2025-07-23 03:32:24,466 basehttp 10948 30408 "GET /admin/jsi18n/ HTTP/1.1" 200 3342
INFO 2025-07-23 03:32:26,717 basehttp 10948 30408 "GET /admin/services/servicerecord/ HTTP/1.1" 200 19395
INFO 2025-07-23 03:32:26,747 basehttp 10948 30408 "GET /admin/jsi18n/ HTTP/1.1" 200 3342
INFO 2025-07-23 03:32:29,531 basehttp 10948 30408 "GET /admin/services/service/ HTTP/1.1" 200 18569
INFO 2025-07-23 03:32:29,560 basehttp 10948 30408 "GET /admin/jsi18n/ HTTP/1.1" 200 3342
INFO 2025-07-23 03:32:33,557 basehttp 10948 30408 "GET /admin/services/workerperformance/ HTTP/1.1" 200 17488
INFO 2025-07-23 03:32:33,588 basehttp 10948 30408 "GET /admin/jsi18n/ HTTP/1.1" 200 3342
INFO 2025-07-23 03:32:35,992 basehttp 10948 30408 "GET /admin/inventory/productcategory/ HTTP/1.1" 200 25359
INFO 2025-07-23 03:32:36,029 basehttp 10948 30408 "GET /admin/jsi18n/ HTTP/1.1" 200 3342
INFO 2025-07-23 03:32:39,852 basehttp 10948 30408 "GET /admin/services/servicecategory/ HTTP/1.1" 200 16751
INFO 2025-07-23 03:32:39,888 basehttp 10948 30408 "GET /admin/jsi18n/ HTTP/1.1" 200 3342
INFO 2025-07-23 03:39:32,667 basehttp 10948 25804 "GET /admin/services/ HTTP/1.1" 200 8122
INFO 2025-07-23 03:39:33,920 basehttp 10948 25804 "GET /admin/services/servicecategory/ HTTP/1.1" 200 16751
INFO 2025-07-23 03:39:33,958 basehttp 10948 25804 "GET /admin/jsi18n/ HTTP/1.1" 200 3342
INFO 2025-07-23 03:39:36,351 basehttp 10948 25804 "GET /admin/services/servicerecord/ HTTP/1.1" 200 19395
INFO 2025-07-23 03:39:36,390 basehttp 10948 25804 "GET /admin/jsi18n/ HTTP/1.1" 200 3342
INFO 2025-07-23 03:39:38,222 basehttp 10948 25804 "GET /admin/services/service/ HTTP/1.1" 200 18569
INFO 2025-07-23 03:39:38,254 basehttp 10948 25804 "GET /admin/jsi18n/ HTTP/1.1" 200 3342
INFO 2025-07-23 03:39:40,591 basehttp 10948 25804 "GET /admin/services/workerperformance/ HTTP/1.1" 200 17488
INFO 2025-07-23 03:39:40,622 basehttp 10948 25804 "GET /admin/jsi18n/ HTTP/1.1" 200 3342
INFO 2025-07-23 03:39:43,449 basehttp 10948 25804 "GET /admin/services/worker/ HTTP/1.1" 200 19166
INFO 2025-07-23 03:39:43,478 basehttp 10948 25804 "GET /admin/jsi18n/ HTTP/1.1" 200 3342
WARNING 2025-07-23 03:40:46,221 log 18452 1588 Method Not Allowed: /api/services/services/
WARNING 2025-07-23 03:40:47,092 log 18452 1588 Not Found: /api/services/service-records/
WARNING 2025-07-23 03:40:47,945 log 18452 1588 Unauthorized: /api/services/services/
WARNING 2025-07-23 03:40:47,946 log 18452 1588 Unauthorized: /api/services/workers/
WARNING 2025-07-23 03:40:47,948 log 18452 1588 Not Found: /api/services/service-records/
WARNING 2025-07-23 03:40:48,803 log 18452 1588 Not Found: /api/services/services/1/
WARNING 2025-07-23 03:40:48,806 log 18452 1588 Not Found: /api/services/workers/3/
ERROR 2025-07-23 03:40:48,808 views 18452 1588 Error updating service for user user2@example.com: No Service matches the given query.
ERROR 2025-07-23 03:40:48,809 log 18452 1588 Internal Server Error: /api/services/services/1/
WARNING 2025-07-23 03:40:49,677 log 18452 1588 Method Not Allowed: /api/services/workers/
ERROR 2025-07-23 03:42:43,824 log 14224 32568 Internal Server Error: /api/services/records/
Traceback (most recent call last):
  File "C:\Users\andre\AppData\Local\Programs\Python\Python313\Lib\site-packages\django\core\handlers\exception.py", line 55, in inner
    response = get_response(request)
  File "C:\Users\andre\AppData\Local\Programs\Python\Python313\Lib\site-packages\django\core\handlers\base.py", line 197, in _get_response
    response = wrapped_callback(request, *callback_args, **callback_kwargs)
  File "C:\Users\andre\AppData\Local\Programs\Python\Python313\Lib\site-packages\django\views\decorators\csrf.py", line 65, in _view_wrapper
    return view_func(request, *args, **kwargs)
  File "C:\Users\andre\AppData\Local\Programs\Python\Python313\Lib\site-packages\django\views\generic\base.py", line 105, in view
    return self.dispatch(request, *args, **kwargs)
           ~~~~~~~~~~~~~^^^^^^^^^^^^^^^^^^^^^^^^^^
  File "C:\Users\andre\AppData\Local\Programs\Python\Python313\Lib\site-packages\rest_framework\views.py", line 509, in dispatch
    response = self.handle_exception(exc)
  File "C:\Users\andre\AppData\Local\Programs\Python\Python313\Lib\site-packages\rest_framework\views.py", line 469, in handle_exception
    self.raise_uncaught_exception(exc)
    ~~~~~~~~~~~~~~~~~~~~~~~~~~~~~^^^^^
  File "C:\Users\andre\AppData\Local\Programs\Python\Python313\Lib\site-packages\rest_framework\views.py", line 480, in raise_uncaught_exception
    raise exc
  File "C:\Users\andre\AppData\Local\Programs\Python\Python313\Lib\site-packages\rest_framework\views.py", line 506, in dispatch
    response = handler(request, *args, **kwargs)
  File "C:\Users\andre\AppData\Local\Programs\Python\Python313\Lib\site-packages\rest_framework\generics.py", line 203, in get
    return self.list(request, *args, **kwargs)
           ~~~~~~~~~^^^^^^^^^^^^^^^^^^^^^^^^^^
  File "C:\Users\andre\AppData\Local\Programs\Python\Python313\Lib\site-packages\rest_framework\mixins.py", line 46, in list
    return Response(serializer.data)
                    ^^^^^^^^^^^^^^^
  File "C:\Users\andre\AppData\Local\Programs\Python\Python313\Lib\site-packages\rest_framework\serializers.py", line 795, in data
    ret = super().data
          ^^^^^^^^^^^^
  File "C:\Users\andre\AppData\Local\Programs\Python\Python313\Lib\site-packages\rest_framework\serializers.py", line 249, in data
    self._data = self.to_representation(self.instance)
                 ~~~~~~~~~~~~~~~~~~~~~~^^^^^^^^^^^^^^^
  File "C:\Users\andre\AppData\Local\Programs\Python\Python313\Lib\site-packages\rest_framework\serializers.py", line 714, in to_representation
    self.child.to_representation(item) for item in iterable
    ~~~~~~~~~~~~~~~~~~~~~~~~~~~~^^^^^^
  File "C:\Users\andre\AppData\Local\Programs\Python\Python313\Lib\site-packages\rest_framework\serializers.py", line 523, in to_representation
    for field in fields:
                 ^^^^^^
  File "C:\Users\andre\AppData\Local\Programs\Python\Python313\Lib\site-packages\rest_framework\serializers.py", line 384, in _readable_fields
    for field in self.fields.values():
                 ^^^^^^^^^^^
  File "C:\Users\andre\AppData\Local\Programs\Python\Python313\Lib\site-packages\django\utils\functional.py", line 47, in __get__
    res = instance.__dict__[self.name] = self.func(instance)
                                         ~~~~~~~~~^^^^^^^^^^
  File "C:\Users\andre\AppData\Local\Programs\Python\Python313\Lib\site-packages\rest_framework\serializers.py", line 373, in fields
    fields[key] = value
    ~~~~~~^^^^^
  File "C:\Users\andre\AppData\Local\Programs\Python\Python313\Lib\site-packages\rest_framework\utils\serializer_helpers.py", line 167, in __setitem__
    field.bind(field_name=key, parent=self.serializer)
    ~~~~~~~~~~^^^^^^^^^^^^^^^^^^^^^^^^^^^^^^^^^^^^^^^^
  File "C:\Users\andre\AppData\Local\Programs\Python\Python313\Lib\site-packages\rest_framework\fields.py", line 358, in bind
    assert self.source != field_name, (
           ^^^^^^^^^^^^^^^^^^^^^^^^^
AssertionError: It is redundant to specify `source='remaining_balance'` on field 'DecimalField' in serializer 'ServiceRecordSerializer', because it is the same as the field name. Remove the `source` keyword argument.
WARNING 2025-07-23 03:42:44,687 log 14224 32568 Unauthorized: /api/services/services/
WARNING 2025-07-23 03:42:44,689 log 14224 32568 Unauthorized: /api/services/workers/
WARNING 2025-07-23 03:42:44,690 log 14224 32568 Unauthorized: /api/services/records/
WARNING 2025-07-23 03:42:44,690 log 14224 32568 Unauthorized: /api/services/dashboard/
WARNING 2025-07-23 03:42:45,549 log 14224 32568 Not Found: /api/services/services/1/
WARNING 2025-07-23 03:42:45,552 log 14224 32568 Not Found: /api/services/workers/3/
ERROR 2025-07-23 03:42:45,555 views 14224 32568 Error updating service for user user2@example.com: No Service matches the given query.
ERROR 2025-07-23 03:42:45,555 log 14224 32568 Internal Server Error: /api/services/services/1/
INFO 2025-07-23 03:43:07,543 autoreload 10948 32188 C:\Users\andre\Documents\Github_Projects\Metrilabs-metribooks\backend\services\serializers.py changed, reloading.
INFO 2025-07-23 03:43:08,101 autoreload 9020 32180 Watching for file changes with StatReloader
INFO 2025-07-23 03:43:43,248 autoreload 9020 32180 C:\Users\andre\Documents\Github_Projects\Metrilabs-metribooks\backend\services\serializers.py changed, reloading.
INFO 2025-07-23 03:43:43,793 autoreload 24944 7820 Watching for file changes with StatReloader
WARNING 2025-07-23 03:43:49,077 log 11868 6308 Unauthorized: /api/services/services/
WARNING 2025-07-23 03:43:49,079 log 11868 6308 Unauthorized: /api/services/workers/
WARNING 2025-07-23 03:43:49,079 log 11868 6308 Unauthorized: /api/services/records/
WARNING 2025-07-23 03:43:49,080 log 11868 6308 Unauthorized: /api/services/dashboard/
WARNING 2025-07-23 03:43:49,944 log 11868 6308 Not Found: /api/services/services/1/
WARNING 2025-07-23 03:43:49,946 log 11868 6308 Not Found: /api/services/workers/3/
ERROR 2025-07-23 03:43:49,949 views 11868 6308 Error updating service for user user2@example.com: No Service matches the given query.
ERROR 2025-07-23 03:43:49,950 log 11868 6308 Internal Server Error: /api/services/services/1/
WARNING 2025-07-23 03:45:41,869 log 25580 32320 Unauthorized: /api/services/services/
WARNING 2025-07-23 03:45:41,870 log 25580 32320 Unauthorized: /api/services/workers/
WARNING 2025-07-23 03:45:41,871 log 25580 32320 Unauthorized: /api/services/records/
WARNING 2025-07-23 03:45:41,873 log 25580 32320 Unauthorized: /api/services/dashboard/
WARNING 2025-07-23 03:45:42,725 log 25580 32320 Not Found: /api/services/services/1/
WARNING 2025-07-23 03:45:42,726 log 25580 32320 Not Found: /api/services/workers/3/
ERROR 2025-07-23 03:45:42,728 views 25580 32320 Error updating service for user user2@example.com: No Service matches the given query.
ERROR 2025-07-23 03:45:42,729 log 25580 32320 Internal Server Error: /api/services/services/1/
INFO 2025-07-23 03:48:00,476 autoreload 24944 7820 C:\Users\andre\Documents\Github_Projects\Metrilabs-metribooks\backend\services\views.py changed, reloading.
INFO 2025-07-23 03:48:01,020 autoreload 32620 27052 Watching for file changes with StatReloader
INFO 2025-07-23 03:48:27,828 autoreload 32620 27052 C:\Users\andre\Documents\Github_Projects\Metrilabs-metribooks\backend\services\views.py changed, reloading.
INFO 2025-07-23 03:48:28,340 autoreload 2716 31816 Watching for file changes with StatReloader
INFO 2025-07-23 03:48:49,918 autoreload 2716 31816 C:\Users\andre\Documents\Github_Projects\Metrilabs-metribooks\backend\services\views.py changed, reloading.
INFO 2025-07-23 03:48:50,500 autoreload 10200 19512 Watching for file changes with StatReloader
WARNING 2025-07-23 03:49:31,932 log 21572 6008 Unauthorized: /api/services/services/
WARNING 2025-07-23 03:49:31,933 log 21572 6008 Unauthorized: /api/services/workers/
WARNING 2025-07-23 03:49:31,934 log 21572 6008 Unauthorized: /api/services/records/
WARNING 2025-07-23 03:49:31,935 log 21572 6008 Unauthorized: /api/services/dashboard/
WARNING 2025-07-23 03:49:32,777 log 21572 6008 Not Found: /api/services/services/1/
WARNING 2025-07-23 03:49:32,779 log 21572 6008 Not Found: /api/services/workers/3/
WARNING 2025-07-23 03:49:32,782 log 21572 6008 Not Found: /api/services/services/1/
WARNING 2025-07-23 03:49:32,784 log 21572 6008 Not Found: /api/services/workers/3/
INFO 2025-07-23 03:50:06,291 autoreload 10200 19512 C:\Users\andre\Documents\Github_Projects\Metrilabs-metribooks\backend\services\serializers.py changed, reloading.
INFO 2025-07-23 03:50:06,855 autoreload 3564 31312 Watching for file changes with StatReloader
INFO 2025-07-23 03:50:26,333 autoreload 3564 31312 C:\Users\andre\Documents\Github_Projects\Metrilabs-metribooks\backend\services\serializers.py changed, reloading.
INFO 2025-07-23 03:50:26,888 autoreload 16688 21640 Watching for file changes with StatReloader
WARNING 2025-07-23 03:50:43,584 log 23104 19908 Unauthorized: /api/services/services/
WARNING 2025-07-23 03:50:43,585 log 23104 19908 Unauthorized: /api/services/workers/
WARNING 2025-07-23 03:50:43,586 log 23104 19908 Unauthorized: /api/services/records/
WARNING 2025-07-23 03:50:43,589 log 23104 19908 Unauthorized: /api/services/dashboard/
WARNING 2025-07-23 03:50:44,436 log 23104 19908 Not Found: /api/services/services/1/
WARNING 2025-07-23 03:50:44,438 log 23104 19908 Not Found: /api/services/workers/3/
WARNING 2025-07-23 03:50:44,441 log 23104 19908 Not Found: /api/services/services/1/
WARNING 2025-07-23 03:50:44,442 log 23104 19908 Not Found: /api/services/workers/3/
WARNING 2025-07-23 03:51:20,901 log 12924 31416 Not Found: /api/services/services/1/
WARNING 2025-07-23 03:51:22,632 log 12924 31416 Unauthorized: /api/services/services/
WARNING 2025-07-23 03:51:22,634 log 12924 31416 Unauthorized: /api/services/workers/
WARNING 2025-07-23 03:51:22,634 log 12924 31416 Unauthorized: /api/services/records/
WARNING 2025-07-23 03:51:22,636 log 12924 31416 Unauthorized: /api/services/dashboard/
WARNING 2025-07-23 03:51:23,497 log 12924 31416 Not Found: /api/services/services/1/
WARNING 2025-07-23 03:51:23,498 log 12924 31416 Not Found: /api/services/workers/3/
WARNING 2025-07-23 03:51:23,500 log 12924 31416 Not Found: /api/services/services/1/
WARNING 2025-07-23 03:51:23,502 log 12924 31416 Not Found: /api/services/workers/3/
INFO 2025-07-23 03:51:30,675 basehttp 16688 30104 "GET /admin/services/servicecategory/ HTTP/1.1" 200 16751
INFO 2025-07-23 03:51:30,729 basehttp 16688 30104 "GET /admin/jsi18n/ HTTP/1.1" 200 3342
INFO 2025-07-23 03:51:32,361 basehttp 16688 30104 "GET /admin/services/servicerecord/ HTTP/1.1" 200 19395
INFO 2025-07-23 03:51:32,399 basehttp 16688 30104 "GET /admin/jsi18n/ HTTP/1.1" 200 3342
INFO 2025-07-23 03:51:33,858 basehttp 16688 30104 "GET /admin/services/service/ HTTP/1.1" 200 18569
INFO 2025-07-23 03:51:33,891 basehttp 16688 30104 "GET /admin/jsi18n/ HTTP/1.1" 200 3342
INFO 2025-07-23 03:51:35,049 basehttp 16688 30104 "GET /admin/services/workerperformance/ HTTP/1.1" 200 17488
INFO 2025-07-23 03:51:35,078 basehttp 16688 30104 "GET /admin/jsi18n/ HTTP/1.1" 200 3342
INFO 2025-07-23 03:51:37,962 basehttp 16688 30104 "GET /admin/authentication/customuser/ HTTP/1.1" 200 22771
INFO 2025-07-23 03:51:37,990 basehttp 16688 30104 "GET /admin/jsi18n/ HTTP/1.1" 200 3342
INFO 2025-07-23 03:52:40,406 autoreload 16688 21640 C:\Users\andre\Documents\Github_Projects\Metrilabs-metribooks\backend\services\serializers.py changed, reloading.
INFO 2025-07-23 03:52:40,963 autoreload 32116 6052 Watching for file changes with StatReloader
WARNING 2025-07-23 03:52:44,271 log 30724 29284 Not Found: /api/services/services/1/
WARNING 2025-07-23 03:52:46,011 log 30724 29284 Unauthorized: /api/services/services/
WARNING 2025-07-23 03:52:46,012 log 30724 29284 Unauthorized: /api/services/workers/
WARNING 2025-07-23 03:52:46,013 log 30724 29284 Unauthorized: /api/services/records/
WARNING 2025-07-23 03:52:46,014 log 30724 29284 Unauthorized: /api/services/dashboard/
WARNING 2025-07-23 03:52:46,873 log 30724 29284 Not Found: /api/services/services/1/
WARNING 2025-07-23 03:52:46,876 log 30724 29284 Not Found: /api/services/workers/3/
WARNING 2025-07-23 03:52:46,878 log 30724 29284 Not Found: /api/services/services/1/
WARNING 2025-07-23 03:52:46,880 log 30724 29284 Not Found: /api/services/workers/3/
WARNING 2025-07-23 03:53:44,952 log 21116 3268 Not Found: /api/services/services/1/
WARNING 2025-07-23 03:53:46,725 log 21116 3268 Unauthorized: /api/services/services/
WARNING 2025-07-23 03:53:46,726 log 21116 3268 Unauthorized: /api/services/workers/
WARNING 2025-07-23 03:53:46,727 log 21116 3268 Unauthorized: /api/services/records/
WARNING 2025-07-23 03:53:46,728 log 21116 3268 Unauthorized: /api/services/dashboard/
WARNING 2025-07-23 03:53:47,610 log 21116 3268 Not Found: /api/services/services/1/
WARNING 2025-07-23 03:53:47,612 log 21116 3268 Not Found: /api/services/workers/3/
WARNING 2025-07-23 03:53:47,614 log 21116 3268 Not Found: /api/services/services/1/
WARNING 2025-07-23 03:53:47,616 log 21116 3268 Not Found: /api/services/workers/3/
INFO 2025-07-23 04:04:28,272 basehttp 32116 31400 "POST /admin/authentication/customuser/ HTTP/1.1" 200 15903
INFO 2025-07-23 04:04:28,321 basehttp 32116 31400 "GET /static/admin/js/cancel.js HTTP/1.1" 304 0
INFO 2025-07-23 04:04:45,292 basehttp 32116 31400 "GET /admin/authentication/customuser/ HTTP/1.1" 200 23400
INFO 2025-07-23 04:08:46,044 basehttp 32116 31400 "GET /admin/services/servicecategory/ HTTP/1.1" 200 25721
INFO 2025-07-23 04:08:46,080 basehttp 32116 31400 "GET /admin/jsi18n/ HTTP/1.1" 200 3342
INFO 2025-07-23 04:08:55,334 basehttp 32116 31400 "GET /admin/services/servicerecord/ HTTP/1.1" 200 23773
INFO 2025-07-23 04:08:55,372 basehttp 32116 31400 "GET /admin/jsi18n/ HTTP/1.1" 200 3342
INFO 2025-07-23 04:08:59,155 basehttp 32116 31400 "GET /admin/services/servicerecord/2/change/ HTTP/1.1" 200 37129
INFO 2025-07-23 04:08:59,183 basehttp 32116 30104 "GET /static/admin/js/admin/DateTimeShortcuts.js HTTP/1.1" 304 0
INFO 2025-07-23 04:08:59,183 basehttp 32116 17612 "GET /static/admin/js/calendar.js HTTP/1.1" 304 0
INFO 2025-07-23 04:08:59,186 basehttp 32116 31400 "GET /admin/jsi18n/ HTTP/1.1" 200 3342
INFO 2025-07-23 04:08:59,241 basehttp 32116 31400 "GET /static/admin/img/icon-calendar.svg HTTP/1.1" 304 0
INFO 2025-07-23 04:08:59,241 basehttp 32116 17612 "GET /static/admin/img/icon-clock.svg HTTP/1.1" 304 0
INFO 2025-07-23 04:09:09,760 basehttp 32116 17612 "GET /admin/services/service/ HTTP/1.1" 200 25893
INFO 2025-07-23 04:09:09,792 basehttp 32116 17612 "GET /admin/jsi18n/ HTTP/1.1" 200 3342
INFO 2025-07-23 04:09:26,493 basehttp 32116 17612 "GET /admin/services/service/18/change/ HTTP/1.1" 200 28613
INFO 2025-07-23 04:09:26,526 basehttp 32116 17612 "GET /admin/jsi18n/ HTTP/1.1" 200 3342
INFO 2025-07-23 04:09:32,447 basehttp 32116 17612 "GET /admin/services/workerperformance/ HTTP/1.1" 200 21140
INFO 2025-07-23 04:09:32,476 basehttp 32116 17612 "GET /admin/jsi18n/ HTTP/1.1" 200 3342
INFO 2025-07-23 04:09:40,834 basehttp 32116 17612 "GET /admin/services/workerperformance/2/change/ HTTP/1.1" 200 26848
INFO 2025-07-23 04:09:40,863 basehttp 32116 17612 "GET /admin/jsi18n/ HTTP/1.1" 200 3342
INFO 2025-07-23 04:09:47,947 basehttp 32116 17612 "GET /admin/services/worker/ HTTP/1.1" 200 23881
INFO 2025-07-23 04:09:47,980 basehttp 32116 17612 "GET /admin/jsi18n/ HTTP/1.1" 200 3342
INFO 2025-07-23 04:09:58,161 basehttp 32116 17612 "GET /admin/services/worker/8/change/ HTTP/1.1" 200 34187
INFO 2025-07-23 04:09:58,195 basehttp 32116 17612 "GET /admin/jsi18n/ HTTP/1.1" 200 3342
INFO 2025-07-23 04:09:58,235 basehttp 32116 31400 "GET /static/admin/img/icon-unknown.svg HTTP/1.1" 200 655
INFO 2025-07-23 04:10:14,384 basehttp 32116 31400 "GET /admin/inventory/stockmovement/ HTTP/1.1" 200 22628
INFO 2025-07-23 04:10:16,610 basehttp 32116 31400 "GET /admin/services/worker/ HTTP/1.1" 200 29558
INFO 2025-07-23 04:10:16,640 basehttp 32116 31400 "GET /admin/jsi18n/ HTTP/1.1" 200 3342
INFO 2025-07-23 04:10:23,851 basehttp 32116 31400 "GET /admin/services/worker/?is_owner__exact=1 HTTP/1.1" 200 26464
INFO 2025-07-23 04:10:23,882 basehttp 32116 31400 "GET /admin/jsi18n/ HTTP/1.1" 200 3342
INFO 2025-07-23 04:10:30,619 basehttp 32116 31400 "GET /admin/services/worker/19/change/?_changelist_filters=is_owner__exact%3D1 HTTP/1.1" 200 115305
INFO 2025-07-23 04:10:30,654 basehttp 32116 31400 "GET /admin/jsi18n/ HTTP/1.1" 200 3342
INFO 2025-07-23 04:10:39,091 basehttp 32116 31400 "GET /admin/services/workerperformance/ HTTP/1.1" 200 26370
INFO 2025-07-23 04:10:39,122 basehttp 32116 31400 "GET /admin/jsi18n/ HTTP/1.1" 200 3342
INFO 2025-07-23 04:10:54,578 basehttp 32116 31400 "GET /admin/services/service/ HTTP/1.1" 200 32953
INFO 2025-07-23 04:10:54,609 basehttp 32116 31400 "GET /admin/jsi18n/ HTTP/1.1" 200 3342
INFO 2025-07-23 04:11:01,860 basehttp 32116 17316 "GET /admin/services/service/32/change/ HTTP/1.1" 200 28763
INFO 2025-07-23 04:11:01,899 basehttp 32116 17316 "GET /admin/jsi18n/ HTTP/1.1" 200 3342
INFO 2025-07-23 04:11:13,716 basehttp 32116 17316 "GET /admin/services/service/ HTTP/1.1" 200 32953
INFO 2025-07-23 04:11:19,279 basehttp 32116 17316 "GET /admin/services/workerperformance/ HTTP/1.1" 200 26370
INFO 2025-07-23 04:11:19,312 basehttp 32116 17316 "GET /admin/jsi18n/ HTTP/1.1" 200 3342
INFO 2025-07-23 04:11:43,585 basehttp 32116 17316 "GET /admin/services/workerperformance/6/change/ HTTP/1.1" 200 27413
INFO 2025-07-23 04:11:43,610 basehttp 32116 17316 "GET /admin/jsi18n/ HTTP/1.1" 200 3342
INFO 2025-07-23 04:12:05,560 basehttp 32116 17316 "GET /admin/services/workerperformance/ HTTP/1.1" 200 26370
INFO 2025-07-23 04:12:09,604 basehttp 32116 17316 "GET /admin/services/service/ HTTP/1.1" 200 32953
INFO 2025-07-23 04:12:10,478 basehttp 32116 17316 "GET /admin/services/workerperformance/ HTTP/1.1" 200 26370
INFO 2025-07-23 04:12:45,283 basehttp 32116 17316 "GET /admin/services/worker/ HTTP/1.1" 200 29558
INFO 2025-07-23 04:12:45,331 basehttp 32116 17316 "GET /admin/jsi18n/ HTTP/1.1" 200 3342
INFO 2025-07-23 04:13:07,865 basehttp 32116 17316 "GET /admin/services/worker/?is_owner__exact=1 HTTP/1.1" 200 26464
INFO 2025-07-23 04:13:07,906 basehttp 32116 17316 "GET /admin/jsi18n/ HTTP/1.1" 200 3342
INFO 2025-07-23 04:13:10,928 basehttp 32116 17316 "GET /admin/services/worker/?is_owner__exact=0 HTTP/1.1" 200 27022
INFO 2025-07-23 04:13:10,961 basehttp 32116 17316 "GET /admin/jsi18n/ HTTP/1.1" 200 3342
INFO 2025-07-23 04:13:11,937 basehttp 32116 17316 "GET /admin/services/worker/? HTTP/1.1" 200 29558
INFO 2025-07-23 04:13:11,972 basehttp 32116 17316 "GET /admin/jsi18n/ HTTP/1.1" 200 3342
INFO 2025-07-23 04:13:16,897 basehttp 32116 17316 "GET /admin/services/workerperformance/ HTTP/1.1" 200 26370
INFO 2025-07-23 04:13:16,926 basehttp 32116 17316 "GET /admin/jsi18n/ HTTP/1.1" 200 3342
INFO 2025-07-23 04:33:39,345 autoreload 32116 6052 C:\Users\andre\Documents\Github_Projects\Metrilabs-metribooks\backend\backend\settings.py changed, reloading.
INFO 2025-07-23 04:33:40,054 autoreload 6008 31188 Watching for file changes with StatReloader
INFO 2025-07-23 04:33:53,284 autoreload 6008 31188 C:\Users\andre\Documents\Github_Projects\Metrilabs-metribooks\backend\backend\urls.py changed, reloading.
INFO 2025-07-23 04:33:53,885 autoreload 5600 32072 Watching for file changes with StatReloader
INFO 2025-07-23 04:34:24,955 autoreload 5600 32072 C:\Users\andre\Documents\Github_Projects\Metrilabs-metribooks\backend\backend\urls.py changed, reloading.
INFO 2025-07-23 04:34:25,611 autoreload 2716 26408 Watching for file changes with StatReloader
INFO 2025-07-23 04:35:31,202 autoreload 2716 26408 C:\Users\andre\Documents\Github_Projects\Metrilabs-metribooks\backend\sales\signals.py changed, reloading.
INFO 2025-07-23 04:35:31,780 autoreload 22244 17320 Watching for file changes with StatReloader
INFO 2025-07-23 04:35:57,567 autoreload 22244 17320 C:\Users\andre\Documents\Github_Projects\Metrilabs-metribooks\backend\sales\signals.py changed, reloading.
INFO 2025-07-23 04:35:58,230 autoreload 20240 1032 Watching for file changes with StatReloader
INFO 2025-07-23 04:43:16,039 autoreload 20240 1032 C:\Users\andre\Documents\Github_Projects\Metrilabs-metribooks\backend\sales\signals.py changed, reloading.
INFO 2025-07-23 04:43:16,714 autoreload 20720 32312 Watching for file changes with StatReloader
INFO 2025-07-23 04:43:25,823 autoreload 20720 32312 C:\Users\andre\Documents\Github_Projects\Metrilabs-metribooks\backend\sales\signals.py changed, reloading.
INFO 2025-07-23 04:43:26,412 autoreload 18872 15296 Watching for file changes with StatReloader
INFO 2025-07-23 04:43:43,876 autoreload 18872 15296 C:\Users\andre\Documents\Github_Projects\Metrilabs-metribooks\backend\sales\signals.py changed, reloading.
INFO 2025-07-23 04:43:44,541 autoreload 13776 6360 Watching for file changes with StatReloader
INFO 2025-07-23 04:43:54,767 autoreload 13776 6360 C:\Users\andre\Documents\Github_Projects\Metrilabs-metribooks\backend\sales\signals.py changed, reloading.
INFO 2025-07-23 04:43:55,378 autoreload 6304 10700 Watching for file changes with StatReloader
INFO 2025-07-23 04:44:27,497 autoreload 6304 10700 C:\Users\andre\Documents\Github_Projects\Metrilabs-metribooks\backend\sales\signals.py changed, reloading.
INFO 2025-07-23 04:44:28,168 autoreload 26100 12572 Watching for file changes with StatReloader
INFO 2025-07-23 04:50:46,181 autoreload 26100 12572 C:\Users\andre\Documents\Github_Projects\Metrilabs-metribooks\backend\sales\models.py changed, reloading.
INFO 2025-07-23 04:50:46,796 autoreload 33216 2376 Watching for file changes with StatReloader
INFO 2025-07-23 04:56:07,135 autoreload 33216 2376 C:\Users\andre\Documents\Github_Projects\Metrilabs-metribooks\backend\sales\signals.py changed, reloading.
INFO 2025-07-23 04:56:07,859 autoreload 25620 12548 Watching for file changes with StatReloader
INFO 2025-07-23 04:56:24,253 autoreload 25620 12548 C:\Users\andre\Documents\Github_Projects\Metrilabs-metribooks\backend\sales\signals.py changed, reloading.
INFO 2025-07-23 04:56:24,866 autoreload 22084 1580 Watching for file changes with StatReloader
INFO 2025-07-23 04:56:40,300 autoreload 22084 1580 C:\Users\andre\Documents\Github_Projects\Metrilabs-metribooks\backend\sales\signals.py changed, reloading.
INFO 2025-07-23 04:56:40,948 autoreload 25996 11576 Watching for file changes with StatReloader
INFO 2025-07-23 04:56:51,104 autoreload 25996 11576 C:\Users\andre\Documents\Github_Projects\Metrilabs-metribooks\backend\sales\models.py changed, reloading.
INFO 2025-07-23 04:56:51,852 autoreload 4756 33188 Watching for file changes with StatReloader
WARNING 2025-07-23 05:01:59,649 log 15520 26376 Unauthorized: /api/inventory/products/
WARNING 2025-07-23 05:02:03,138 log 15520 26376 Not Found: /api/inventory/products/2/
WARNING 2025-07-23 05:02:08,403 log 15520 26376 Bad Request: /api/inventory/products/1/adjust-stock/
WARNING 2025-07-23 05:02:30,935 log 15520 26376 Not Found: /api/services/services/1/
WARNING 2025-07-23 05:02:32,674 log 15520 26376 Unauthorized: /api/services/services/
WARNING 2025-07-23 05:02:32,675 log 15520 26376 Unauthorized: /api/services/workers/
WARNING 2025-07-23 05:02:32,677 log 15520 26376 Unauthorized: /api/services/records/
WARNING 2025-07-23 05:02:32,678 log 15520 26376 Unauthorized: /api/services/dashboard/
WARNING 2025-07-23 05:02:33,525 log 15520 26376 Not Found: /api/services/services/1/
WARNING 2025-07-23 05:02:33,528 log 15520 26376 Not Found: /api/services/workers/3/
WARNING 2025-07-23 05:02:33,530 log 15520 26376 Not Found: /api/services/services/1/
WARNING 2025-07-23 05:02:33,532 log 15520 26376 Not Found: /api/services/workers/3/
INFO 2025-07-23 05:04:35,858 basehttp 4756 28332 "GET /admin/services/workerperformance/ HTTP/1.1" 200 28104
INFO 2025-07-23 05:04:35,898 basehttp 4756 28332 "GET /admin/jsi18n/ HTTP/1.1" 200 3342
INFO 2025-07-23 05:04:38,425 basehttp 4756 28332 "GET /admin/sales/saleitem/ HTTP/1.1" 200 20412
INFO 2025-07-23 05:04:38,465 basehttp 4756 28332 "GET /admin/jsi18n/ HTTP/1.1" 200 3342
INFO 2025-07-23 05:04:41,439 basehttp 4756 28332 "GET /admin/sales/sale/ HTTP/1.1" 200 21462
INFO 2025-07-23 05:04:41,469 basehttp 4756 28332 "GET /admin/jsi18n/ HTTP/1.1" 200 3342
INFO 2025-07-23 05:04:43,393 basehttp 4756 28332 "GET /admin/sales/salesreport/ HTTP/1.1" 200 20743
INFO 2025-07-23 05:04:43,423 basehttp 4756 28332 "GET /admin/jsi18n/ HTTP/1.1" 200 3342
ERROR 2025-07-23 05:04:49,607 views 32264 6580 Error creating sale for user testuser@example.com: 'Product' object has no attribute 'track_inventory'
WARNING 2025-07-23 05:04:49,609 log 32264 6580 Bad Request: /api/sales/sales/create/
ERROR 2025-07-23 05:04:52,187 views 32264 6580 Error creating sale for user testuser@example.com: 'Product' object has no attribute 'track_inventory'
WARNING 2025-07-23 05:04:52,188 log 32264 6580 Bad Request: /api/sales/sales/create/
WARNING 2025-07-23 05:04:53,065 log 32264 6580 Bad Request: /api/sales/sales/3eea5ba3-0bc4-4d86-919b-3cba48b70d53/
WARNING 2025-07-23 05:04:57,421 log 32264 6580 Unauthorized: /api/sales/sales/
WARNING 2025-07-23 05:04:57,423 log 32264 6580 Unauthorized: /api/sales/sales/create/
INFO 2025-07-23 05:06:39,016 autoreload 4756 33188 C:\Users\andre\Documents\Github_Projects\Metrilabs-metribooks\backend\sales\views.py changed, reloading.
INFO 2025-07-23 05:06:39,648 autoreload 25112 14120 Watching for file changes with StatReloader
INFO 2025-07-23 05:07:33,478 autoreload 25112 14120 C:\Users\andre\Documents\Github_Projects\Metrilabs-metribooks\backend\sales\views.py changed, reloading.
INFO 2025-07-23 05:07:34,102 autoreload 13444 9336 Watching for file changes with StatReloader
INFO 2025-07-23 05:07:55,722 autoreload 13444 9336 C:\Users\andre\Documents\Github_Projects\Metrilabs-metribooks\backend\sales\views.py changed, reloading.
INFO 2025-07-23 05:07:56,305 autoreload 14632 22932 Watching for file changes with StatReloader
INFO 2025-07-23 05:09:59,439 basehttp 14632 21880 "GET /admin/django_db_logger/statuslog/ HTTP/1.1" 200 80733
INFO 2025-07-23 05:09:59,490 basehttp 14632 21880 "GET /admin/jsi18n/ HTTP/1.1" 200 3342
INFO 2025-07-23 05:10:20,306 basehttp 14632 21880 "POST /admin/django_db_logger/statuslog/ HTTP/1.1" 200 204180
INFO 2025-07-23 05:10:24,485 basehttp 14632 21880 "POST /admin/django_db_logger/statuslog/ HTTP/1.1" 302 0
INFO 2025-07-23 05:10:24,506 basehttp 14632 21880 "GET /admin/django_db_logger/statuslog/ HTTP/1.1" 200 23439
INFO 2025-07-23 05:10:24,538 basehttp 14632 21880 "GET /admin/jsi18n/ HTTP/1.1" 200 3342
ERROR 2025-07-23 05:10:45,371 views 22700 16604 Error creating sale for user testuser@example.com: 'Product' object has no attribute 'track_inventory'
WARNING 2025-07-23 05:10:45,373 log 22700 16604 Bad Request: /api/sales/sales/create/
ERROR 2025-07-23 05:10:48,152 views 22700 16604 Error creating sale for user testuser@example.com: 'Product' object has no attribute 'track_inventory'
WARNING 2025-07-23 05:10:48,153 log 22700 16604 Bad Request: /api/sales/sales/create/
WARNING 2025-07-23 05:10:49,015 log 22700 16604 Bad Request: /api/sales/sales/cb437c59-1446-4ae1-9615-8194fcc7d759/
WARNING 2025-07-23 05:10:53,316 log 22700 16604 Unauthorized: /api/sales/sales/
WARNING 2025-07-23 05:10:53,317 log 22700 16604 Unauthorized: /api/sales/sales/create/
WARNING 2025-07-23 05:10:54,209 log 22700 16604 Not Found: /api/sales/sales/408b8b14-83d5-4756-abc7-7620428580cf/
INFO 2025-07-23 05:11:16,380 autoreload 14632 22932 C:\Users\andre\Documents\Github_Projects\Metrilabs-metribooks\backend\sales\serializers.py changed, reloading.
INFO 2025-07-23 05:11:16,954 autoreload 11108 15124 Watching for file changes with StatReloader
INFO 2025-07-23 05:11:45,854 autoreload 11108 15124 C:\Users\andre\Documents\Github_Projects\Metrilabs-metribooks\backend\sales\serializers.py changed, reloading.
INFO 2025-07-23 05:11:46,402 autoreload 19592 31152 Watching for file changes with StatReloader
INFO 2025-07-23 05:11:57,530 autoreload 19592 31152 C:\Users\andre\Documents\Github_Projects\Metrilabs-metribooks\backend\sales\serializers.py changed, reloading.
INFO 2025-07-23 05:11:58,108 autoreload 33500 33516 Watching for file changes with StatReloader
ERROR 2025-07-23 05:12:36,710 log 436 26968 Invalid HTTP_HOST header: 'testserver'. You may need to add 'testserver' to ALLOWED_HOSTS.
Traceback (most recent call last):
  File "C:\Users\andre\AppData\Local\Programs\Python\Python313\Lib\site-packages\django\core\handlers\exception.py", line 55, in inner
    response = get_response(request)
  File "C:\Users\andre\AppData\Local\Programs\Python\Python313\Lib\site-packages\django\utils\deprecation.py", line 119, in __call__
    response = self.process_request(request)
  File "C:\Users\andre\AppData\Local\Programs\Python\Python313\Lib\site-packages\django\middleware\common.py", line 48, in process_request
    host = request.get_host()
  File "C:\Users\andre\AppData\Local\Programs\Python\Python313\Lib\site-packages\django\http\request.py", line 202, in get_host
    raise DisallowedHost(msg)
django.core.exceptions.DisallowedHost: Invalid HTTP_HOST header: 'testserver'. You may need to add 'testserver' to ALLOWED_HOSTS.
WARNING 2025-07-23 05:13:55,270 log 5880 31268 Unauthorized: /api/inventory/products/
WARNING 2025-07-23 05:13:58,783 log 5880 31268 Not Found: /api/inventory/products/2/
WARNING 2025-07-23 05:14:04,059 log 5880 31268 Bad Request: /api/inventory/products/1/adjust-stock/
WARNING 2025-07-23 05:14:12,258 log 5880 31268 Bad Request: /api/sales/sales/5fcb6e45-4386-4cdf-8724-96db0be74234/
WARNING 2025-07-23 05:14:16,563 log 5880 31268 Unauthorized: /api/sales/sales/
WARNING 2025-07-23 05:14:16,565 log 5880 31268 Unauthorized: /api/sales/sales/create/
WARNING 2025-07-23 05:14:17,436 log 5880 31268 Not Found: /api/sales/sales/c9f41f7c-7745-48c6-ab13-bc829a40aa0a/
WARNING 2025-07-23 05:14:26,516 log 5880 31268 Not Found: /api/services/services/1/
WARNING 2025-07-23 05:14:28,258 log 5880 31268 Unauthorized: /api/services/services/
WARNING 2025-07-23 05:14:28,259 log 5880 31268 Unauthorized: /api/services/workers/
WARNING 2025-07-23 05:14:28,260 log 5880 31268 Unauthorized: /api/services/records/
WARNING 2025-07-23 05:14:28,260 log 5880 31268 Unauthorized: /api/services/dashboard/
WARNING 2025-07-23 05:14:29,121 log 5880 31268 Not Found: /api/services/services/1/
WARNING 2025-07-23 05:14:29,124 log 5880 31268 Not Found: /api/services/workers/3/
WARNING 2025-07-23 05:14:29,125 log 5880 31268 Not Found: /api/services/services/1/
WARNING 2025-07-23 05:14:29,127 log 5880 31268 Not Found: /api/services/workers/3/
INFO 2025-07-23 05:19:43,132 autoreload 33500 33516 C:\Users\andre\Documents\Github_Projects\Metrilabs-metribooks\backend\sales\serializers.py changed, reloading.
INFO 2025-07-23 05:19:43,715 autoreload 31748 18292 Watching for file changes with StatReloader
INFO 2025-07-23 05:20:30,480 autoreload 31748 18292 C:\Users\andre\Documents\Github_Projects\Metrilabs-metribooks\backend\sales\serializers.py changed, reloading.
INFO 2025-07-23 05:20:31,068 autoreload 22388 2632 Watching for file changes with StatReloader
ERROR 2025-07-23 05:20:33,578 views 33136 25156 Error creating sale for user testuser@example.com: {'sale_number': [ErrorDetail(string='This field is required.', code='required')]}
WARNING 2025-07-23 05:20:33,580 log 33136 25156 Bad Request: /api/sales/sales/create/
ERROR 2025-07-23 05:20:34,460 views 33136 25156 Error creating sale for user testuser@example.com: {'sale_number': [ErrorDetail(string='This field is required.', code='required')]}
WARNING 2025-07-23 05:20:34,460 log 33136 25156 Bad Request: /api/sales/sales/create/
ERROR 2025-07-23 05:20:36,225 views 33136 25156 Error creating sale for user testuser@example.com: {'sale_number': [ErrorDetail(string='This field is required.', code='required')]}
WARNING 2025-07-23 05:20:36,225 log 33136 25156 Bad Request: /api/sales/sales/create/
WARNING 2025-07-23 05:20:41,397 log 33136 25156 Unauthorized: /api/sales/sales/
WARNING 2025-07-23 05:20:41,398 log 33136 25156 Unauthorized: /api/sales/sales/create/
WARNING 2025-07-23 05:20:42,255 log 33136 25156 Not Found: /api/sales/sales/d9f4d213-40fb-470f-814e-a6d0bc26462b/
INFO 2025-07-23 05:21:06,397 autoreload 22388 2632 C:\Users\andre\Documents\Github_Projects\Metrilabs-metribooks\backend\sales\serializers.py changed, reloading.
INFO 2025-07-23 05:21:06,950 autoreload 11844 11916 Watching for file changes with StatReloader
INFO 2025-07-23 05:21:14,971 autoreload 11844 11916 C:\Users\andre\Documents\Github_Projects\Metrilabs-metribooks\backend\sales\serializers.py changed, reloading.
INFO 2025-07-23 05:21:15,579 autoreload 15420 1968 Watching for file changes with StatReloader
WARNING 2025-07-23 05:21:25,732 log 9600 21256 Unauthorized: /api/sales/sales/
WARNING 2025-07-23 05:21:25,733 log 9600 21256 Unauthorized: /api/sales/sales/create/
WARNING 2025-07-23 05:21:26,595 log 9600 21256 Not Found: /api/sales/sales/31e5119c-9596-48cb-a03d-b42324d1ee42/
WARNING 2025-07-23 05:23:21,547 log 31652 31508 Unauthorized: /api/sales/sales/
WARNING 2025-07-23 05:23:21,550 log 31652 31508 Unauthorized: /api/sales/sales/create/
WARNING 2025-07-23 05:23:22,402 log 31652 31508 Not Found: /api/sales/sales/54dcf7e5-f054-4b9a-bf81-2782878ba9b1/
WARNING 2025-07-23 05:23:35,723 log 31764 31360 Unauthorized: /api/inventory/products/
WARNING 2025-07-23 05:23:39,159 log 31764 31360 Not Found: /api/inventory/products/2/
WARNING 2025-07-23 05:23:44,340 log 31764 31360 Bad Request: /api/inventory/products/1/adjust-stock/
WARNING 2025-07-23 05:23:57,105 log 31764 31360 Unauthorized: /api/sales/sales/
WARNING 2025-07-23 05:23:57,107 log 31764 31360 Unauthorized: /api/sales/sales/create/
WARNING 2025-07-23 05:23:57,951 log 31764 31360 Not Found: /api/sales/sales/394df70c-6e80-4acc-8040-2a092ea711dd/
WARNING 2025-07-23 05:24:06,911 log 31764 31360 Not Found: /api/services/services/1/
WARNING 2025-07-23 05:24:08,624 log 31764 31360 Unauthorized: /api/services/services/
WARNING 2025-07-23 05:24:08,625 log 31764 31360 Unauthorized: /api/services/workers/
WARNING 2025-07-23 05:24:08,626 log 31764 31360 Unauthorized: /api/services/records/
WARNING 2025-07-23 05:24:08,627 log 31764 31360 Unauthorized: /api/services/dashboard/
WARNING 2025-07-23 05:24:09,475 log 31764 31360 Not Found: /api/services/services/1/
WARNING 2025-07-23 05:24:09,478 log 31764 31360 Not Found: /api/services/workers/3/
WARNING 2025-07-23 05:24:09,483 log 31764 31360 Not Found: /api/services/services/1/
WARNING 2025-07-23 05:24:09,485 log 31764 31360 Not Found: /api/services/workers/3/
